#
# A fatal error has been detected by the Java Runtime Environment:
#
#  EXCEPTION_ILLEGAL_INSTRUCTION (0xc000001d) at pc=0x0000029d679259d0, pid=11784, tid=16500
#
# JRE version: OpenJDK Runtime Environment (11.0.13) (build 11.0.13+0-b1751.21-8125866)
# Java VM: OpenJDK 64-Bit Server VM (11.0.13+0-b1751.21-8125866, mixed mode, tiered, compressed oops, g1 gc, windows-amd64)
# Problematic frame:
# J 14284 c2 org.gradle.internal.component.model.ComponentAttributeMatcher.match(Lorg/gradle/internal/component/model/AttributeSelectionSchema;Ljava/util/Collection;Lorg/gradle/api/internal/attributes/AttributeContainerInternal;Lorg/gradle/api/attributes/HasAttributes;Lorg/gradle/internal/component/model/AttributeMatchingExplanationBuilder;)Ljava/util/List; (259 bytes) @ 0x0000029d679259d0 [0x0000029d679242c0+0x0000000000001710]
#
# No core dump will be written. Minidumps are not enabled by default on client versions of Windows
#
# If you would like to submit a bug report, please visit:
#   https://bugreport.java.com/bugreport/crash.jsp
#

---------------  S U M M A R Y ------------

Command Line: --add-opens=java.base/java.util=ALL-UNNAMED --add-opens=java.base/java.lang=ALL-UNNAMED --add-opens=java.base/java.lang.invoke=ALL-UNNAMED --add-opens=java.base/java.util=ALL-UNNAMED --add-opens=java.prefs/java.util.prefs=ALL-UNNAMED --add-opens=java.prefs/java.util.prefs=ALL-UNNAMED --add-opens=java.base/java.nio.charset=ALL-UNNAMED --add-opens=java.base/java.net=ALL-UNNAMED --add-opens=java.base/java.util.concurrent.atomic=ALL-UNNAMED -Xmx2048m -Dfile.encoding=UTF-8 -Duser.country=PL -Duser.language=pl -Duser.variant org.gradle.launcher.daemon.bootstrap.GradleDaemon 7.4

Host: Intel(R) Core(TM) i7-4790 CPU @ 3.60GHz, 8 cores, 15G,  Windows 11 , 64 bit Build 22000 (10.0.22000.708)
Time: Mon Sep 26 12:03:39 2022 Œrodkowoeuropejski czas letni elapsed time: 1573.304520 seconds (0d 0h 26m 13s)

---------------  T H R E A D  ---------------

Current thread (0x0000029d01e80000):  JavaThread "included builds" [_thread_in_Java, id=16500, stack(0x000000ef86800000,0x000000ef86900000)]

Stack: [0x000000ef86800000,0x000000ef86900000],  sp=0x000000ef868f8340,  free space=992k
Native frames: (J=compiled Java code, j=interpreted, Vv=VM code, C=native code)
C  0x0000029d679259d0


siginfo: EXCEPTION_ILLEGAL_INSTRUCTION (0xc000001d)


Register to memory mapping:

RIP=0x0000029d679259d0 is at entry_point+5904 in (nmethod*)0x0000029d67923a90
RAX=0x000000008d795b68 is an oop: org.gradle.internal.component.model.DefaultCompatibilityCheckResult 
{0x000000008d795b68} - klass: 'org/gradle/internal/component/model/DefaultCompatibilityCheckResult'
RBX={method} {0x0000029d75e75e18} 'equals' '(Ljava/lang/Object;)Z' in 'java/lang/String'
RCX=0x000000000000000a is an unknown value
RDX=0x000000008513c008 is an oop: org.gradle.internal.action.InstantiatingAction 
{0x000000008513c008} - klass: 'org/gradle/internal/action/InstantiatingAction'
RSP=0x000000ef868f8340 is pointing into the stack for thread: 0x0000029d01e80000
RBP=0x000000008513bfb8 is an oop: java.util.ArrayList 
{0x000000008513bfb8} - klass: 'java/util/ArrayList'
RSI=0x0000000100401230 is a pointer to class: 
org.gradle.internal.action.InstantiatingAction {0x0000000100401238}
RDI=0x0000029d7b35ebc8 is pointing into metadata
R8 =0x0000000000000001 is an unknown value
R9 =0x000000008513c050 is an oop: org.gradle.internal.action.DefaultConfigurableRule 
{0x000000008513c050} - klass: 'org/gradle/internal/action/DefaultConfigurableRule'
R10=0x000000008193b9d0 is an oop: org.gradle.internal.Actions$NullAction 
{0x000000008193b9d0} - klass: 'org/gradle/internal/Actions$NullAction'
R11=0x000000008513c090 is an oop: [Lorg.gradle.api.Action; 
{0x000000008513c090} - klass: 'org/gradle/api/Action'[]
 - length: 1
R12=0x0 is NULL
R13=0x0000000081afa360 is an oop: java.lang.String 
{0x0000000081afa360} - klass: 'java/lang/String'
R14=0x000000008513bf38 is an oop: java.util.HashMap$Node 
{0x000000008513bf38} - klass: 'java/util/HashMap$Node'
R15=0x0000029d01e80000 is a thread


Registers:
RAX=0x000000008d795b68, RBX=0x0000029d75e75e10, RCX=0x000000000000000a, RDX=0x000000008513c008
RSP=0x000000ef868f8340, RBP=0x000000008513bfb8, RSI=0x0000000100401230, RDI=0x0000029d7b35ebc8
R8 =0x0000000000000001, R9 =0x000000008513c050, R10=0x000000008193b9d0, R11=0x000000008513c090
R12=0x0000000000000000, R13=0x0000000081afa360, R14=0x000000008513bf38, R15=0x0000029d01e80000
RIP=0x0000029d679259d0, EFLAGS=0x0000000000010202

Top of Stack: (sp=0x000000ef868f8340)
0x000000ef868f8340:   0000000000000000 0000029d7a6efac0
0x000000ef868f8350:   000000008095e410 00003eebb51e6df7
0x000000ef868f8360:   2002cf52868f86c0 000000008503e0a8
0x000000ef868f8370:   0000000080972c08 000000008d795b28
0x000000ef868f8380:   000000008d795928 000000008503e0a8
0x000000ef868f8390:   0000000082302dd0 000000008d795b50
0x000000ef868f83a0:   000000008d795b10 000000008fa3c8e8
0x000000ef868f83b0:   0000000000000000 000000008fa3c8e8
0x000000ef868f83c0:   0000000082125920 0000000083687fb8
0x000000ef868f83d0:   000000008d795b10 0000000080036300
0x000000ef868f83e0:   000000008513c008 0000029d00000001
0x000000ef868f83f0:   000000008d795b68 00007ff8385c7535
0x000000ef868f8400:   000000018513c050 000000015f4ba240
0x000000ef868f8410:   000000008513bfb8 000000008d795928
0x000000ef868f8420:   000000ef868f8420 0000029d035f2de9
0x000000ef868f8430:   000000ef868f8478 0000029d035f3800 

Instructions: (pc=0x0000029d679259d0)
0x0000029d679258d0:   01 00 00 44 3b d9 0f 8d 24 4e 00 00 4c 8b 9c 24
0x0000029d679258e0:   d0 00 00 00 45 8b 43 14 41 8b 48 0c 44 8b 8c 24
0x0000029d679258f0:   14 01 00 00 44 3b c9 0f 8d 97 4e 00 00 44 8b 94
0x0000029d67925900:   24 14 01 00 00 41 ff c2 44 89 94 24 c4 00 00 00
0x0000029d67925910:   44 3b c9 0f 83 03 40 00 00 47 8b 44 88 10 45 8b
0x0000029d67925920:   50 08 48 be 00 00 00 00 00 00 00 00 4a 8d 34 d6
0x0000029d67925930:   4c 8b 56 20 49 bb 40 6a 09 00 01 00 00 00 4d 3b
0x0000029d67925940:   d3 0f 85 49 0f 00 00 49 8b d0 44 8b 52 08 41 81
0x0000029d67925950:   fa 46 02 08 20 0f 85 61 28 00 00 48 89 94 24 a0
0x0000029d67925960:   00 00 00 44 8b 5a 0c 45 8b 53 08 41 81 fa 2c 05
0x0000029d67925970:   08 20 0f 85 34 40 00 00 4d 8b d3 45 8b 5a 10 45
0x0000029d67925980:   8b 43 08 41 81 f8 08 30 03 20 0f 85 bc 40 00 00
0x0000029d67925990:   4d 8b d3 45 8b 52 0c 44 89 94 24 c0 00 00 00 45
0x0000029d679259a0:   8b 52 08 41 81 fa 8f 02 08 20 0f 85 48 7f 00 00
0x0000029d679259b0:   44 8b 5a 18 44 8b 94 24 c0 00 00 00 4d 8b ca 45
0x0000029d679259c0:   8b 43 0c 45 85 c0 0f 86 20 41 00 00 45 8b 53 10
0x0000029d679259d0:   45 8d d2 0f 84 26 0f 00 00 45 8b 5a 08 48 be 00
0x0000029d679259e0:   00 00 00 00 00 00 00 4a 8d 34 de 4c 8b 5e 20 49
0x0000029d679259f0:   b8 30 0e 40 00 01 00 00 00 4d 3b d8 0f 85 ce 0e
0x0000029d67925a00:   00 00 49 8b d2 44 8b 5a 08 41 81 fb d6 93 13 20
0x0000029d67925a10:   0f 85 36 17 00 00 4c 8b 94 24 b0 00 00 00 45 8b
0x0000029d67925a20:   42 14 45 8b 58 08 41 81 fb 01 03 00 20 0f 85 4d
0x0000029d67925a30:   80 00 00 45 8b 52 10 4d 8b d8 45 8b 42 08 41 81
0x0000029d67925a40:   f8 01 03 00 20 0f 85 d5 80 00 00 4d 3b d3 0f 84
0x0000029d67925a50:   47 41 00 00 45 0f be 43 14 45 0f be 4a 14 45 3b
0x0000029d67925a60:   c8 0f 85 b1 48 00 00 45 85 c9 0f 85 60 49 00 00
0x0000029d67925a70:   45 8b 43 0c 41 8b 5a 0c 41 8b 78 0c 48 8b cb 48
0x0000029d67925a80:   8d 53 10 8b 6b 0c 3b ef 0f 85 d0 00 00 00 49 8b
0x0000029d67925a90:   c8 49 8d 70 10 48 8b fa 8b cd 85 c9 0f 84 a3 00
0x0000029d67925aa0:   00 00 8b c1 83 e0 1f 83 e1 e0 0f 84 4b 00 00 00
0x0000029d67925ab0:   48 8d 3c 0f 48 8d 34 0e 48 f7 d9 c5 fe 6f 04 0f
0x0000029d67925ac0:   c5 fe 6f 0c 0e c5 fd ef c1 c4 e2 7d 17 c0 0f 85 


Stack slot to memory mapping:
stack at sp + 0 slots: 0x0 is NULL
stack at sp + 1 slots: 0x0000029d7a6efac0 points into unknown readable memory: 0x0065005f00730068 | 68 00 73 00 5f 00 65 00
stack at sp + 2 slots: 0x000000008095e410 is an oop: java.io.WinNTFileSystem 
{0x000000008095e410} - klass: 'java/io/WinNTFileSystem'
stack at sp + 3 slots: 0x00003eebb51e6df7 is an unknown value
stack at sp + 4 slots: 0x2002cf52868f86c0 is an unknown value
stack at sp + 5 slots: 0x000000008503e0a8 is an oop: org.gradle.api.internal.attributes.DefaultImmutableAttributes 
{0x000000008503e0a8} - klass: 'org/gradle/api/internal/attributes/DefaultImmutableAttributes'
stack at sp + 6 slots: 0x0000000080972c08 is an oop: com.google.common.collect.RegularImmutableList 
{0x0000000080972c08} - klass: 'com/google/common/collect/RegularImmutableList'
stack at sp + 7 slots: 0x000000008d795b28 is an oop: java.util.Collections$SingletonSet 
{0x000000008d795b28} - klass: 'java/util/Collections$SingletonSet'



---------------  P R O C E S S  ---------------

Threads class SMR info:
_java_thread_list=0x0000029d7c456e60, length=139, elements={
0x0000029d5b98e000, 0x0000029d7669f000, 0x0000029d766a9000, 0x0000029d766c6800,
0x0000029d766c8800, 0x0000029d766cc000, 0x0000029d766ce000, 0x0000029d76716800,
0x0000029d7671d000, 0x0000029d76877000, 0x0000029d794a9000, 0x0000029d78d07800,
0x0000029d78d81800, 0x0000029d78ccf000, 0x0000029d78cd0800, 0x0000029d78cd1800,
0x0000029d78cd3000, 0x0000029d78cce800, 0x0000029d79e71800, 0x0000029d79e72800,
0x0000029d79e6e800, 0x0000029d79e73800, 0x0000029d79e74000, 0x0000029d7d645000,
0x0000029d7d64b800, 0x0000029d7d645800, 0x0000029d7d64c000, 0x0000029d7d64d000,
0x0000029d7d2fe800, 0x0000029d7d300800, 0x0000029d01b4f000, 0x0000029d7ed83000,
0x0000029d7ed78800, 0x0000029d7ed79000, 0x0000029d7ed7c800, 0x0000029d7ed7a000,
0x0000029d7ed7b800, 0x0000029d7ed7b000, 0x0000029d7ed76800, 0x0000029d7ed7d000,
0x0000029d7ed77800, 0x0000029d7ed82000, 0x0000029d7ed81800, 0x0000029d7d977800,
0x0000029d776a2000, 0x0000029d7ed80800, 0x0000029d7ed84000, 0x0000029d7ed7e000,
0x0000029d7ed84800, 0x0000029d7ed7f000, 0x0000029d7ed85800, 0x0000029d7ed7f800,
0x0000029d01b50000, 0x0000029d01b4c000, 0x0000029d01b4d800, 0x0000029d01b52800,
0x0000029d01b4e000, 0x0000029d01b50800, 0x0000029d01b51800, 0x0000029d01b4c800,
0x0000029d01b54000, 0x0000029d01b56800, 0x0000029d01b55800, 0x0000029d01b57000,
0x0000029d01b53000, 0x0000029d01b54800, 0x0000029d01b58000, 0x0000029d01b59800,
0x0000029d01b59000, 0x0000029d01b5a800, 0x0000029d7d2ff800, 0x0000029d7d2fa800,
0x0000029d7d301000, 0x0000029d7d2fc000, 0x0000029d7d2fb800, 0x0000029d7d302000,
0x0000029d7d303000, 0x0000029d7d2fd000, 0x0000029d7d303800, 0x0000029d7d307800,
0x0000029d7d306000, 0x0000029d7d307000, 0x0000029d7d308800, 0x0000029d7d304800,
0x0000029d7d309800, 0x0000029d7d305000, 0x0000029d7d643000, 0x0000029d7d644000,
0x0000029d7d641800, 0x0000029d7d642800, 0x0000029d7d63e800, 0x0000029d7d63f000,
0x0000029d7d640000, 0x0000029d7d646800, 0x0000029d7d640800, 0x0000029d7d647800,
0x0000029d7d649000, 0x0000029d7d648000, 0x0000029d7d649800, 0x0000029d7d64a800,
0x0000029d79e6d800, 0x0000029d79e77800, 0x0000029d79e7a000, 0x0000029d79e76800,
0x0000029d79e78800, 0x0000029d79e76000, 0x0000029d79e75000, 0x0000029d79e79000,
0x0000029d79e7a800, 0x0000029d79e7b800, 0x0000029d79e7c800, 0x0000029d78cd4000,
0x0000029d78cd5000, 0x0000029d78cd2800, 0x0000029d78cd0000, 0x0000029d01e79000,
0x0000029d01e7a800, 0x0000029d01e75800, 0x0000029d01e79800, 0x0000029d01e77000,
0x0000029d01e75000, 0x0000029d01e7c000, 0x0000029d01e78000, 0x0000029d01e7b800,
0x0000029d01e76800, 0x0000029d01e7f800, 0x0000029d01e7e800, 0x0000029d01e82000,
0x0000029d01e7e000, 0x0000029d01e82800, 0x0000029d01e80000, 0x0000029d01e7d000,
0x0000029d01e83800, 0x0000029d01e81000, 0x0000029d79b7d800, 0x0000029d79b78800,
0x0000029d79b7b000, 0x0000029d79b7e000, 0x0000029d79b7c800
}

Java Threads: ( => current thread )
  0x0000029d5b98e000 JavaThread "main" [_thread_blocked, id=3280, stack(0x000000eff7800000,0x000000eff7900000)]
  0x0000029d7669f000 JavaThread "Reference Handler" daemon [_thread_blocked, id=5416, stack(0x000000eff7f00000,0x000000eff8000000)]
  0x0000029d766a9000 JavaThread "Finalizer" daemon [_thread_blocked, id=12108, stack(0x000000eff8000000,0x000000eff8100000)]
  0x0000029d766c6800 JavaThread "Signal Dispatcher" daemon [_thread_blocked, id=9752, stack(0x000000eff8100000,0x000000eff8200000)]
  0x0000029d766c8800 JavaThread "Attach Listener" daemon [_thread_blocked, id=11456, stack(0x000000eff8200000,0x000000eff8300000)]
  0x0000029d766cc000 JavaThread "Service Thread" daemon [_thread_blocked, id=3864, stack(0x000000eff8300000,0x000000eff8400000)]
  0x0000029d766ce000 JavaThread "C2 CompilerThread0" daemon [_thread_blocked, id=8964, stack(0x000000eff8400000,0x000000eff8500000)]
  0x0000029d76716800 JavaThread "C1 CompilerThread0" daemon [_thread_blocked, id=14408, stack(0x000000eff8500000,0x000000eff8600000)]
  0x0000029d7671d000 JavaThread "Sweeper thread" daemon [_thread_blocked, id=11884, stack(0x000000eff8600000,0x000000eff8700000)]
  0x0000029d76877000 JavaThread "Common-Cleaner" daemon [_thread_blocked, id=14272, stack(0x000000eff8700000,0x000000eff8800000)]
  0x0000029d794a9000 JavaThread "Daemon health stats" [_thread_blocked, id=15680, stack(0x000000eff9000000,0x000000eff9100000)]
  0x0000029d78d07800 JavaThread "Incoming local TCP Connector on port 56362" [_thread_in_native, id=10180, stack(0x000000eff8900000,0x000000eff8a00000)]
  0x0000029d78d81800 JavaThread "Daemon periodic checks" [_thread_blocked, id=14396, stack(0x000000eff8f00000,0x000000eff9000000)]
  0x0000029d78ccf000 JavaThread "Cache worker for journal cache (C:\Users\drzam\.gradle\caches\journal-1)" [_thread_blocked, id=9392, stack(0x000000eff9800000,0x000000eff9900000)]
  0x0000029d78cd0800 JavaThread "File lock request listener" [_thread_in_native, id=11320, stack(0x000000eff9900000,0x000000eff9a00000)]
  0x0000029d78cd1800 JavaThread "Cache worker for file hash cache (C:\Users\drzam\.gradle\caches\7.4\fileHashes)" [_thread_blocked, id=13416, stack(0x000000eff9a00000,0x000000eff9b00000)]
  0x0000029d78cd3000 JavaThread "File watcher server" daemon [_thread_in_native, id=15884, stack(0x000000eff9f00000,0x000000effa000000)]
  0x0000029d78cce800 JavaThread "File watcher consumer" daemon [_thread_blocked, id=11212, stack(0x000000effa000000,0x000000effa100000)]
  0x0000029d79e71800 JavaThread "Cache worker for execution history cache (C:\Users\drzam\.gradle\caches\7.4\executionHistory)" [_thread_blocked, id=10216, stack(0x000000effa500000,0x000000effa600000)]
  0x0000029d79e72800 JavaThread "jar transforms" [_thread_blocked, id=16920, stack(0x000000effa700000,0x000000effa800000)]
  0x0000029d79e6e800 JavaThread "Cache worker for file content cache (C:\Users\drzam\.gradle\caches\7.4\fileContent)" [_thread_blocked, id=5792, stack(0x000000effa800000,0x000000effa900000)]
  0x0000029d79e73800 JavaThread "jar transforms Thread 2" [_thread_blocked, id=14032, stack(0x000000effa900000,0x000000effaa00000)]
  0x0000029d79e74000 JavaThread "jar transforms Thread 3" [_thread_blocked, id=3152, stack(0x000000effab00000,0x000000effac00000)]
  0x0000029d7d645000 JavaThread "jar transforms Thread 4" [_thread_blocked, id=4008, stack(0x000000efffd00000,0x000000efffe00000)]
  0x0000029d7d64b800 JavaThread "jar transforms Thread 5" [_thread_blocked, id=9360, stack(0x000000efffe00000,0x000000effff00000)]
  0x0000029d7d645800 JavaThread "jar transforms Thread 6" [_thread_blocked, id=7268, stack(0x000000effff00000,0x000000f000000000)]
  0x0000029d7d64c000 JavaThread "jar transforms Thread 7" [_thread_blocked, id=13128, stack(0x000000ef80000000,0x000000ef80100000)]
  0x0000029d7d64d000 JavaThread "jar transforms Thread 8" [_thread_blocked, id=7108, stack(0x000000ef80100000,0x000000ef80200000)]
  0x0000029d7d2fe800 JavaThread "Memory manager" [_thread_blocked, id=12852, stack(0x000000ef80300000,0x000000ef80400000)]
  0x0000029d7d300800 JavaThread "pool-3-thread-1" [_thread_blocked, id=12368, stack(0x000000ef80500000,0x000000ef80600000)]
  0x0000029d01b4f000 JavaThread "ForkJoinPool.commonPool-worker-5" daemon [_thread_blocked, id=17256, stack(0x000000ef81700000,0x000000ef81800000)]
  0x0000029d7ed83000 JavaThread "pool-8-thread-1" [_thread_blocked, id=1088, stack(0x000000ef86d00000,0x000000ef86e00000)]
  0x0000029d7ed78800 JavaThread "Daemon Thread 2" [_thread_blocked, id=14036, stack(0x000000ef80200000,0x000000ef80300000)]
  0x0000029d7ed79000 JavaThread "Handler for socket connection from /127.0.0.1:56362 to /127.0.0.1:61863" [_thread_in_native, id=6244, stack(0x000000ef80400000,0x000000ef80500000)]
  0x0000029d7ed7c800 JavaThread "Cancel handler" [_thread_blocked, id=13340, stack(0x000000ef80700000,0x000000ef80800000)]
  0x0000029d7ed7a000 JavaThread "Daemon worker Thread 2" [_thread_blocked, id=4492, stack(0x000000ef80800000,0x000000ef80900000)]
  0x0000029d7ed7b800 JavaThread "Asynchronous log dispatcher for DefaultDaemonConnection: socket connection from /127.0.0.1:56362 to /127.0.0.1:61863" [_thread_blocked, id=10796, stack(0x000000ef80900000,0x000000ef80a00000)]
  0x0000029d7ed7b000 JavaThread "Stdin handler" [_thread_blocked, id=16288, stack(0x000000ef80a00000,0x000000ef80b00000)]
  0x0000029d7ed76800 JavaThread "Daemon client event forwarder" [_thread_blocked, id=7012, stack(0x000000ef80b00000,0x000000ef80c00000)]
  0x0000029d7ed7d000 JavaThread "Cache worker for checksums cache (C:\Users\drzam\AndroidStudioProjects\MojePomiary2\.gradle\7.4\checksums)" [_thread_blocked, id=12456, stack(0x000000ef80c00000,0x000000ef80d00000)]
  0x0000029d7ed77800 JavaThread "Cache worker for cache directory md-rule (C:\Users\drzam\.gradle\caches\7.4\md-rule)" [_thread_blocked, id=11772, stack(0x000000ef80d00000,0x000000ef80e00000)]
  0x0000029d7ed82000 JavaThread "Cache worker for file hash cache (C:\Users\drzam\AndroidStudioProjects\MojePomiary2\.gradle\7.4\fileHashes)" [_thread_blocked, id=7148, stack(0x000000ef80e00000,0x000000ef80f00000)]
  0x0000029d7ed81800 JavaThread "Cache worker for cache directory md-supplier (C:\Users\drzam\.gradle\caches\7.4\md-supplier)" [_thread_blocked, id=5384, stack(0x000000ef80f00000,0x000000ef81000000)]
  0x0000029d7d977800 JavaThread "C2 CompilerThread1" daemon [_thread_blocked, id=14384, stack(0x000000ef81000000,0x000000ef81100000)]
  0x0000029d776a2000 JavaThread "C2 CompilerThread2" daemon [_thread_blocked, id=10992, stack(0x000000ef81100000,0x000000ef81200000)]
  0x0000029d7ed80800 JavaThread "Cache worker for dependencies-accessors (C:\Users\drzam\AndroidStudioProjects\MojePomiary2\.gradle\7.4\dependencies-accessors)" [_thread_blocked, id=14052, stack(0x000000ef81200000,0x000000ef81300000)]
  0x0000029d7ed84000 JavaThread "Cache worker for Build Output Cleanup Cache (C:\Users\drzam\AndroidStudioProjects\MojePomiary2\.gradle\buildOutputCleanup)" [_thread_blocked, id=14548, stack(0x000000ef81300000,0x000000ef81400000)]
  0x0000029d7ed7e000 JavaThread "Unconstrained build operations" [_thread_blocked, id=12668, stack(0x000000ef81400000,0x000000ef81500000)]
  0x0000029d7ed84800 JavaThread "Unconstrained build operations Thread 2" [_thread_blocked, id=13932, stack(0x000000ef81500000,0x000000ef81600000)]
  0x0000029d7ed7f000 JavaThread "Unconstrained build operations Thread 3" [_thread_blocked, id=13096, stack(0x000000ef81600000,0x000000ef81700000)]
  0x0000029d7ed85800 JavaThread "Unconstrained build operations Thread 4" [_thread_blocked, id=14080, stack(0x000000ef81800000,0x000000ef81900000)]
  0x0000029d7ed7f800 JavaThread "Unconstrained build operations Thread 5" [_thread_blocked, id=5456, stack(0x000000ef81900000,0x000000ef81a00000)]
  0x0000029d01b50000 JavaThread "Unconstrained build operations Thread 6" [_thread_blocked, id=5304, stack(0x000000ef81a00000,0x000000ef81b00000)]
  0x0000029d01b4c000 JavaThread "Unconstrained build operations Thread 7" [_thread_blocked, id=11480, stack(0x000000ef81b00000,0x000000ef81c00000)]
  0x0000029d01b4d800 JavaThread "Unconstrained build operations Thread 8" [_thread_blocked, id=11844, stack(0x000000ef81c00000,0x000000ef81d00000)]
  0x0000029d01b52800 JavaThread "Unconstrained build operations Thread 9" [_thread_blocked, id=7996, stack(0x000000ef81d00000,0x000000ef81e00000)]
  0x0000029d01b4e000 JavaThread "Unconstrained build operations Thread 10" [_thread_blocked, id=11828, stack(0x000000ef81e00000,0x000000ef81f00000)]
  0x0000029d01b50800 JavaThread "Unconstrained build operations Thread 11" [_thread_blocked, id=11692, stack(0x000000ef81f00000,0x000000ef82000000)]
  0x0000029d01b51800 JavaThread "Unconstrained build operations Thread 12" [_thread_blocked, id=12548, stack(0x000000ef82000000,0x000000ef82100000)]
  0x0000029d01b4c800 JavaThread "Unconstrained build operations Thread 13" [_thread_blocked, id=6360, stack(0x000000ef82100000,0x000000ef82200000)]
  0x0000029d01b54000 JavaThread "Unconstrained build operations Thread 14" [_thread_blocked, id=8124, stack(0x000000ef82200000,0x000000ef82300000)]
  0x0000029d01b56800 JavaThread "Unconstrained build operations Thread 15" [_thread_blocked, id=7916, stack(0x000000ef82300000,0x000000ef82400000)]
  0x0000029d01b55800 JavaThread "Unconstrained build operations Thread 16" [_thread_blocked, id=6140, stack(0x000000ef82400000,0x000000ef82500000)]
  0x0000029d01b57000 JavaThread "Unconstrained build operations Thread 17" [_thread_blocked, id=12752, stack(0x000000ef82500000,0x000000ef82600000)]
  0x0000029d01b53000 JavaThread "Unconstrained build operations Thread 18" [_thread_blocked, id=13508, stack(0x000000ef82600000,0x000000ef82700000)]
  0x0000029d01b54800 JavaThread "Unconstrained build operations Thread 19" [_thread_blocked, id=16296, stack(0x000000ef82700000,0x000000ef82800000)]
  0x0000029d01b58000 JavaThread "Unconstrained build operations Thread 20" [_thread_blocked, id=11440, stack(0x000000ef82800000,0x000000ef82900000)]
  0x0000029d01b59800 JavaThread "Unconstrained build operations Thread 21" [_thread_blocked, id=16204, stack(0x000000ef82900000,0x000000ef82a00000)]
  0x0000029d01b59000 JavaThread "Unconstrained build operations Thread 22" [_thread_blocked, id=3056, stack(0x000000ef82a00000,0x000000ef82b00000)]
  0x0000029d01b5a800 JavaThread "Unconstrained build operations Thread 23" [_thread_blocked, id=3320, stack(0x000000ef82b00000,0x000000ef82c00000)]
  0x0000029d7d2ff800 JavaThread "Unconstrained build operations Thread 24" [_thread_blocked, id=8180, stack(0x000000ef82c00000,0x000000ef82d00000)]
  0x0000029d7d2fa800 JavaThread "Unconstrained build operations Thread 25" [_thread_blocked, id=10700, stack(0x000000ef82d00000,0x000000ef82e00000)]
  0x0000029d7d301000 JavaThread "Unconstrained build operations Thread 26" [_thread_blocked, id=13832, stack(0x000000ef82e00000,0x000000ef82f00000)]
  0x0000029d7d2fc000 JavaThread "Unconstrained build operations Thread 27" [_thread_blocked, id=6868, stack(0x000000ef82f00000,0x000000ef83000000)]
  0x0000029d7d2fb800 JavaThread "Unconstrained build operations Thread 28" [_thread_blocked, id=6956, stack(0x000000ef83000000,0x000000ef83100000)]
  0x0000029d7d302000 JavaThread "Unconstrained build operations Thread 29" [_thread_blocked, id=14712, stack(0x000000ef83100000,0x000000ef83200000)]
  0x0000029d7d303000 JavaThread "Unconstrained build operations Thread 30" [_thread_blocked, id=12796, stack(0x000000ef83200000,0x000000ef83300000)]
  0x0000029d7d2fd000 JavaThread "Unconstrained build operations Thread 31" [_thread_blocked, id=8636, stack(0x000000ef83300000,0x000000ef83400000)]
  0x0000029d7d303800 JavaThread "Unconstrained build operations Thread 32" [_thread_blocked, id=10720, stack(0x000000ef83400000,0x000000ef83500000)]
  0x0000029d7d307800 JavaThread "Unconstrained build operations Thread 33" [_thread_blocked, id=10944, stack(0x000000ef83500000,0x000000ef83600000)]
  0x0000029d7d306000 JavaThread "Unconstrained build operations Thread 34" [_thread_blocked, id=11252, stack(0x000000ef83600000,0x000000ef83700000)]
  0x0000029d7d307000 JavaThread "Unconstrained build operations Thread 35" [_thread_blocked, id=9816, stack(0x000000ef83700000,0x000000ef83800000)]
  0x0000029d7d308800 JavaThread "Unconstrained build operations Thread 36" [_thread_blocked, id=7560, stack(0x000000ef83800000,0x000000ef83900000)]
  0x0000029d7d304800 JavaThread "Unconstrained build operations Thread 37" [_thread_blocked, id=3296, stack(0x000000ef83900000,0x000000ef83a00000)]
  0x0000029d7d309800 JavaThread "Unconstrained build operations Thread 38" [_thread_blocked, id=4528, stack(0x000000ef83a00000,0x000000ef83b00000)]
  0x0000029d7d305000 JavaThread "Unconstrained build operations Thread 39" [_thread_blocked, id=14012, stack(0x000000ef83b00000,0x000000ef83c00000)]
  0x0000029d7d643000 JavaThread "Unconstrained build operations Thread 40" [_thread_blocked, id=1228, stack(0x000000ef83c00000,0x000000ef83d00000)]
  0x0000029d7d644000 JavaThread "Unconstrained build operations Thread 41" [_thread_blocked, id=2000, stack(0x000000ef83d00000,0x000000ef83e00000)]
  0x0000029d7d641800 JavaThread "Unconstrained build operations Thread 42" [_thread_blocked, id=2344, stack(0x000000ef83e00000,0x000000ef83f00000)]
  0x0000029d7d642800 JavaThread "Unconstrained build operations Thread 43" [_thread_blocked, id=11880, stack(0x000000ef83f00000,0x000000ef84000000)]
  0x0000029d7d63e800 JavaThread "Unconstrained build operations Thread 44" [_thread_blocked, id=6344, stack(0x000000ef84000000,0x000000ef84100000)]
  0x0000029d7d63f000 JavaThread "Unconstrained build operations Thread 45" [_thread_blocked, id=16284, stack(0x000000ef84100000,0x000000ef84200000)]
  0x0000029d7d640000 JavaThread "Unconstrained build operations Thread 46" [_thread_blocked, id=13176, stack(0x000000ef84200000,0x000000ef84300000)]
  0x0000029d7d646800 JavaThread "Unconstrained build operations Thread 47" [_thread_blocked, id=16584, stack(0x000000ef84300000,0x000000ef84400000)]
  0x0000029d7d640800 JavaThread "Unconstrained build operations Thread 48" [_thread_blocked, id=5572, stack(0x000000ef84400000,0x000000ef84500000)]
  0x0000029d7d647800 JavaThread "Unconstrained build operations Thread 49" [_thread_blocked, id=13392, stack(0x000000ef84500000,0x000000ef84600000)]
  0x0000029d7d649000 JavaThread "Unconstrained build operations Thread 50" [_thread_blocked, id=15752, stack(0x000000ef84600000,0x000000ef84700000)]
  0x0000029d7d648000 JavaThread "Unconstrained build operations Thread 51" [_thread_blocked, id=8776, stack(0x000000ef84700000,0x000000ef84800000)]
  0x0000029d7d649800 JavaThread "Unconstrained build operations Thread 52" [_thread_blocked, id=6980, stack(0x000000ef84800000,0x000000ef84900000)]
  0x0000029d7d64a800 JavaThread "Unconstrained build operations Thread 53" [_thread_blocked, id=3120, stack(0x000000ef84900000,0x000000ef84a00000)]
  0x0000029d79e6d800 JavaThread "Unconstrained build operations Thread 54" [_thread_blocked, id=7644, stack(0x000000ef84a00000,0x000000ef84b00000)]
  0x0000029d79e77800 JavaThread "Unconstrained build operations Thread 55" [_thread_blocked, id=7676, stack(0x000000ef84b00000,0x000000ef84c00000)]
  0x0000029d79e7a000 JavaThread "Unconstrained build operations Thread 56" [_thread_blocked, id=8760, stack(0x000000ef84c00000,0x000000ef84d00000)]
  0x0000029d79e76800 JavaThread "Unconstrained build operations Thread 57" [_thread_blocked, id=1136, stack(0x000000ef84d00000,0x000000ef84e00000)]
  0x0000029d79e78800 JavaThread "Unconstrained build operations Thread 58" [_thread_blocked, id=7144, stack(0x000000ef84e00000,0x000000ef84f00000)]
  0x0000029d79e76000 JavaThread "Unconstrained build operations Thread 59" [_thread_blocked, id=8240, stack(0x000000ef84f00000,0x000000ef85000000)]
  0x0000029d79e75000 JavaThread "Unconstrained build operations Thread 60" [_thread_blocked, id=11988, stack(0x000000ef85000000,0x000000ef85100000)]
  0x0000029d79e79000 JavaThread "Unconstrained build operations Thread 61" [_thread_blocked, id=14652, stack(0x000000ef85100000,0x000000ef85200000)]
  0x0000029d79e7a800 JavaThread "Unconstrained build operations Thread 62" [_thread_blocked, id=15352, stack(0x000000ef85200000,0x000000ef85300000)]
  0x0000029d79e7b800 JavaThread "Unconstrained build operations Thread 63" [_thread_blocked, id=8200, stack(0x000000ef85300000,0x000000ef85400000)]
  0x0000029d79e7c800 JavaThread "Unconstrained build operations Thread 64" [_thread_blocked, id=9264, stack(0x000000ef85400000,0x000000ef85500000)]
  0x0000029d78cd4000 JavaThread "Unconstrained build operations Thread 65" [_thread_blocked, id=6712, stack(0x000000ef85500000,0x000000ef85600000)]
  0x0000029d78cd5000 JavaThread "Unconstrained build operations Thread 66" [_thread_blocked, id=15704, stack(0x000000ef85600000,0x000000ef85700000)]
  0x0000029d78cd2800 JavaThread "Unconstrained build operations Thread 67" [_thread_blocked, id=10492, stack(0x000000ef85700000,0x000000ef85800000)]
  0x0000029d78cd0000 JavaThread "Unconstrained build operations Thread 68" [_thread_blocked, id=5412, stack(0x000000ef85800000,0x000000ef85900000)]
  0x0000029d01e79000 JavaThread "Unconstrained build operations Thread 69" [_thread_blocked, id=10564, stack(0x000000ef85900000,0x000000ef85a00000)]
  0x0000029d01e7a800 JavaThread "Unconstrained build operations Thread 70" [_thread_blocked, id=15832, stack(0x000000ef85a00000,0x000000ef85b00000)]
  0x0000029d01e75800 JavaThread "Unconstrained build operations Thread 71" [_thread_blocked, id=13104, stack(0x000000ef85b00000,0x000000ef85c00000)]
  0x0000029d01e79800 JavaThread "Unconstrained build operations Thread 72" [_thread_blocked, id=15824, stack(0x000000ef85c00000,0x000000ef85d00000)]
  0x0000029d01e77000 JavaThread "Unconstrained build operations Thread 73" [_thread_blocked, id=12628, stack(0x000000ef85d00000,0x000000ef85e00000)]
  0x0000029d01e75000 JavaThread "Unconstrained build operations Thread 74" [_thread_blocked, id=5864, stack(0x000000ef85e00000,0x000000ef85f00000)]
  0x0000029d01e7c000 JavaThread "Unconstrained build operations Thread 75" [_thread_blocked, id=15132, stack(0x000000ef85f00000,0x000000ef86000000)]
  0x0000029d01e78000 JavaThread "Unconstrained build operations Thread 76" [_thread_blocked, id=6804, stack(0x000000ef86000000,0x000000ef86100000)]
  0x0000029d01e7b800 JavaThread "Unconstrained build operations Thread 77" [_thread_blocked, id=14852, stack(0x000000ef86100000,0x000000ef86200000)]
  0x0000029d01e76800 JavaThread "Unconstrained build operations Thread 78" [_thread_blocked, id=16348, stack(0x000000ef86200000,0x000000ef86300000)]
  0x0000029d01e7f800 JavaThread "Unconstrained build operations Thread 79" [_thread_blocked, id=14344, stack(0x000000ef86300000,0x000000ef86400000)]
  0x0000029d01e7e800 JavaThread "Unconstrained build operations Thread 80" [_thread_blocked, id=6160, stack(0x000000ef86400000,0x000000ef86500000)]
  0x0000029d01e82000 JavaThread "build event listener" [_thread_blocked, id=11744, stack(0x000000ef86500000,0x000000ef86600000)]
  0x0000029d01e7e000 JavaThread "pool-13-thread-1" [_thread_blocked, id=14192, stack(0x000000ef86600000,0x000000ef86700000)]
  0x0000029d01e82800 JavaThread "build event listener" [_thread_blocked, id=16944, stack(0x000000ef86700000,0x000000ef86800000)]
=>0x0000029d01e80000 JavaThread "included builds" [_thread_in_Java, id=16500, stack(0x000000ef86800000,0x000000ef86900000)]
  0x0000029d01e7d000 JavaThread "Execution worker for ':'" [_thread_blocked, id=6760, stack(0x000000ef86900000,0x000000ef86a00000)]
  0x0000029d01e83800 JavaThread "Execution worker for ':' Thread 2" [_thread_blocked, id=11228, stack(0x000000ef86a00000,0x000000ef86b00000)]
  0x0000029d01e81000 JavaThread "Execution worker for ':' Thread 3" [_thread_blocked, id=10168, stack(0x000000ef86b00000,0x000000ef86c00000)]
  0x0000029d79b7d800 JavaThread "Execution worker for ':' Thread 4" [_thread_blocked, id=5544, stack(0x000000ef86c00000,0x000000ef86d00000)]
  0x0000029d79b78800 JavaThread "Execution worker for ':' Thread 5" [_thread_blocked, id=2548, stack(0x000000ef86e00000,0x000000ef86f00000)]
  0x0000029d79b7b000 JavaThread "Execution worker for ':' Thread 6" [_thread_blocked, id=2140, stack(0x000000ef86f00000,0x000000ef87000000)]
  0x0000029d79b7e000 JavaThread "Execution worker for ':' Thread 7" [_thread_blocked, id=15420, stack(0x000000ef87000000,0x000000ef87100000)]
  0x0000029d79b7c800 JavaThread "Cache worker for execution history cache (C:\Users\drzam\AndroidStudioProjects\MojePomiary2\.gradle\7.4\executionHistory)" [_thread_blocked, id=14996, stack(0x000000ef87100000,0x000000ef87200000)]

Other Threads:
  0x0000029d7669c800 VMThread "VM Thread" [stack: 0x000000eff7e00000,0x000000eff7f00000] [id=8488]
  0x0000029d768b0000 WatcherThread [stack: 0x000000eff8800000,0x000000eff8900000] [id=7332]
  0x0000029d5b9a7800 GCTaskThread "GC Thread#0" [stack: 0x000000eff7900000,0x000000eff7a00000] [id=11600]
  0x0000029d7774d000 GCTaskThread "GC Thread#1" [stack: 0x000000eff8a00000,0x000000eff8b00000] [id=12880]
  0x0000029d776e2800 GCTaskThread "GC Thread#2" [stack: 0x000000eff8b00000,0x000000eff8c00000] [id=7004]
  0x0000029d77adb800 GCTaskThread "GC Thread#3" [stack: 0x000000eff8c00000,0x000000eff8d00000] [id=4840]
  0x0000029d7777c000 GCTaskThread "GC Thread#4" [stack: 0x000000eff8d00000,0x000000eff8e00000] [id=12436]
  0x0000029d777fd800 GCTaskThread "GC Thread#5" [stack: 0x000000eff8e00000,0x000000eff8f00000] [id=15116]
  0x0000029d776a3000 GCTaskThread "GC Thread#6" [stack: 0x000000eff9b00000,0x000000eff9c00000] [id=14788]
  0x0000029d7895a000 GCTaskThread "GC Thread#7" [stack: 0x000000eff9c00000,0x000000eff9d00000] [id=14588]
  0x0000029d5b9da800 ConcurrentGCThread "G1 Main Marker" [stack: 0x000000eff7a00000,0x000000eff7b00000] [id=8796]
  0x0000029d5b9dc800 ConcurrentGCThread "G1 Conc#0" [stack: 0x000000eff7b00000,0x000000eff7c00000] [id=6300]
  0x0000029d78c2b800 ConcurrentGCThread "G1 Conc#1" [stack: 0x000000eff9d00000,0x000000eff9e00000] [id=14076]
  0x0000029d75cec800 ConcurrentGCThread "G1 Refine#0" [stack: 0x000000eff7c00000,0x000000eff7d00000] [id=9508]
  0x0000029d7bfc7000 ConcurrentGCThread "G1 Refine#1" [stack: 0x000000ef80600000,0x000000ef80700000] [id=10280]
  0x0000029d75cef000 ConcurrentGCThread "G1 Young RemSet Sampling" [stack: 0x000000eff7d00000,0x000000eff7e00000] [id=632]

Threads with active compile tasks:

VM state:not at safepoint (normal execution)

VM Mutex/Monitor currently owned by a thread: None

Heap address: 0x0000000080000000, size: 2048 MB, Compressed Oops mode: 32-bit
Narrow klass base: 0x0000000000000000, Narrow klass shift: 3
Compressed class space size: 1073741824 Address: 0x0000000100000000

Heap:
 garbage-first heap   total 258048K, used 143472K [0x0000000080000000, 0x0000000100000000)
  region size 1024K, 37 young (37888K), 2 survivors (2048K)
 Metaspace       used 101096K, capacity 103489K, committed 103760K, reserved 1140736K
  class space    used 12488K, capacity 13400K, committed 13568K, reserved 1048576K
Heap Regions: E=young(eden), S=young(survivor), O=old, HS=humongous(starts), HC=humongous(continues), CS=collection set, F=free, A=archive, TAMS=top-at-mark-start (previous, next)
|   0|0x0000000080000000, 0x0000000080100000, 0x0000000080100000|100%| O|  |TAMS 0x0000000080100000, 0x0000000080000000| Untracked 
|   1|0x0000000080100000, 0x0000000080200000, 0x0000000080200000|100%| O|  |TAMS 0x0000000080200000, 0x0000000080100000| Untracked 
|   2|0x0000000080200000, 0x0000000080300000, 0x0000000080300000|100%| O|  |TAMS 0x0000000080300000, 0x0000000080200000| Untracked 
|   3|0x0000000080300000, 0x0000000080400000, 0x0000000080400000|100%|HS|  |TAMS 0x0000000080400000, 0x0000000080300000| Complete 
|   4|0x0000000080400000, 0x0000000080500000, 0x0000000080500000|100%|HC|  |TAMS 0x0000000080500000, 0x0000000080400000| Complete 
|   5|0x0000000080500000, 0x0000000080600000, 0x0000000080600000|100%|HC|  |TAMS 0x0000000080600000, 0x0000000080500000| Complete 
|   6|0x0000000080600000, 0x0000000080700000, 0x0000000080700000|100%| O|  |TAMS 0x0000000080700000, 0x0000000080600000| Untracked 
|   7|0x0000000080700000, 0x0000000080800000, 0x0000000080800000|100%| O|  |TAMS 0x0000000080800000, 0x0000000080700000| Untracked 
|   8|0x0000000080800000, 0x0000000080900000, 0x0000000080900000|100%| O|  |TAMS 0x0000000080900000, 0x0000000080800000| Untracked 
|   9|0x0000000080900000, 0x0000000080a00000, 0x0000000080a00000|100%| O|  |TAMS 0x0000000080a00000, 0x0000000080900000| Untracked 
|  10|0x0000000080a00000, 0x0000000080b00000, 0x0000000080b00000|100%| O|  |TAMS 0x0000000080b00000, 0x0000000080a00000| Untracked 
|  11|0x0000000080b00000, 0x0000000080c00000, 0x0000000080c00000|100%| O|  |TAMS 0x0000000080c00000, 0x0000000080b00000| Untracked 
|  12|0x0000000080c00000, 0x0000000080d00000, 0x0000000080d00000|100%| O|  |TAMS 0x0000000080d00000, 0x0000000080c00000| Untracked 
|  13|0x0000000080d00000, 0x0000000080e00000, 0x0000000080e00000|100%| O|  |TAMS 0x0000000080e00000, 0x0000000080d00000| Untracked 
|  14|0x0000000080e00000, 0x0000000080f00000, 0x0000000080f00000|100%| O|  |TAMS 0x0000000080f00000, 0x0000000080e00000| Untracked 
|  15|0x0000000080f00000, 0x0000000081000000, 0x0000000081000000|100%| O|  |TAMS 0x0000000081000000, 0x0000000080f00000| Untracked 
|  16|0x0000000081000000, 0x0000000081100000, 0x0000000081100000|100%| O|  |TAMS 0x0000000081100000, 0x0000000081000000| Untracked 
|  17|0x0000000081100000, 0x0000000081200000, 0x0000000081200000|100%|HS|  |TAMS 0x0000000081200000, 0x0000000081100000| Complete 
|  18|0x0000000081200000, 0x0000000081300000, 0x0000000081300000|100%|HS|  |TAMS 0x0000000081300000, 0x0000000081200000| Complete 
|  19|0x0000000081300000, 0x0000000081400000, 0x0000000081400000|100%| O|  |TAMS 0x0000000081400000, 0x0000000081300000| Untracked 
|  20|0x0000000081400000, 0x0000000081500000, 0x0000000081500000|100%|HS|  |TAMS 0x0000000081500000, 0x0000000081400000| Complete 
|  21|0x0000000081500000, 0x0000000081600000, 0x0000000081600000|100%|HC|  |TAMS 0x0000000081600000, 0x0000000081500000| Complete 
|  22|0x0000000081600000, 0x0000000081700000, 0x0000000081700000|100%| O|  |TAMS 0x0000000081700000, 0x0000000081600000| Untracked 
|  23|0x0000000081700000, 0x0000000081800000, 0x0000000081800000|100%| O|  |TAMS 0x0000000081800000, 0x0000000081700000| Untracked 
|  24|0x0000000081800000, 0x0000000081900000, 0x0000000081900000|100%| O|  |TAMS 0x0000000081900000, 0x0000000081800000| Untracked 
|  25|0x0000000081900000, 0x0000000081a00000, 0x0000000081a00000|100%| O|  |TAMS 0x0000000081a00000, 0x0000000081900000| Untracked 
|  26|0x0000000081a00000, 0x0000000081b00000, 0x0000000081b00000|100%| O|  |TAMS 0x0000000081b00000, 0x0000000081a00000| Untracked 
|  27|0x0000000081b00000, 0x0000000081c00000, 0x0000000081c00000|100%| O|  |TAMS 0x0000000081c00000, 0x0000000081b00000| Untracked 
|  28|0x0000000081c00000, 0x0000000081d00000, 0x0000000081d00000|100%| O|  |TAMS 0x0000000081d00000, 0x0000000081c00000| Untracked 
|  29|0x0000000081d00000, 0x0000000081e00000, 0x0000000081e00000|100%| O|  |TAMS 0x0000000081e00000, 0x0000000081d00000| Untracked 
|  30|0x0000000081e00000, 0x0000000081f00000, 0x0000000081f00000|100%| O|  |TAMS 0x0000000081f00000, 0x0000000081e00000| Untracked 
|  31|0x0000000081f00000, 0x0000000082000000, 0x0000000082000000|100%| O|  |TAMS 0x0000000082000000, 0x0000000081f00000| Untracked 
|  32|0x0000000082000000, 0x0000000082100000, 0x0000000082100000|100%| O|  |TAMS 0x0000000082100000, 0x0000000082000000| Untracked 
|  33|0x0000000082100000, 0x0000000082200000, 0x0000000082200000|100%| O|  |TAMS 0x0000000082200000, 0x0000000082100000| Untracked 
|  34|0x0000000082200000, 0x0000000082300000, 0x0000000082300000|100%| O|  |TAMS 0x0000000082300000, 0x0000000082200000| Untracked 
|  35|0x0000000082300000, 0x0000000082400000, 0x0000000082400000|100%| O|  |TAMS 0x0000000082400000, 0x0000000082300000| Untracked 
|  36|0x0000000082400000, 0x0000000082500000, 0x0000000082500000|100%| O|  |TAMS 0x0000000082500000, 0x0000000082400000| Untracked 
|  37|0x0000000082500000, 0x0000000082600000, 0x0000000082600000|100%| O|  |TAMS 0x0000000082600000, 0x0000000082500000| Untracked 
|  38|0x0000000082600000, 0x0000000082700000, 0x0000000082700000|100%| O|  |TAMS 0x0000000082700000, 0x0000000082600000| Untracked 
|  39|0x0000000082700000, 0x0000000082800000, 0x0000000082800000|100%| O|  |TAMS 0x0000000082800000, 0x0000000082700000| Untracked 
|  40|0x0000000082800000, 0x0000000082900000, 0x0000000082900000|100%| O|  |TAMS 0x0000000082900000, 0x0000000082800000| Untracked 
|  41|0x0000000082900000, 0x0000000082a00000, 0x0000000082a00000|100%| O|  |TAMS 0x0000000082a00000, 0x0000000082900000| Untracked 
|  42|0x0000000082a00000, 0x0000000082b00000, 0x0000000082b00000|100%| O|  |TAMS 0x0000000082b00000, 0x0000000082a00000| Untracked 
|  43|0x0000000082b00000, 0x0000000082c00000, 0x0000000082c00000|100%| O|  |TAMS 0x0000000082c00000, 0x0000000082b00000| Untracked 
|  44|0x0000000082c00000, 0x0000000082d00000, 0x0000000082d00000|100%| O|  |TAMS 0x0000000082d00000, 0x0000000082c00000| Untracked 
|  45|0x0000000082d00000, 0x0000000082e00000, 0x0000000082e00000|100%| O|  |TAMS 0x0000000082e00000, 0x0000000082d00000| Untracked 
|  46|0x0000000082e00000, 0x0000000082f00000, 0x0000000082f00000|100%| O|  |TAMS 0x0000000082f00000, 0x0000000082e00000| Untracked 
|  47|0x0000000082f00000, 0x0000000083000000, 0x0000000083000000|100%| O|  |TAMS 0x0000000083000000, 0x0000000082f00000| Untracked 
|  48|0x0000000083000000, 0x0000000083100000, 0x0000000083100000|100%| O|  |TAMS 0x0000000083100000, 0x0000000083000000| Untracked 
|  49|0x0000000083100000, 0x0000000083200000, 0x0000000083200000|100%| O|  |TAMS 0x0000000083200000, 0x0000000083100000| Untracked 
|  50|0x0000000083200000, 0x0000000083300000, 0x0000000083300000|100%| O|  |TAMS 0x0000000083300000, 0x0000000083200000| Untracked 
|  51|0x0000000083300000, 0x0000000083400000, 0x0000000083400000|100%| O|  |TAMS 0x0000000083400000, 0x0000000083300000| Untracked 
|  52|0x0000000083400000, 0x0000000083500000, 0x0000000083500000|100%| O|  |TAMS 0x0000000083500000, 0x0000000083400000| Untracked 
|  53|0x0000000083500000, 0x0000000083600000, 0x0000000083600000|100%| O|  |TAMS 0x0000000083600000, 0x0000000083500000| Untracked 
|  54|0x0000000083600000, 0x0000000083700000, 0x0000000083700000|100%| O|  |TAMS 0x0000000083700000, 0x0000000083600000| Untracked 
|  55|0x0000000083700000, 0x0000000083800000, 0x0000000083800000|100%| O|  |TAMS 0x0000000083800000, 0x0000000083700000| Untracked 
|  56|0x0000000083800000, 0x0000000083900000, 0x0000000083900000|100%| O|  |TAMS 0x0000000083900000, 0x0000000083800000| Untracked 
|  57|0x0000000083900000, 0x0000000083a00000, 0x0000000083a00000|100%| O|  |TAMS 0x0000000083a00000, 0x0000000083900000| Untracked 
|  58|0x0000000083a00000, 0x0000000083b00000, 0x0000000083b00000|100%| O|  |TAMS 0x0000000083b00000, 0x0000000083a00000| Untracked 
|  59|0x0000000083b00000, 0x0000000083c00000, 0x0000000083c00000|100%| O|  |TAMS 0x0000000083c00000, 0x0000000083b00000| Untracked 
|  60|0x0000000083c00000, 0x0000000083d00000, 0x0000000083d00000|100%| O|  |TAMS 0x0000000083d00000, 0x0000000083c00000| Untracked 
|  61|0x0000000083d00000, 0x0000000083e00000, 0x0000000083e00000|100%| O|  |TAMS 0x0000000083e00000, 0x0000000083d00000| Untracked 
|  62|0x0000000083e00000, 0x0000000083f00000, 0x0000000083f00000|100%| O|  |TAMS 0x0000000083f00000, 0x0000000083e00000| Untracked 
|  63|0x0000000083f00000, 0x0000000084000000, 0x0000000084000000|100%| O|  |TAMS 0x0000000084000000, 0x0000000083f00000| Untracked 
|  64|0x0000000084000000, 0x0000000084100000, 0x0000000084100000|100%| O|  |TAMS 0x0000000084100000, 0x0000000084000000| Untracked 
|  65|0x0000000084100000, 0x0000000084200000, 0x0000000084200000|100%| O|  |TAMS 0x0000000084200000, 0x0000000084100000| Untracked 
|  66|0x0000000084200000, 0x0000000084300000, 0x0000000084300000|100%| O|  |TAMS 0x0000000084300000, 0x0000000084200000| Untracked 
|  67|0x0000000084300000, 0x0000000084400000, 0x0000000084400000|100%| O|  |TAMS 0x0000000084400000, 0x0000000084300000| Untracked 
|  68|0x0000000084400000, 0x0000000084500000, 0x0000000084500000|100%| O|  |TAMS 0x0000000084500000, 0x0000000084400000| Untracked 
|  69|0x0000000084500000, 0x0000000084600000, 0x0000000084600000|100%| O|  |TAMS 0x0000000084600000, 0x0000000084500000| Untracked 
|  70|0x0000000084600000, 0x0000000084700000, 0x0000000084700000|100%| O|  |TAMS 0x0000000084700000, 0x0000000084600000| Untracked 
|  71|0x0000000084700000, 0x0000000084800000, 0x0000000084800000|100%| O|  |TAMS 0x0000000084800000, 0x0000000084700000| Untracked 
|  72|0x0000000084800000, 0x0000000084900000, 0x0000000084900000|100%| O|  |TAMS 0x0000000084900000, 0x0000000084800000| Untracked 
|  73|0x0000000084900000, 0x0000000084a00000, 0x0000000084a00000|100%| O|  |TAMS 0x0000000084a00000, 0x0000000084900000| Untracked 
|  74|0x0000000084a00000, 0x0000000084b00000, 0x0000000084b00000|100%| O|  |TAMS 0x0000000084b00000, 0x0000000084a00000| Untracked 
|  75|0x0000000084b00000, 0x0000000084c00000, 0x0000000084c00000|100%| O|  |TAMS 0x0000000084c00000, 0x0000000084b00000| Untracked 
|  76|0x0000000084c00000, 0x0000000084d00000, 0x0000000084d00000|100%| O|  |TAMS 0x0000000084d00000, 0x0000000084c00000| Untracked 
|  77|0x0000000084d00000, 0x0000000084e00000, 0x0000000084e00000|100%| O|  |TAMS 0x0000000084e00000, 0x0000000084d00000| Untracked 
|  78|0x0000000084e00000, 0x0000000084e00000, 0x0000000084f00000|  0%| F|  |TAMS 0x0000000084e00000, 0x0000000084e00000| Untracked 
|  79|0x0000000084f00000, 0x0000000085000000, 0x0000000085000000|100%| O|  |TAMS 0x0000000085000000, 0x0000000084f00000| Untracked 
|  80|0x0000000085000000, 0x0000000085100000, 0x0000000085100000|100%| O|  |TAMS 0x0000000085000000, 0x0000000085000000| Untracked 
|  81|0x0000000085100000, 0x0000000085200000, 0x0000000085200000|100%| O|  |TAMS 0x0000000085100000, 0x0000000085100000| Untracked 
|  82|0x0000000085200000, 0x0000000085300000, 0x0000000085300000|100%| O|  |TAMS 0x0000000085200000, 0x0000000085200000| Untracked 
|  83|0x0000000085300000, 0x0000000085400000, 0x0000000085400000|100%| O|  |TAMS 0x0000000085300000, 0x0000000085300000| Untracked 
|  84|0x0000000085400000, 0x0000000085500000, 0x0000000085500000|100%| O|  |TAMS 0x0000000085400000, 0x0000000085400000| Untracked 
|  85|0x0000000085500000, 0x00000000855b6c00, 0x0000000085600000| 71%| O|  |TAMS 0x0000000085500000, 0x0000000085500000| Untracked 
|  86|0x0000000085600000, 0x0000000085700000, 0x0000000085700000|100%|HS|  |TAMS 0x0000000085600000, 0x0000000085600000| Complete 
|  87|0x0000000085700000, 0x0000000085800000, 0x0000000085800000|100%|HC|  |TAMS 0x0000000085700000, 0x0000000085700000| Complete 
|  88|0x0000000085800000, 0x0000000085800000, 0x0000000085900000|  0%| F|  |TAMS 0x0000000085800000, 0x0000000085800000| Untracked 
|  89|0x0000000085900000, 0x0000000085900000, 0x0000000085a00000|  0%| F|  |TAMS 0x0000000085900000, 0x0000000085900000| Untracked 
|  90|0x0000000085a00000, 0x0000000085a00000, 0x0000000085b00000|  0%| F|  |TAMS 0x0000000085a00000, 0x0000000085a00000| Untracked 
|  91|0x0000000085b00000, 0x0000000085b00000, 0x0000000085c00000|  0%| F|  |TAMS 0x0000000085b00000, 0x0000000085b00000| Untracked 
|  92|0x0000000085c00000, 0x0000000085c00000, 0x0000000085d00000|  0%| F|  |TAMS 0x0000000085c00000, 0x0000000085c00000| Untracked 
|  93|0x0000000085d00000, 0x0000000085d00000, 0x0000000085e00000|  0%| F|  |TAMS 0x0000000085d00000, 0x0000000085d00000| Untracked 
|  94|0x0000000085e00000, 0x0000000085e00000, 0x0000000085f00000|  0%| F|  |TAMS 0x0000000085e00000, 0x0000000085e00000| Untracked 
|  95|0x0000000085f00000, 0x0000000085f00000, 0x0000000086000000|  0%| F|  |TAMS 0x0000000085f00000, 0x0000000085f00000| Untracked 
|  96|0x0000000086000000, 0x0000000086000000, 0x0000000086100000|  0%| F|  |TAMS 0x0000000086000000, 0x0000000086000000| Untracked 
|  97|0x0000000086100000, 0x0000000086100000, 0x0000000086200000|  0%| F|  |TAMS 0x0000000086100000, 0x0000000086100000| Untracked 
|  98|0x0000000086200000, 0x0000000086200000, 0x0000000086300000|  0%| F|  |TAMS 0x0000000086200000, 0x0000000086200000| Untracked 
|  99|0x0000000086300000, 0x0000000086400000, 0x0000000086400000|100%| O|  |TAMS 0x0000000086400000, 0x0000000086300000| Untracked 
| 100|0x0000000086400000, 0x0000000086500000, 0x0000000086500000|100%| O|  |TAMS 0x0000000086500000, 0x0000000086400000| Untracked 
| 101|0x0000000086500000, 0x0000000086600000, 0x0000000086600000|100%| O|  |TAMS 0x0000000086600000, 0x0000000086500000| Untracked 
| 102|0x0000000086600000, 0x0000000086700000, 0x0000000086700000|100%| O|  |TAMS 0x0000000086700000, 0x0000000086600000| Untracked 
| 103|0x0000000086700000, 0x0000000086800000, 0x0000000086800000|100%| O|  |TAMS 0x0000000086800000, 0x0000000086700000| Untracked 
| 104|0x0000000086800000, 0x0000000086900000, 0x0000000086900000|100%| O|  |TAMS 0x0000000086900000, 0x0000000086800000| Untracked 
| 105|0x0000000086900000, 0x0000000086a00000, 0x0000000086a00000|100%| O|  |TAMS 0x00000000869ae000, 0x0000000086900000| Untracked 
| 106|0x0000000086a00000, 0x0000000086a00000, 0x0000000086b00000|  0%| F|  |TAMS 0x0000000086a00000, 0x0000000086a00000| Untracked 
| 107|0x0000000086b00000, 0x0000000086b00000, 0x0000000086c00000|  0%| F|  |TAMS 0x0000000086b00000, 0x0000000086b00000| Untracked 
| 108|0x0000000086c00000, 0x0000000086c00000, 0x0000000086d00000|  0%| F|  |TAMS 0x0000000086c00000, 0x0000000086c00000| Untracked 
| 109|0x0000000086d00000, 0x0000000086e00000, 0x0000000086e00000|100%| O|  |TAMS 0x0000000086e00000, 0x0000000086d00000| Untracked 
| 110|0x0000000086e00000, 0x0000000086f00000, 0x0000000086f00000|100%| O|  |TAMS 0x0000000086f00000, 0x0000000086e00000| Untracked 
| 111|0x0000000086f00000, 0x0000000087000000, 0x0000000087000000|100%| O|  |TAMS 0x0000000087000000, 0x0000000086f00000| Untracked 
| 112|0x0000000087000000, 0x0000000087100000, 0x0000000087100000|100%| O|  |TAMS 0x0000000087100000, 0x0000000087000000| Untracked 
| 113|0x0000000087100000, 0x0000000087200000, 0x0000000087200000|100%| O|  |TAMS 0x0000000087200000, 0x0000000087100000| Untracked 
| 114|0x0000000087200000, 0x0000000087300000, 0x0000000087300000|100%| O|  |TAMS 0x0000000087300000, 0x0000000087200000| Untracked 
| 115|0x0000000087300000, 0x0000000087400000, 0x0000000087400000|100%| O|  |TAMS 0x0000000087400000, 0x0000000087300000| Untracked 
| 116|0x0000000087400000, 0x0000000087500000, 0x0000000087500000|100%| O|  |TAMS 0x0000000087500000, 0x0000000087400000| Untracked 
| 117|0x0000000087500000, 0x0000000087600000, 0x0000000087600000|100%| O|  |TAMS 0x0000000087600000, 0x0000000087500000| Untracked 
| 118|0x0000000087600000, 0x0000000087700000, 0x0000000087700000|100%| O|  |TAMS 0x0000000087700000, 0x0000000087600000| Untracked 
| 119|0x0000000087700000, 0x0000000087700000, 0x0000000087800000|  0%| F|  |TAMS 0x0000000087700000, 0x0000000087700000| Untracked 
| 120|0x0000000087800000, 0x0000000087800000, 0x0000000087900000|  0%| F|  |TAMS 0x0000000087800000, 0x0000000087800000| Untracked 
| 121|0x0000000087900000, 0x0000000087a00000, 0x0000000087a00000|100%| O|  |TAMS 0x0000000087a00000, 0x0000000087900000| Untracked 
| 122|0x0000000087a00000, 0x0000000087a00000, 0x0000000087b00000|  0%| F|  |TAMS 0x0000000087a00000, 0x0000000087a00000| Untracked 
| 123|0x0000000087b00000, 0x0000000087b00000, 0x0000000087c00000|  0%| F|  |TAMS 0x0000000087b00000, 0x0000000087b00000| Untracked 
| 124|0x0000000087c00000, 0x0000000087c00000, 0x0000000087d00000|  0%| F|  |TAMS 0x0000000087c00000, 0x0000000087c00000| Untracked 
| 125|0x0000000087d00000, 0x0000000087d00000, 0x0000000087e00000|  0%| F|  |TAMS 0x0000000087d00000, 0x0000000087d00000| Untracked 
| 126|0x0000000087e00000, 0x0000000087e00000, 0x0000000087f00000|  0%| F|  |TAMS 0x0000000087e00000, 0x0000000087e00000| Untracked 
| 127|0x0000000087f00000, 0x0000000087f00000, 0x0000000088000000|  0%| F|  |TAMS 0x0000000087f00000, 0x0000000087f00000| Untracked 
| 128|0x0000000088000000, 0x0000000088000000, 0x0000000088100000|  0%| F|  |TAMS 0x0000000088000000, 0x0000000088000000| Untracked 
| 129|0x0000000088100000, 0x0000000088100000, 0x0000000088200000|  0%| F|  |TAMS 0x0000000088100000, 0x0000000088100000| Untracked 
| 130|0x0000000088200000, 0x0000000088200000, 0x0000000088300000|  0%| F|  |TAMS 0x0000000088200000, 0x0000000088200000| Untracked 
| 131|0x0000000088300000, 0x0000000088300000, 0x0000000088400000|  0%| F|  |TAMS 0x0000000088300000, 0x0000000088300000| Untracked 
| 132|0x0000000088400000, 0x0000000088400000, 0x0000000088500000|  0%| F|  |TAMS 0x0000000088400000, 0x0000000088400000| Untracked 
| 133|0x0000000088500000, 0x0000000088500000, 0x0000000088600000|  0%| F|  |TAMS 0x0000000088500000, 0x0000000088500000| Untracked 
| 134|0x0000000088600000, 0x0000000088600000, 0x0000000088700000|  0%| F|  |TAMS 0x0000000088600000, 0x0000000088600000| Untracked 
| 135|0x0000000088700000, 0x0000000088700000, 0x0000000088800000|  0%| F|  |TAMS 0x0000000088700000, 0x0000000088700000| Untracked 
| 136|0x0000000088800000, 0x0000000088800000, 0x0000000088900000|  0%| F|  |TAMS 0x0000000088800000, 0x0000000088800000| Untracked 
| 137|0x0000000088900000, 0x0000000088900000, 0x0000000088a00000|  0%| F|  |TAMS 0x0000000088900000, 0x0000000088900000| Untracked 
| 138|0x0000000088a00000, 0x0000000088a00000, 0x0000000088b00000|  0%| F|  |TAMS 0x0000000088a00000, 0x0000000088a00000| Untracked 
| 139|0x0000000088b00000, 0x0000000088b00000, 0x0000000088c00000|  0%| F|  |TAMS 0x0000000088b00000, 0x0000000088b00000| Untracked 
| 140|0x0000000088c00000, 0x0000000088c00000, 0x0000000088d00000|  0%| F|  |TAMS 0x0000000088c00000, 0x0000000088c00000| Untracked 
| 141|0x0000000088d00000, 0x0000000088d00000, 0x0000000088e00000|  0%| F|  |TAMS 0x0000000088d00000, 0x0000000088d00000| Untracked 
| 142|0x0000000088e00000, 0x0000000088e00000, 0x0000000088f00000|  0%| F|  |TAMS 0x0000000088e00000, 0x0000000088e00000| Untracked 
| 143|0x0000000088f00000, 0x0000000088f00000, 0x0000000089000000|  0%| F|  |TAMS 0x0000000088f00000, 0x0000000088f00000| Untracked 
| 144|0x0000000089000000, 0x0000000089000000, 0x0000000089100000|  0%| F|  |TAMS 0x0000000089000000, 0x0000000089000000| Untracked 
| 145|0x0000000089100000, 0x0000000089100000, 0x0000000089200000|  0%| F|  |TAMS 0x0000000089100000, 0x0000000089100000| Untracked 
| 146|0x0000000089200000, 0x0000000089200000, 0x0000000089300000|  0%| F|  |TAMS 0x0000000089200000, 0x0000000089200000| Untracked 
| 147|0x0000000089300000, 0x0000000089300000, 0x0000000089400000|  0%| F|  |TAMS 0x0000000089300000, 0x0000000089300000| Untracked 
| 148|0x0000000089400000, 0x0000000089400000, 0x0000000089500000|  0%| F|  |TAMS 0x0000000089400000, 0x0000000089400000| Untracked 
| 149|0x0000000089500000, 0x0000000089500000, 0x0000000089600000|  0%| F|  |TAMS 0x0000000089500000, 0x0000000089500000| Untracked 
| 150|0x0000000089600000, 0x0000000089600000, 0x0000000089700000|  0%| F|  |TAMS 0x0000000089600000, 0x0000000089600000| Untracked 
| 151|0x0000000089700000, 0x0000000089700000, 0x0000000089800000|  0%| F|  |TAMS 0x0000000089700000, 0x0000000089700000| Untracked 
| 152|0x0000000089800000, 0x0000000089800000, 0x0000000089900000|  0%| F|  |TAMS 0x0000000089800000, 0x0000000089800000| Untracked 
| 153|0x0000000089900000, 0x0000000089900000, 0x0000000089a00000|  0%| F|  |TAMS 0x0000000089900000, 0x0000000089900000| Untracked 
| 154|0x0000000089a00000, 0x0000000089a00000, 0x0000000089b00000|  0%| F|  |TAMS 0x0000000089a00000, 0x0000000089a00000| Untracked 
| 155|0x0000000089b00000, 0x0000000089b00000, 0x0000000089c00000|  0%| F|  |TAMS 0x0000000089b00000, 0x0000000089b00000| Untracked 
| 156|0x0000000089c00000, 0x0000000089c00000, 0x0000000089d00000|  0%| F|  |TAMS 0x0000000089c00000, 0x0000000089c00000| Untracked 
| 157|0x0000000089d00000, 0x0000000089d00000, 0x0000000089e00000|  0%| F|  |TAMS 0x0000000089d00000, 0x0000000089d00000| Untracked 
| 158|0x0000000089e00000, 0x0000000089e00000, 0x0000000089f00000|  0%| F|  |TAMS 0x0000000089e00000, 0x0000000089e00000| Untracked 
| 159|0x0000000089f00000, 0x0000000089f00000, 0x000000008a000000|  0%| F|  |TAMS 0x0000000089f00000, 0x0000000089f00000| Untracked 
| 160|0x000000008a000000, 0x000000008a000000, 0x000000008a100000|  0%| F|  |TAMS 0x000000008a000000, 0x000000008a000000| Untracked 
| 161|0x000000008a100000, 0x000000008a100000, 0x000000008a200000|  0%| F|  |TAMS 0x000000008a100000, 0x000000008a100000| Untracked 
| 162|0x000000008a200000, 0x000000008a200000, 0x000000008a300000|  0%| F|  |TAMS 0x000000008a200000, 0x000000008a200000| Untracked 
| 163|0x000000008a300000, 0x000000008a300000, 0x000000008a400000|  0%| F|  |TAMS 0x000000008a300000, 0x000000008a300000| Untracked 
| 164|0x000000008a400000, 0x000000008a400000, 0x000000008a500000|  0%| F|  |TAMS 0x000000008a400000, 0x000000008a400000| Untracked 
| 165|0x000000008a500000, 0x000000008a500000, 0x000000008a600000|  0%| F|  |TAMS 0x000000008a500000, 0x000000008a500000| Untracked 
| 166|0x000000008a600000, 0x000000008a600000, 0x000000008a700000|  0%| F|  |TAMS 0x000000008a600000, 0x000000008a600000| Untracked 
| 167|0x000000008a700000, 0x000000008a700000, 0x000000008a800000|  0%| F|  |TAMS 0x000000008a700000, 0x000000008a700000| Untracked 
| 168|0x000000008a800000, 0x000000008a800000, 0x000000008a900000|  0%| F|  |TAMS 0x000000008a800000, 0x000000008a800000| Untracked 
| 169|0x000000008a900000, 0x000000008a900000, 0x000000008aa00000|  0%| F|  |TAMS 0x000000008a900000, 0x000000008a900000| Untracked 
| 170|0x000000008aa00000, 0x000000008aa00000, 0x000000008ab00000|  0%| F|  |TAMS 0x000000008aa00000, 0x000000008aa00000| Untracked 
| 171|0x000000008ab00000, 0x000000008ab00000, 0x000000008ac00000|  0%| F|  |TAMS 0x000000008ab00000, 0x000000008ab00000| Untracked 
| 172|0x000000008ac00000, 0x000000008ac00000, 0x000000008ad00000|  0%| F|  |TAMS 0x000000008ac00000, 0x000000008ac00000| Untracked 
| 173|0x000000008ad00000, 0x000000008ad00000, 0x000000008ae00000|  0%| F|  |TAMS 0x000000008ad00000, 0x000000008ad00000| Untracked 
| 174|0x000000008ae00000, 0x000000008ae00000, 0x000000008af00000|  0%| F|  |TAMS 0x000000008ae00000, 0x000000008ae00000| Untracked 
| 175|0x000000008af00000, 0x000000008af00000, 0x000000008b000000|  0%| F|  |TAMS 0x000000008af00000, 0x000000008af00000| Untracked 
| 176|0x000000008b000000, 0x000000008b000000, 0x000000008b100000|  0%| F|  |TAMS 0x000000008b000000, 0x000000008b000000| Untracked 
| 177|0x000000008b100000, 0x000000008b100000, 0x000000008b200000|  0%| F|  |TAMS 0x000000008b100000, 0x000000008b100000| Untracked 
| 178|0x000000008b200000, 0x000000008b200000, 0x000000008b300000|  0%| F|  |TAMS 0x000000008b200000, 0x000000008b200000| Untracked 
| 179|0x000000008b300000, 0x000000008b300000, 0x000000008b400000|  0%| F|  |TAMS 0x000000008b300000, 0x000000008b300000| Untracked 
| 180|0x000000008b400000, 0x000000008b400000, 0x000000008b500000|  0%| F|  |TAMS 0x000000008b400000, 0x000000008b400000| Untracked 
| 181|0x000000008b500000, 0x000000008b500000, 0x000000008b600000|  0%| F|  |TAMS 0x000000008b500000, 0x000000008b500000| Untracked 
| 182|0x000000008b600000, 0x000000008b600000, 0x000000008b700000|  0%| F|  |TAMS 0x000000008b600000, 0x000000008b600000| Untracked 
| 183|0x000000008b700000, 0x000000008b700000, 0x000000008b800000|  0%| F|  |TAMS 0x000000008b700000, 0x000000008b700000| Untracked 
| 184|0x000000008b800000, 0x000000008b800000, 0x000000008b900000|  0%| F|  |TAMS 0x000000008b800000, 0x000000008b800000| Untracked 
| 185|0x000000008b900000, 0x000000008b900000, 0x000000008ba00000|  0%| F|  |TAMS 0x000000008b900000, 0x000000008b900000| Untracked 
| 186|0x000000008ba00000, 0x000000008ba00000, 0x000000008bb00000|  0%| F|  |TAMS 0x000000008ba00000, 0x000000008ba00000| Untracked 
| 187|0x000000008bb00000, 0x000000008bb00000, 0x000000008bc00000|  0%| F|  |TAMS 0x000000008bb00000, 0x000000008bb00000| Untracked 
| 188|0x000000008bc00000, 0x000000008bc00000, 0x000000008bd00000|  0%| F|  |TAMS 0x000000008bc00000, 0x000000008bc00000| Untracked 
| 189|0x000000008bd00000, 0x000000008bd00000, 0x000000008be00000|  0%| F|  |TAMS 0x000000008bd00000, 0x000000008bd00000| Untracked 
| 190|0x000000008be00000, 0x000000008be00000, 0x000000008bf00000|  0%| F|  |TAMS 0x000000008be00000, 0x000000008be00000| Untracked 
| 191|0x000000008bf00000, 0x000000008bf00000, 0x000000008c000000|  0%| F|  |TAMS 0x000000008bf00000, 0x000000008bf00000| Untracked 
| 192|0x000000008c000000, 0x000000008c000000, 0x000000008c100000|  0%| F|  |TAMS 0x000000008c000000, 0x000000008c000000| Untracked 
| 193|0x000000008c100000, 0x000000008c100000, 0x000000008c200000|  0%| F|  |TAMS 0x000000008c100000, 0x000000008c100000| Untracked 
| 194|0x000000008c200000, 0x000000008c200000, 0x000000008c300000|  0%| F|  |TAMS 0x000000008c200000, 0x000000008c200000| Untracked 
| 195|0x000000008c300000, 0x000000008c300000, 0x000000008c400000|  0%| F|  |TAMS 0x000000008c300000, 0x000000008c300000| Untracked 
| 196|0x000000008c400000, 0x000000008c400000, 0x000000008c500000|  0%| F|  |TAMS 0x000000008c400000, 0x000000008c400000| Untracked 
| 197|0x000000008c500000, 0x000000008c500000, 0x000000008c600000|  0%| F|  |TAMS 0x000000008c500000, 0x000000008c500000| Untracked 
| 198|0x000000008c600000, 0x000000008c600000, 0x000000008c700000|  0%| F|  |TAMS 0x000000008c600000, 0x000000008c600000| Untracked 
| 199|0x000000008c700000, 0x000000008c700000, 0x000000008c800000|  0%| F|  |TAMS 0x000000008c700000, 0x000000008c700000| Untracked 
| 200|0x000000008c800000, 0x000000008c800000, 0x000000008c900000|  0%| F|  |TAMS 0x000000008c800000, 0x000000008c800000| Untracked 
| 201|0x000000008c900000, 0x000000008c900000, 0x000000008ca00000|  0%| F|  |TAMS 0x000000008c900000, 0x000000008c900000| Untracked 
| 202|0x000000008ca00000, 0x000000008ca00000, 0x000000008cb00000|  0%| F|  |TAMS 0x000000008ca00000, 0x000000008ca00000| Untracked 
| 203|0x000000008cb00000, 0x000000008cb00000, 0x000000008cc00000|  0%| F|  |TAMS 0x000000008cb00000, 0x000000008cb00000| Untracked 
| 204|0x000000008cc00000, 0x000000008cc00000, 0x000000008cd00000|  0%| F|  |TAMS 0x000000008cc00000, 0x000000008cc00000| Untracked 
| 205|0x000000008cd00000, 0x000000008cd00000, 0x000000008ce00000|  0%| F|  |TAMS 0x000000008cd00000, 0x000000008cd00000| Untracked 
| 206|0x000000008ce00000, 0x000000008ce00000, 0x000000008cf00000|  0%| F|  |TAMS 0x000000008ce00000, 0x000000008ce00000| Untracked 
| 207|0x000000008cf00000, 0x000000008cf00000, 0x000000008d000000|  0%| F|  |TAMS 0x000000008cf00000, 0x000000008cf00000| Untracked 
| 208|0x000000008d000000, 0x000000008d000000, 0x000000008d100000|  0%| F|  |TAMS 0x000000008d000000, 0x000000008d000000| Untracked 
| 209|0x000000008d100000, 0x000000008d100000, 0x000000008d200000|  0%| F|  |TAMS 0x000000008d100000, 0x000000008d100000| Untracked 
| 210|0x000000008d200000, 0x000000008d200000, 0x000000008d300000|  0%| F|  |TAMS 0x000000008d200000, 0x000000008d200000| Untracked 
| 211|0x000000008d300000, 0x000000008d300000, 0x000000008d400000|  0%| F|  |TAMS 0x000000008d300000, 0x000000008d300000| Untracked 
| 212|0x000000008d400000, 0x000000008d400000, 0x000000008d500000|  0%| F|  |TAMS 0x000000008d400000, 0x000000008d400000| Untracked 
| 213|0x000000008d500000, 0x000000008d500000, 0x000000008d600000|  0%| F|  |TAMS 0x000000008d500000, 0x000000008d500000| Untracked 
| 214|0x000000008d600000, 0x000000008d600000, 0x000000008d700000|  0%| F|  |TAMS 0x000000008d600000, 0x000000008d600000| Untracked 
| 215|0x000000008d700000, 0x000000008d800000, 0x000000008d800000|100%| E|  |TAMS 0x000000008d700000, 0x000000008d700000| Complete 
| 216|0x000000008d800000, 0x000000008d900000, 0x000000008d900000|100%| E|CS|TAMS 0x000000008d800000, 0x000000008d800000| Complete 
| 217|0x000000008d900000, 0x000000008da00000, 0x000000008da00000|100%| E|CS|TAMS 0x000000008d900000, 0x000000008d900000| Complete 
| 218|0x000000008da00000, 0x000000008db00000, 0x000000008db00000|100%| E|CS|TAMS 0x000000008da00000, 0x000000008da00000| Complete 
| 219|0x000000008db00000, 0x000000008dc00000, 0x000000008dc00000|100%| E|CS|TAMS 0x000000008db00000, 0x000000008db00000| Complete 
| 220|0x000000008dc00000, 0x000000008dd00000, 0x000000008dd00000|100%| E|CS|TAMS 0x000000008dc00000, 0x000000008dc00000| Complete 
| 221|0x000000008dd00000, 0x000000008de00000, 0x000000008de00000|100%| E|CS|TAMS 0x000000008dd00000, 0x000000008dd00000| Complete 
| 222|0x000000008de00000, 0x000000008df00000, 0x000000008df00000|100%| E|CS|TAMS 0x000000008de00000, 0x000000008de00000| Complete 
| 223|0x000000008df00000, 0x000000008e000000, 0x000000008e000000|100%| E|CS|TAMS 0x000000008df00000, 0x000000008df00000| Complete 
| 224|0x000000008e000000, 0x000000008e100000, 0x000000008e100000|100%| E|CS|TAMS 0x000000008e000000, 0x000000008e000000| Complete 
| 225|0x000000008e100000, 0x000000008e200000, 0x000000008e200000|100%| E|CS|TAMS 0x000000008e100000, 0x000000008e100000| Complete 
| 226|0x000000008e200000, 0x000000008e300000, 0x000000008e300000|100%| E|CS|TAMS 0x000000008e200000, 0x000000008e200000| Complete 
| 227|0x000000008e300000, 0x000000008e400000, 0x000000008e400000|100%| E|CS|TAMS 0x000000008e300000, 0x000000008e300000| Complete 
| 228|0x000000008e400000, 0x000000008e500000, 0x000000008e500000|100%| E|CS|TAMS 0x000000008e400000, 0x000000008e400000| Complete 
| 229|0x000000008e500000, 0x000000008e600000, 0x000000008e600000|100%| E|CS|TAMS 0x000000008e500000, 0x000000008e500000| Complete 
| 230|0x000000008e600000, 0x000000008e700000, 0x000000008e700000|100%| E|CS|TAMS 0x000000008e600000, 0x000000008e600000| Complete 
| 231|0x000000008e700000, 0x000000008e800000, 0x000000008e800000|100%| E|CS|TAMS 0x000000008e700000, 0x000000008e700000| Complete 
| 232|0x000000008e800000, 0x000000008e900000, 0x000000008e900000|100%| E|CS|TAMS 0x000000008e800000, 0x000000008e800000| Complete 
| 233|0x000000008e900000, 0x000000008ea00000, 0x000000008ea00000|100%| E|CS|TAMS 0x000000008e900000, 0x000000008e900000| Complete 
| 234|0x000000008ea00000, 0x000000008eb00000, 0x000000008eb00000|100%| E|CS|TAMS 0x000000008ea00000, 0x000000008ea00000| Complete 
| 235|0x000000008eb00000, 0x000000008ec00000, 0x000000008ec00000|100%| E|CS|TAMS 0x000000008eb00000, 0x000000008eb00000| Complete 
| 236|0x000000008ec00000, 0x000000008ed00000, 0x000000008ed00000|100%| E|CS|TAMS 0x000000008ec00000, 0x000000008ec00000| Complete 
| 237|0x000000008ed00000, 0x000000008ee00000, 0x000000008ee00000|100%| E|CS|TAMS 0x000000008ed00000, 0x000000008ed00000| Complete 
| 238|0x000000008ee00000, 0x000000008ef00000, 0x000000008ef00000|100%| E|CS|TAMS 0x000000008ee00000, 0x000000008ee00000| Complete 
| 239|0x000000008ef00000, 0x000000008f000000, 0x000000008f000000|100%| E|CS|TAMS 0x000000008ef00000, 0x000000008ef00000| Complete 
| 240|0x000000008f000000, 0x000000008f100000, 0x000000008f100000|100%| E|CS|TAMS 0x000000008f000000, 0x000000008f000000| Complete 
| 241|0x000000008f100000, 0x000000008f200000, 0x000000008f200000|100%| E|CS|TAMS 0x000000008f100000, 0x000000008f100000| Complete 
| 242|0x000000008f200000, 0x000000008f300000, 0x000000008f300000|100%| E|CS|TAMS 0x000000008f200000, 0x000000008f200000| Complete 
| 243|0x000000008f300000, 0x000000008f400000, 0x000000008f400000|100%| E|CS|TAMS 0x000000008f300000, 0x000000008f300000| Complete 
| 244|0x000000008f400000, 0x000000008f500000, 0x000000008f500000|100%| E|CS|TAMS 0x000000008f400000, 0x000000008f400000| Complete 
| 245|0x000000008f500000, 0x000000008f5656a0, 0x000000008f600000| 39%| S|CS|TAMS 0x000000008f500000, 0x000000008f500000| Complete 
| 246|0x000000008f600000, 0x000000008f700000, 0x000000008f700000|100%| S|CS|TAMS 0x000000008f600000, 0x000000008f600000| Complete 
| 247|0x000000008f700000, 0x000000008f800000, 0x000000008f800000|100%| E|CS|TAMS 0x000000008f700000, 0x000000008f700000| Complete 
| 248|0x000000008f800000, 0x000000008f900000, 0x000000008f900000|100%| E|CS|TAMS 0x000000008f800000, 0x000000008f800000| Complete 
| 249|0x000000008f900000, 0x000000008fa00000, 0x000000008fa00000|100%| E|CS|TAMS 0x000000008f900000, 0x000000008f900000| Complete 
| 250|0x000000008fa00000, 0x000000008fb00000, 0x000000008fb00000|100%| E|CS|TAMS 0x000000008fa00000, 0x000000008fa00000| Complete 
| 251|0x000000008fb00000, 0x000000008fc00000, 0x000000008fc00000|100%| E|CS|TAMS 0x000000008fb00000, 0x000000008fb00000| Complete 

Card table byte_map: [0x0000029d6ebe0000,0x0000029d6efe0000] _byte_map_base: 0x0000029d6e7e0000

Marking Bits (Prev, Next): (CMBitMap*) 0x0000029d5b9d1a58, (CMBitMap*) 0x0000029d5b9d1a90
 Prev Bits: [0x0000029d6f3e0000, 0x0000029d713e0000)
 Next Bits: [0x0000029d713e0000, 0x0000029d733e0000)

Polling page: 0x0000029d5b170000

Metaspace:

Usage:
  Non-class:     87.98 MB capacity,    86.53 MB ( 98%) used,     1.16 MB (  1%) free+waste,   294.31 KB ( <1%) overhead. 
      Class:     13.09 MB capacity,    12.20 MB ( 93%) used,   782.66 KB (  6%) free+waste,   128.50 KB ( <1%) overhead. 
       Both:    101.06 MB capacity,    98.73 MB ( 98%) used,     1.92 MB (  2%) free+waste,   422.81 KB ( <1%) overhead. 

Virtual space:
  Non-class space:       90.00 MB reserved,      88.08 MB ( 98%) committed 
      Class space:        1.00 GB reserved,      13.25 MB (  1%) committed 
             Both:        1.09 GB reserved,     101.33 MB (  9%) committed 

Chunk freelists:
   Non-Class:  39.00 KB
       Class:  72.00 KB
        Both:  111.00 KB

MaxMetaspaceSize: 17179869184.00 GB
CompressedClassSpaceSize: 1.00 GB
Initial GC threshold: 20.80 MB
Current GC threshold: 166.59 MB
CDS: off

CodeHeap 'non-profiled nmethods': size=120000Kb used=10298Kb max_used=10298Kb free=109701Kb
 bounds [0x0000029d66f80000, 0x0000029d67990000, 0x0000029d6e4b0000]
CodeHeap 'profiled nmethods': size=120000Kb used=33094Kb max_used=33094Kb free=86905Kb
 bounds [0x0000029d5fa50000, 0x0000029d61ab0000, 0x0000029d66f80000]
CodeHeap 'non-nmethods': size=5760Kb used=2397Kb max_used=2474Kb free=3362Kb
 bounds [0x0000029d5f4b0000, 0x0000029d5f730000, 0x0000029d5fa50000]
 total_blobs=15900 nmethods=14974 adapters=835
 compilation: enabled
              stopped_count=0, restarted_count=0
 full_count=0

Compilation events (20 events):
Event: 1573.280 Thread 0x0000029d76716800 15108       1       com.google.common.collect.AbstractMapBasedMultimap$WrappedCollection::getDelegate (5 bytes)
Event: 1573.280 Thread 0x0000029d76716800 nmethod 15108 0x0000029d6797bc90 code [0x0000029d6797be40, 0x0000029d6797bef8]
Event: 1573.280 Thread 0x0000029d76716800 15109       3       com.google.common.collect.AbstractMapBasedMultimap$KeySet$1::hasNext (10 bytes)
Event: 1573.280 Thread 0x0000029d76716800 nmethod 15109 0x0000029d61a9fd90 code [0x0000029d61a9ff40, 0x0000029d61aa0108]
Event: 1573.280 Thread 0x0000029d76716800 15110       3       com.google.common.collect.AbstractMapBasedMultimap$KeySet$1::next (26 bytes)
Event: 1573.280 Thread 0x0000029d76716800 nmethod 15110 0x0000029d61aa0210 code [0x0000029d61aa03e0, 0x0000029d61aa07b8]
Event: 1573.280 Thread 0x0000029d76716800 15114       3       com.android.ide.common.resources.DataItem::resetStatusToWritten (8 bytes)
Event: 1573.280 Thread 0x0000029d76716800 nmethod 15114 0x0000029d61aa0910 code [0x0000029d61aa0ac0, 0x0000029d61aa0bd8]
Event: 1573.280 Thread 0x0000029d76716800 15112       3       com.google.common.collect.AbstractMapBasedMultimap$WrappedList::get (15 bytes)
Event: 1573.281 Thread 0x0000029d76716800 nmethod 15112 0x0000029d61aa0c90 code [0x0000029d61aa0e80, 0x0000029d61aa1378]
Event: 1573.281 Thread 0x0000029d76716800 15113       3       com.google.common.collect.AbstractMapBasedMultimap$WrappedList::getListDelegate (8 bytes)
Event: 1573.281 Thread 0x0000029d76716800 nmethod 15113 0x0000029d61aa1510 code [0x0000029d61aa16c0, 0x0000029d61aa1958]
Event: 1573.281 Thread 0x0000029d766ce000 nmethod 15104 0x0000029d6797bf90 code [0x0000029d6797c160, 0x0000029d6797c3b8]
Event: 1573.281 Thread 0x0000029d766ce000 15111       4       com.google.common.collect.AbstractMapBasedMultimap$WrappedCollection::refreshIfEmpty (78 bytes)
Event: 1573.283 Thread 0x0000029d776a2000 nmethod 15103 0x0000029d6797c690 code [0x0000029d6797c880, 0x0000029d6797cb78]
Event: 1573.283 Thread 0x0000029d776a2000 15115       4       com.google.common.collect.ArrayListMultimap::get (6 bytes)
Event: 1573.288 Thread 0x0000029d766ce000 nmethod 15111 0x0000029d6797cf10 code [0x0000029d6797d0e0, 0x0000029d6797d4e8]
Event: 1573.288 Thread 0x0000029d766ce000 15118       4       com.google.common.collect.AbstractMapBasedMultimap$WrappedCollection::<init> (44 bytes)
Event: 1573.293 Thread 0x0000029d766ce000 nmethod 15118 0x0000029d6797d890 code [0x0000029d6797da20, 0x0000029d6797de38]
Event: 1573.293 Thread 0x0000029d766ce000 15117       4       com.google.common.collect.AbstractMapBasedMultimap::wrapList (33 bytes)

GC Heap History (20 events):
Event: 16.736 GC heap before
{Heap before GC invocations=12 (full 0):
 garbage-first heap   total 258048K, used 183322K [0x0000000080000000, 0x0000000100000000)
  region size 1024K, 128 young (131072K), 8 survivors (8192K)
 Metaspace       used 85473K, capacity 87702K, committed 87888K, reserved 1126400K
  class space    used 11052K, capacity 11921K, committed 12032K, reserved 1048576K
}
Event: 16.751 GC heap after
{Heap after GC invocations=13 (full 0):
 garbage-first heap   total 258048K, used 72083K [0x0000000080000000, 0x0000000100000000)
  region size 1024K, 16 young (16384K), 16 survivors (16384K)
 Metaspace       used 85473K, capacity 87702K, committed 87888K, reserved 1126400K
  class space    used 11052K, capacity 11921K, committed 12032K, reserved 1048576K
}
Event: 17.900 GC heap before
{Heap before GC invocations=13 (full 0):
 garbage-first heap   total 258048K, used 188819K [0x0000000080000000, 0x0000000100000000)
  region size 1024K, 131 young (134144K), 16 survivors (16384K)
 Metaspace       used 86581K, capacity 88935K, committed 89168K, reserved 1126400K
  class space    used 11107K, capacity 11986K, committed 12032K, reserved 1048576K
}
Event: 17.919 GC heap after
{Heap after GC invocations=14 (full 0):
 garbage-first heap   total 258048K, used 81850K [0x0000000080000000, 0x0000000100000000)
  region size 1024K, 10 young (10240K), 10 survivors (10240K)
 Metaspace       used 86581K, capacity 88935K, committed 89168K, reserved 1126400K
  class space    used 11107K, capacity 11986K, committed 12032K, reserved 1048576K
}
Event: 18.691 GC heap before
{Heap before GC invocations=14 (full 0):
 garbage-first heap   total 258048K, used 193466K [0x0000000080000000, 0x0000000100000000)
  region size 1024K, 120 young (122880K), 10 survivors (10240K)
 Metaspace       used 89653K, capacity 91957K, committed 92112K, reserved 1128448K
  class space    used 11527K, capacity 12404K, committed 12416K, reserved 1048576K
}
Event: 18.702 GC heap after
{Heap after GC invocations=15 (full 0):
 garbage-first heap   total 258048K, used 86874K [0x0000000080000000, 0x0000000100000000)
  region size 1024K, 6 young (6144K), 6 survivors (6144K)
 Metaspace       used 89653K, capacity 91957K, committed 92112K, reserved 1128448K
  class space    used 11527K, capacity 12404K, committed 12416K, reserved 1048576K
}
Event: 22.731 GC heap before
{Heap before GC invocations=15 (full 0):
 garbage-first heap   total 258048K, used 199514K [0x0000000080000000, 0x0000000100000000)
  region size 1024K, 117 young (119808K), 6 survivors (6144K)
 Metaspace       used 93681K, capacity 96151K, committed 96336K, reserved 1132544K
  class space    used 11979K, capacity 12944K, committed 13056K, reserved 1048576K
}
Event: 22.742 GC heap after
{Heap after GC invocations=16 (full 0):
 garbage-first heap   total 258048K, used 94699K [0x0000000080000000, 0x0000000100000000)
  region size 1024K, 13 young (13312K), 13 survivors (13312K)
 Metaspace       used 93681K, capacity 96151K, committed 96336K, reserved 1132544K
  class space    used 11979K, capacity 12944K, committed 13056K, reserved 1048576K
}
Event: 23.017 GC heap before
{Heap before GC invocations=16 (full 0):
 garbage-first heap   total 258048K, used 139755K [0x0000000080000000, 0x0000000100000000)
  region size 1024K, 30 young (30720K), 13 survivors (13312K)
 Metaspace       used 94375K, capacity 96857K, committed 97104K, reserved 1134592K
  class space    used 12076K, capacity 13053K, committed 13056K, reserved 1048576K
}
Event: 23.030 GC heap after
{Heap after GC invocations=17 (full 0):
 garbage-first heap   total 258048K, used 126278K [0x0000000080000000, 0x0000000100000000)
  region size 1024K, 3 young (3072K), 3 survivors (3072K)
 Metaspace       used 94375K, capacity 96857K, committed 97104K, reserved 1134592K
  class space    used 12076K, capacity 13053K, committed 13056K, reserved 1048576K
}
Event: 23.272 GC heap before
{Heap before GC invocations=18 (full 0):
 garbage-first heap   total 258048K, used 137542K [0x0000000080000000, 0x0000000100000000)
  region size 1024K, 6 young (6144K), 3 survivors (3072K)
 Metaspace       used 94080K, capacity 96368K, committed 97104K, reserved 1134592K
  class space    used 11966K, capacity 12844K, committed 13056K, reserved 1048576K
}
Event: 23.274 GC heap after
{Heap after GC invocations=19 (full 0):
 garbage-first heap   total 258048K, used 95098K [0x0000000080000000, 0x0000000100000000)
  region size 1024K, 1 young (1024K), 1 survivors (1024K)
 Metaspace       used 94080K, capacity 96368K, committed 97104K, reserved 1134592K
  class space    used 11966K, capacity 12844K, committed 13056K, reserved 1048576K
}
Event: 43.826 GC heap before
{Heap before GC invocations=20 (full 0):
 garbage-first heap   total 258048K, used 208762K [0x0000000080000000, 0x0000000100000000)
  region size 1024K, 95 young (97280K), 1 survivors (1024K)
 Metaspace       used 99256K, capacity 101569K, committed 102096K, reserved 1138688K
  class space    used 12363K, capacity 13281K, committed 13440K, reserved 1048576K
}
Event: 43.837 GC heap after
{Heap after GC invocations=21 (full 0):
 garbage-first heap   total 258048K, used 102300K [0x0000000080000000, 0x0000000100000000)
  region size 1024K, 8 young (8192K), 8 survivors (8192K)
 Metaspace       used 99256K, capacity 101569K, committed 102096K, reserved 1138688K
  class space    used 12363K, capacity 13281K, committed 13440K, reserved 1048576K
}
Event: 46.242 GC heap before
{Heap before GC invocations=21 (full 0):
 garbage-first heap   total 258048K, used 187292K [0x0000000080000000, 0x0000000100000000)
  region size 1024K, 74 young (75776K), 8 survivors (8192K)
 Metaspace       used 99411K, capacity 101842K, committed 102352K, reserved 1138688K
  class space    used 12364K, capacity 13284K, committed 13440K, reserved 1048576K
}
Event: 46.260 GC heap after
{Heap after GC invocations=22 (full 0):
 garbage-first heap   total 258048K, used 126071K [0x0000000080000000, 0x0000000100000000)
  region size 1024K, 5 young (5120K), 5 survivors (5120K)
 Metaspace       used 99411K, capacity 101842K, committed 102352K, reserved 1138688K
  class space    used 12364K, capacity 13284K, committed 13440K, reserved 1048576K
}
Event: 1572.657 GC heap before
{Heap before GC invocations=23 (full 0):
 garbage-first heap   total 258048K, used 238711K [0x0000000080000000, 0x0000000100000000)
  region size 1024K, 79 young (80896K), 5 survivors (5120K)
 Metaspace       used 100161K, capacity 102617K, committed 102864K, reserved 1138688K
  class space    used 12389K, capacity 13325K, committed 13440K, reserved 1048576K
}
Event: 1572.665 GC heap after
{Heap after GC invocations=24 (full 0):
 garbage-first heap   total 258048K, used 108326K [0x0000000080000000, 0x0000000100000000)
  region size 1024K, 7 young (7168K), 7 survivors (7168K)
 Metaspace       used 100161K, capacity 102617K, committed 102864K, reserved 1138688K
  class space    used 12389K, capacity 13325K, committed 13440K, reserved 1048576K
}
Event: 1572.740 GC heap before
{Heap before GC invocations=24 (full 0):
 garbage-first heap   total 258048K, used 113446K [0x0000000080000000, 0x0000000100000000)
  region size 1024K, 12 young (12288K), 7 survivors (7168K)
 Metaspace       used 100179K, capacity 102617K, committed 102864K, reserved 1138688K
  class space    used 12389K, capacity 13325K, committed 13440K, reserved 1048576K
}
Event: 1572.748 GC heap after
{Heap after GC invocations=25 (full 0):
 garbage-first heap   total 258048K, used 106608K [0x0000000080000000, 0x0000000100000000)
  region size 1024K, 2 young (2048K), 2 survivors (2048K)
 Metaspace       used 100179K, capacity 102617K, committed 102864K, reserved 1138688K
  class space    used 12389K, capacity 13325K, committed 13440K, reserved 1048576K
}

Deoptimization events (20 events):
Event: 1573.031 Thread 0x0000029d01e80000 DEOPT PACKING pc=0x0000029d61a0f417 sp=0x000000ef868f89c0
Event: 1573.031 Thread 0x0000029d01e80000 DEOPT UNPACKING pc=0x0000029d5f4fa95e sp=0x000000ef868f7f48 mode 0
Event: 1573.032 Thread 0x0000029d01e80000 DEOPT PACKING pc=0x0000029d61a0f417 sp=0x000000ef868f8a10
Event: 1573.032 Thread 0x0000029d01e80000 DEOPT UNPACKING pc=0x0000029d5f4fa95e sp=0x000000ef868f7f98 mode 0
Event: 1573.033 Thread 0x0000029d01e80000 DEOPT PACKING pc=0x0000029d61a0f417 sp=0x000000ef868f89c0
Event: 1573.033 Thread 0x0000029d01e80000 DEOPT UNPACKING pc=0x0000029d5f4fa95e sp=0x000000ef868f7f48 mode 0
Event: 1573.033 Thread 0x0000029d01e80000 DEOPT PACKING pc=0x0000029d61a0f417 sp=0x000000ef868f8a10
Event: 1573.033 Thread 0x0000029d01e80000 DEOPT UNPACKING pc=0x0000029d5f4fa95e sp=0x000000ef868f7f98 mode 0
Event: 1573.034 Thread 0x0000029d01e80000 DEOPT PACKING pc=0x0000029d61a0f417 sp=0x000000ef868f8a10
Event: 1573.034 Thread 0x0000029d01e80000 DEOPT UNPACKING pc=0x0000029d5f4fa95e sp=0x000000ef868f7f98 mode 0
Event: 1573.035 Thread 0x0000029d01e80000 DEOPT PACKING pc=0x0000029d61a0f417 sp=0x000000ef868f89c0
Event: 1573.035 Thread 0x0000029d01e80000 DEOPT UNPACKING pc=0x0000029d5f4fa95e sp=0x000000ef868f7f48 mode 0
Event: 1573.038 Thread 0x0000029d01e80000 Uncommon trap: trap_request=0xffffff4d fr.pc=0x0000029d672bc198 relative=0x0000000000000258
Event: 1573.038 Thread 0x0000029d01e80000 Uncommon trap: reason=unstable_if action=reinterpret pc=0x0000029d672bc198 method=org.apache.xerces.dom.DeferredDocumentImpl.clearChunkValue([[Ljava/lang/Object;II)Ljava/lang/String; @ 3 c2
Event: 1573.038 Thread 0x0000029d01e80000 DEOPT PACKING pc=0x0000029d672bc198 sp=0x000000ef868f93d0
Event: 1573.038 Thread 0x0000029d01e80000 DEOPT UNPACKING pc=0x0000029d5f4fa1af sp=0x000000ef868f9390 mode 2
Event: 1573.092 Thread 0x0000029d01e80000 Uncommon trap: trap_request=0xffffff4d fr.pc=0x0000029d676b3b70 relative=0x00000000000001f0
Event: 1573.092 Thread 0x0000029d01e80000 Uncommon trap: reason=unstable_if action=reinterpret pc=0x0000029d676b3b70 method=sun.invoke.util.VerifyAccess.isTypeVisible(Ljava/lang/Class;Ljava/lang/Class;)Z @ 77 c2
Event: 1573.092 Thread 0x0000029d01e80000 DEOPT PACKING pc=0x0000029d676b3b70 sp=0x000000ef868f8160
Event: 1573.092 Thread 0x0000029d01e80000 DEOPT UNPACKING pc=0x0000029d5f4fa1af sp=0x000000ef868f80e0 mode 2

Classes redefined (0 events):
No events

Internal exceptions (20 events):
Event: 46.033 Thread 0x0000029d79480800 Exception <a 'sun/nio/fs/WindowsException'{0x000000008ca18750}> (0x000000008ca18750) thrown at [./src/hotspot/share/prims/jni.cpp, line 616]
Event: 46.034 Thread 0x0000029d79480800 Exception <a 'sun/nio/fs/WindowsException'{0x000000008ca19880}> (0x000000008ca19880) thrown at [./src/hotspot/share/prims/jni.cpp, line 616]
Event: 46.226 Thread 0x0000029d79487800 Exception <a 'sun/nio/fs/WindowsException'{0x000000008bb58b30}> (0x000000008bb58b30) thrown at [./src/hotspot/share/prims/jni.cpp, line 616]
Event: 46.226 Thread 0x0000029d79487800 Exception <a 'sun/nio/fs/WindowsException'{0x000000008bb58c38}> (0x000000008bb58c38) thrown at [./src/hotspot/share/prims/jni.cpp, line 616]
Event: 46.610 Thread 0x0000029d780eb800 Implicit null exception at 0x0000029d6734d502 to 0x0000029d6734dce0
Event: 46.613 Thread 0x0000029d79481000 Exception <a 'sun/nio/fs/WindowsException'{0x000000008f887668}> (0x000000008f887668) thrown at [./src/hotspot/share/prims/jni.cpp, line 616]
Event: 46.615 Thread 0x0000029d780eb800 Exception <a 'sun/nio/fs/WindowsException'{0x000000008f812ae8}> (0x000000008f812ae8) thrown at [./src/hotspot/share/prims/jni.cpp, line 616]
Event: 46.615 Thread 0x0000029d780eb800 Exception <a 'sun/nio/fs/WindowsException'{0x000000008f812b68}> (0x000000008f812b68) thrown at [./src/hotspot/share/prims/jni.cpp, line 616]
Event: 46.615 Thread 0x0000029d780eb800 Exception <a 'sun/nio/fs/WindowsException'{0x000000008f8144e8}> (0x000000008f8144e8) thrown at [./src/hotspot/share/prims/jni.cpp, line 616]
Event: 46.646 Thread 0x0000029d780eb800 Implicit null exception at 0x0000029d6775d18a to 0x0000029d6775d288
Event: 1571.917 Thread 0x0000029d7ed7a000 Implicit null exception at 0x0000029d676b1ef6 to 0x0000029d676b2218
Event: 1572.348 Thread 0x0000029d7ed7a000 Exception <a 'sun/nio/fs/WindowsException'{0x000000008c022ac8}> (0x000000008c022ac8) thrown at [./src/hotspot/share/prims/jni.cpp, line 616]
Event: 1572.419 Thread 0x0000029d7ed7a000 Exception <a 'java/lang/NoClassDefFoundError'{0x000000008bc0a298}: org/jetbrains/kotlin/gradle/plugin/KotlinBasePluginWrapper> (0x000000008bc0a298) thrown at [./src/hotspot/share/oops/constantPool.cpp, line 775]
Event: 1572.472 Thread 0x0000029d7ed7a000 Exception <a 'sun/nio/fs/WindowsException'{0x000000008bade698}> (0x000000008bade698) thrown at [./src/hotspot/share/prims/jni.cpp, line 616]
Event: 1572.485 Thread 0x0000029d7ed7a000 Exception <a 'sun/nio/fs/WindowsException'{0x000000008b4885d8}> (0x000000008b4885d8) thrown at [./src/hotspot/share/prims/jni.cpp, line 616]
Event: 1572.485 Thread 0x0000029d7ed7a000 Exception <a 'sun/nio/fs/WindowsException'{0x000000008b489950}> (0x000000008b489950) thrown at [./src/hotspot/share/prims/jni.cpp, line 616]
Event: 1572.485 Thread 0x0000029d7ed7a000 Exception <a 'sun/nio/fs/WindowsException'{0x000000008b48ad18}> (0x000000008b48ad18) thrown at [./src/hotspot/share/prims/jni.cpp, line 616]
Event: 1572.485 Thread 0x0000029d7ed7a000 Exception <a 'sun/nio/fs/WindowsException'{0x000000008b48c0e0}> (0x000000008b48c0e0) thrown at [./src/hotspot/share/prims/jni.cpp, line 616]
Event: 1572.542 Thread 0x0000029d7ed7a000 Exception <a 'sun/nio/fs/WindowsException'{0x000000008b1a7f60}> (0x000000008b1a7f60) thrown at [./src/hotspot/share/prims/jni.cpp, line 616]
Event: 1573.038 Thread 0x0000029d01e80000 Implicit null exception at 0x0000029d672bbf84 to 0x0000029d672bc17c

Events (20 events):
Event: 1573.235 loading class com/google/common/collect/Multimaps$AsMap$EntrySet
Event: 1573.235 loading class com/google/common/collect/Multimaps$AsMap$EntrySet done
Event: 1573.235 loading class com/google/common/collect/LinkedListMultimap$1KeySetImpl
Event: 1573.235 loading class com/google/common/collect/LinkedListMultimap$1KeySetImpl done
Event: 1573.239 loading class com/google/common/collect/Multimaps$AsMap$EntrySet$1
Event: 1573.239 loading class com/google/common/collect/Multimaps$AsMap$EntrySet$1 done
Event: 1573.240 loading class com/google/common/collect/LinkedListMultimap$DistinctKeyIterator
Event: 1573.240 loading class com/google/common/collect/LinkedListMultimap$DistinctKeyIterator done
Event: 1573.241 loading class com/google/common/collect/LinkedListMultimap$1
Event: 1573.241 loading class com/google/common/collect/LinkedListMultimap$1 done
Event: 1573.243 loading class com/google/common/collect/AbstractMapBasedMultimap$RandomAccessWrappedList
Event: 1573.243 loading class com/google/common/collect/AbstractMapBasedMultimap$RandomAccessWrappedList done
Event: 1573.246 loading class com/google/common/collect/AbstractMapBasedMultimap$WrappedList
Event: 1573.246 loading class com/google/common/collect/AbstractMapBasedMultimap$WrappedList done
Event: 1573.247 loading class com/google/common/collect/AbstractMapBasedMultimap$WrappedCollection
Event: 1573.247 loading class com/google/common/collect/AbstractMapBasedMultimap$WrappedCollection done
Event: 1573.249 loading class com/google/common/collect/LinkedListMultimap$ValueForKeyIterator
Event: 1573.249 loading class com/google/common/collect/LinkedListMultimap$ValueForKeyIterator done
Event: 1573.292 loading class org/gradle/api/internal/artifacts/ivyservice/ResolvedArtifactCollectingVisitor
Event: 1573.292 loading class org/gradle/api/internal/artifacts/ivyservice/ResolvedArtifactCollectingVisitor done


Dynamic libraries:
0x00007ff71f990000 - 0x00007ff71f99a000 	C:\Program Files\Android\Android Studio\jre\bin\java.exe
0x00007ff838580000 - 0x00007ff838789000 	C:\Windows\SYSTEM32\ntdll.dll
0x00007ff8364c0000 - 0x00007ff83657d000 	C:\Windows\System32\KERNEL32.DLL
0x00007ff835f40000 - 0x00007ff8362bc000 	C:\Windows\System32\KERNELBASE.dll
0x00007ff8362c0000 - 0x00007ff8363d1000 	C:\Windows\System32\ucrtbase.dll
0x00007fffbf720000 - 0x00007fffbf737000 	C:\Program Files\Android\Android Studio\jre\bin\VCRUNTIME140.dll
0x00007fffc1e10000 - 0x00007fffc1e29000 	C:\Program Files\Android\Android Studio\jre\bin\jli.dll
0x00007ff837ae0000 - 0x00007ff837c8d000 	C:\Windows\System32\USER32.dll
0x00007ff8363e0000 - 0x00007ff836406000 	C:\Windows\System32\win32u.dll
0x00007ff8377a0000 - 0x00007ff8377c9000 	C:\Windows\System32\GDI32.dll
0x00007ff8245d0000 - 0x00007ff824875000 	C:\Windows\WinSxS\amd64_microsoft.windows.common-controls_6595b64144ccf1df_6.0.22000.120_none_9d947278b86cc467\COMCTL32.dll
0x00007ff835cb0000 - 0x00007ff835dc9000 	C:\Windows\System32\gdi32full.dll
0x00007ff835ae0000 - 0x00007ff835b7d000 	C:\Windows\System32\msvcp_win.dll
0x00007ff837590000 - 0x00007ff837633000 	C:\Windows\System32\msvcrt.dll
0x00007ff837aa0000 - 0x00007ff837ad1000 	C:\Windows\System32\IMM32.DLL
0x00007fffbe3b0000 - 0x00007fffbe44d000 	C:\Program Files\Android\Android Studio\jre\bin\msvcp140.dll
0x00007fffbe450000 - 0x00007fffbef52000 	C:\Program Files\Android\Android Studio\jre\bin\server\jvm.dll
0x00007ff8379f0000 - 0x00007ff837a9e000 	C:\Windows\System32\ADVAPI32.dll
0x00007ff837950000 - 0x00007ff8379ee000 	C:\Windows\System32\sechost.dll
0x00007ff837670000 - 0x00007ff837790000 	C:\Windows\System32\RPCRT4.dll
0x00007ff837580000 - 0x00007ff837588000 	C:\Windows\System32\PSAPI.DLL
0x00007ff831ac0000 - 0x00007ff831ac9000 	C:\Windows\SYSTEM32\WSOCK32.dll
0x00007ff82d440000 - 0x00007ff82d473000 	C:\Windows\SYSTEM32\WINMM.dll
0x00007ff8378c0000 - 0x00007ff83792f000 	C:\Windows\System32\WS2_32.dll
0x00007ff82e340000 - 0x00007ff82e34a000 	C:\Windows\SYSTEM32\VERSION.dll
0x00007ff834b10000 - 0x00007ff834b28000 	C:\Windows\SYSTEM32\kernel.appcore.dll
0x00007ff8251a0000 - 0x00007ff8251b1000 	C:\Program Files\Android\Android Studio\jre\bin\verify.dll
0x00007ff826cc0000 - 0x00007ff826ee1000 	C:\Windows\SYSTEM32\DBGHELP.DLL
0x00007ff8273a0000 - 0x00007ff8273d1000 	C:\Windows\SYSTEM32\dbgcore.DLL
0x00007ff835a60000 - 0x00007ff835adf000 	C:\Windows\System32\bcryptPrimitives.dll
0x00007ff824fe0000 - 0x00007ff825009000 	C:\Program Files\Android\Android Studio\jre\bin\java.dll
0x00007ff82a0e0000 - 0x00007ff82a0eb000 	C:\Program Files\Android\Android Studio\jre\bin\jimage.dll
0x00007ff824880000 - 0x00007ff824898000 	C:\Program Files\Android\Android Studio\jre\bin\zip.dll
0x00007ff836580000 - 0x00007ff836d38000 	C:\Windows\System32\SHELL32.dll
0x00007ff833b40000 - 0x00007ff8343a8000 	C:\Windows\SYSTEM32\windows.storage.dll
0x00007ff837ed0000 - 0x00007ff838249000 	C:\Windows\System32\combase.dll
0x00007ff8339d0000 - 0x00007ff833b36000 	C:\Windows\SYSTEM32\wintypes.dll
0x00007ff837de0000 - 0x00007ff837eca000 	C:\Windows\System32\SHCORE.dll
0x00007ff837c90000 - 0x00007ff837ced000 	C:\Windows\System32\shlwapi.dll
0x00007ff835990000 - 0x00007ff8359b1000 	C:\Windows\SYSTEM32\profapi.dll
0x00007ff81c960000 - 0x00007ff81c97a000 	C:\Program Files\Android\Android Studio\jre\bin\net.dll
0x00007ff82fc30000 - 0x00007ff82fd3c000 	C:\Windows\SYSTEM32\WINHTTP.dll
0x00007ff834f30000 - 0x00007ff834f97000 	C:\Windows\system32\mswsock.dll
0x00007ff81c940000 - 0x00007ff81c954000 	C:\Program Files\Android\Android Studio\jre\bin\nio.dll
0x00007fffc1510000 - 0x00007fffc1537000 	C:\Users\drzam\.gradle\native\e1d6ef7f7dcc3fd88c89a11ec53ec762bb8ba0a96d01ffa2cd45eb1d1d8dd5c5\windows-amd64\native-platform.dll
0x00007fffbc700000 - 0x00007fffbc844000 	C:\Users\drzam\.gradle\native\0d407fdbe67a94daf76414ababcb853783967236a71b16ec16e742cd7a986fd3\windows-amd64\native-platform-file-events.dll
0x00007ff828be0000 - 0x00007ff828bea000 	C:\Program Files\Android\Android Studio\jre\bin\management.dll
0x00007ff828050000 - 0x00007ff82805d000 	C:\Program Files\Android\Android Studio\jre\bin\management_ext.dll
0x00007ff835280000 - 0x00007ff835298000 	C:\Windows\SYSTEM32\CRYPTSP.dll
0x00007ff834a70000 - 0x00007ff834aa5000 	C:\Windows\system32\rsaenh.dll
0x00007ff834fd0000 - 0x00007ff834ff9000 	C:\Windows\SYSTEM32\USERENV.dll
0x00007ff835440000 - 0x00007ff835467000 	C:\Windows\SYSTEM32\bcrypt.dll
0x00007ff835120000 - 0x00007ff83512c000 	C:\Windows\SYSTEM32\CRYPTBASE.dll
0x00007ff834640000 - 0x00007ff83466d000 	C:\Windows\SYSTEM32\IPHLPAPI.DLL
0x00007ff837790000 - 0x00007ff837799000 	C:\Windows\System32\NSI.dll
0x00007ff82f530000 - 0x00007ff82f549000 	C:\Windows\SYSTEM32\dhcpcsvc6.DLL
0x00007ff82dac0000 - 0x00007ff82dade000 	C:\Windows\SYSTEM32\dhcpcsvc.DLL
0x00007ff8346c0000 - 0x00007ff8347a8000 	C:\Windows\SYSTEM32\DNSAPI.dll
0x00007ff832fb0000 - 0x00007ff833041000 	C:\Windows\system32\apphelp.dll
0x00007ff816340000 - 0x00007ff816367000 	C:\Program Files\Android\Android Studio\jre\bin\sunec.dll

dbghelp: loaded successfully - version: 4.0.5 - missing functions: none
symbol engine: initialized successfully - sym options: 0x614 - pdb path: .;C:\Program Files\Android\Android Studio\jre\bin;C:\Windows\SYSTEM32;C:\Windows\WinSxS\amd64_microsoft.windows.common-controls_6595b64144ccf1df_6.0.22000.120_none_9d947278b86cc467;C:\Program Files\Android\Android Studio\jre\bin\server;C:\Users\drzam\.gradle\native\e1d6ef7f7dcc3fd88c89a11ec53ec762bb8ba0a96d01ffa2cd45eb1d1d8dd5c5\windows-amd64;C:\Users\drzam\.gradle\native\0d407fdbe67a94daf76414ababcb853783967236a71b16ec16e742cd7a986fd3\windows-amd64

VM Arguments:
jvm_args: --add-opens=java.base/java.util=ALL-UNNAMED --add-opens=java.base/java.lang=ALL-UNNAMED --add-opens=java.base/java.lang.invoke=ALL-UNNAMED --add-opens=java.base/java.util=ALL-UNNAMED --add-opens=java.prefs/java.util.prefs=ALL-UNNAMED --add-opens=java.prefs/java.util.prefs=ALL-UNNAMED --add-opens=java.base/java.nio.charset=ALL-UNNAMED --add-opens=java.base/java.net=ALL-UNNAMED --add-opens=java.base/java.util.concurrent.atomic=ALL-UNNAMED -Xmx2048m -Dfile.encoding=UTF-8 -Duser.country=PL -Duser.language=pl -Duser.variant 
java_command: org.gradle.launcher.daemon.bootstrap.GradleDaemon 7.4
java_class_path (initial): C:\Users\drzam\.gradle\wrapper\dists\gradle-7.4-bin\c0gwcg53nkjbqw7r0h0umtfvt\gradle-7.4\lib\gradle-launcher-7.4.jar
Launcher Type: SUN_STANDARD

[Global flags]
     intx CICompilerCount                          = 4                                         {product} {ergonomic}
     uint ConcGCThreads                            = 2                                         {product} {ergonomic}
     uint G1ConcRefinementThreads                  = 8                                         {product} {ergonomic}
   size_t G1HeapRegionSize                         = 1048576                                   {product} {ergonomic}
    uintx GCDrainStackTargetSize                   = 64                                        {product} {ergonomic}
   size_t InitialHeapSize                          = 264241152                                 {product} {ergonomic}
   size_t MarkStackSize                            = 4194304                                   {product} {ergonomic}
   size_t MaxHeapSize                              = 2147483648                                {product} {command line}
   size_t MaxNewSize                               = 1287651328                                {product} {ergonomic}
   size_t MinHeapDeltaBytes                        = 1048576                                   {product} {ergonomic}
    uintx NonNMethodCodeHeapSize                   = 5836300                                {pd product} {ergonomic}
    uintx NonProfiledCodeHeapSize                  = 122910970                              {pd product} {ergonomic}
    uintx ProfiledCodeHeapSize                     = 122910970                              {pd product} {ergonomic}
    uintx ReservedCodeCacheSize                    = 251658240                              {pd product} {ergonomic}
     bool SegmentedCodeCache                       = true                                      {product} {ergonomic}
     bool UseCompressedClassPointers               = true                                 {lp64_product} {ergonomic}
     bool UseCompressedOops                        = true                                 {lp64_product} {ergonomic}
     bool UseG1GC                                  = true                                      {product} {ergonomic}
     bool UseLargePagesIndividualAllocation        = false                                  {pd product} {ergonomic}

Logging:
Log output configuration:
 #0: stdout all=warning uptime,level,tags
 #1: stderr all=off uptime,level,tags

Environment Variables:
PATH=C:\Program Files\Common Files\Oracle\Java\javapath;C:\Windows\system32;C:\Windows;C:\Windows\System32\Wbem;C:\Windows\System32\WindowsPowerShell\v1.0\;C:\Windows\System32\OpenSSH\;D:\Programy\Inkscape\bin;C:\Program Files\dotnet\;D:\Programy\xampp1\php;C:\ProgramData\ComposerSetup\bin;C:\Program Files\nodejs\;C:\Program Files (x86)\Microsoft SQL Server\150\DTS\Binn\;C:\Program Files\Azure Data Studio\bin;C:\Users\drzam\AppData\Local\Microsoft\WindowsApps;D:\Programy\Microsoft VS Code\bin;D:\Programy\Git\bin\git.exe;D:\Programy\Git\cmd;C:\Users\drzam\AppData\Roaming\Composer\vendor\bin;C:\Users\drzam\AppData\Roaming\npm;D:\Programy\xampp\php;C:\adb;C:\Users\drzam\AppData\Local\Microsoft\WindowsApps;D:\Programy\Microsoft VS Code\bin;D:\Programy\Git\bin\git.exe;D:\Programy\Git\cmd;C:\Users\drzam\AppData\Roaming\Composer\vendor\bin;C:\Users\drzam\AppData\Roaming\npm;C:\Program Files\Azure Data Studio\bin;D:\Programy\xampp\php;
USERNAME=drzam
OS=Windows_NT
PROCESSOR_IDENTIFIER=Intel64 Family 6 Model 60 Stepping 3, GenuineIntel



---------------  S Y S T E M  ---------------

OS: Windows 11 , 64 bit Build 22000 (10.0.22000.708)
OS uptime: 0 days 15:32 hours
Hyper-V role detected

CPU:total 8 (initial active 8) (4 cores per cpu, 2 threads per core) family 6 model 60 stepping 3 microcode 0x28, cmov, cx8, fxsr, mmx, sse, sse2, sse3, ssse3, sse4.1, sse4.2, popcnt, avx, avx2, aes, clmul, erms, lzcnt, ht, tsc, tscinvbit, bmi1, bmi2, fma

Memory: 4k page, system-wide physical 16053M (6650M free)
TotalPageFile size 24245M (AvailPageFile size 8703M)
current process WorkingSet (physical memory assigned to process): 368M, peak: 594M
current process commit charge ("private bytes"): 617M, peak: 636M

vm_info: OpenJDK 64-Bit Server VM (11.0.13+0-b1751.21-8125866) for windows-amd64 JRE (11.0.13+0-b1751.21-8125866), built on Feb  2 2022 03:00:22 by "builder" with MS VC++ 14.0 (VS2015)

END.
