#
# A fatal error has been detected by the Java Runtime Environment:
#
#  EXCEPTION_ACCESS_VIOLATION (0xc0000005) at pc=0x00007ffc661d2346, pid=17124, tid=17232
#
# JRE version: OpenJDK Runtime Environment (11.0.13) (build 11.0.13+0-b1751.21-8125866)
# Java VM: OpenJDK 64-Bit Server VM (11.0.13+0-b1751.21-8125866, mixed mode, tiered, compressed oops, g1 gc, windows-amd64)
# Problematic frame:
# V  [jvm.dll+0x192346]
#
# No core dump will be written. Minidumps are not enabled by default on client versions of Windows
#
# If you would like to submit a bug report, please visit:
#   https://bugreport.java.com/bugreport/crash.jsp
#

---------------  S U M M A R Y ------------

Command Line: --add-opens=java.base/java.util=ALL-UNNAMED --add-opens=java.base/java.lang=ALL-UNNAMED --add-opens=java.base/java.lang.invoke=ALL-UNNAMED --add-opens=java.base/java.util=ALL-UNNAMED --add-opens=java.prefs/java.util.prefs=ALL-UNNAMED --add-opens=java.prefs/java.util.prefs=ALL-UNNAMED --add-opens=java.base/java.nio.charset=ALL-UNNAMED --add-opens=java.base/java.net=ALL-UNNAMED --add-opens=java.base/java.util.concurrent.atomic=ALL-UNNAMED -Xmx2048m -Dfile.encoding=UTF-8 -Duser.country=PL -Duser.language=pl -Duser.variant org.gradle.launcher.daemon.bootstrap.GradleDaemon 7.4

Host: Intel(R) Core(TM) i7-4790 CPU @ 3.60GHz, 8 cores, 15G,  Windows 11 , 64 bit Build 22000 (10.0.22000.1335)
Time: Wed Jan 11 10:10:08 2023 Œrodkowoeuropejski czas stand. elapsed time: 14.033015 seconds (0d 0h 0m 14s)

---------------  T H R E A D  ---------------

Current thread (0x000002277b03f000):  GCTaskThread "GC Thread#1" [stack: 0x0000004328e00000,0x0000004328f00000] [id=17232]

Stack: [0x0000004328e00000,0x0000004328f00000],  sp=0x0000004328eff0a8,  free space=1020k
Native frames: (J=compiled Java code, j=interpreted, Vv=VM code, C=native code)
V  [jvm.dll+0x192346]


siginfo: EXCEPTION_ACCESS_VIOLATION (0xc0000005), reading address 0x0000000000000008


Register to memory mapping:

RIP=0x00007ffc661d2346 jvm.dll
RAX=0x0000000000000001 is an unknown value
RBX=0x0000000087cb0ea8 is pointing into object: [Ljava.lang.Object; 
{0x0000000087cae900} - klass: 'java/lang/Object'[]
 - length: 5120
RCX=0x000000008c5043d0 is pointing into object: java.lang.Class 
{0x000000008c5043b0} - klass: 'java/lang/Class'
RDX=0x000000008c5043d0 is pointing into object: java.lang.Class 
{0x000000008c5043b0} - klass: 'java/lang/Class'
RSP=0x0000004328eff0a8 points into unknown readable memory: 0x00007ffc6634a34c | 4c a3 34 66 fc 7f 00 00
RBP=0x8c5044208c955360 is an unknown value
RSI=0x000002277cc49990 points into unknown readable memory: 0x00007ffc6688d828 | 28 d8 88 66 fc 7f 00 00
RDI=0x000002277cc49990 points into unknown readable memory: 0x00007ffc6688d828 | 28 d8 88 66 fc 7f 00 00
R8 =0x000000008c5043d0 is pointing into object: java.lang.Class 
{0x000000008c5043b0} - klass: 'java/lang/Class'
R9 =0x0 is NULL
R10=0x000000008c5043d0 is pointing into object: java.lang.Class 
{0x000000008c5043b0} - klass: 'java/lang/Class'
R11=0x000002277cc49b00 points into unknown readable memory: 0x00007ffc6688d7e0 | e0 d7 88 66 fc 7f 00 00
R12=0x0 is NULL
R13=0x0000000000000001 is an unknown value
R14=0x000002276e8baa40 points into unknown readable memory: 0x0000000800000298 | 98 02 00 00 08 00 00 00
R15=0x000000008c5043d0 is pointing into object: java.lang.Class 
{0x000000008c5043b0} - klass: 'java/lang/Class'


Registers:
RAX=0x0000000000000001, RBX=0x0000000087cb0ea8, RCX=0x000000008c5043d0, RDX=0x000000008c5043d0
RSP=0x0000004328eff0a8, RBP=0x8c5044208c955360, RSI=0x000002277cc49990, RDI=0x000002277cc49990
R8 =0x000000008c5043d0, R9 =0x0000000000000000, R10=0x000000008c5043d0, R11=0x000002277cc49b00
R12=0x0000000000000000, R13=0x0000000000000001, R14=0x000002276e8baa40, R15=0x000000008c5043d0
RIP=0x00007ffc661d2346, EFLAGS=0x0000000000010246

Top of Stack: (sp=0x0000004328eff0a8)
0x0000004328eff0a8:   00007ffc6634a34c 0000000087b24d01
0x0000004328eff0b8:   000002277cc49990 000002277cc49990
0x0000004328eff0c8:   0000000087cb0f55 000002276e8ba9c0
0x0000004328eff0d8:   0000000080993ff8 000000057cc49b00
0x0000004328eff0e8:   0000000000000019 0000000000000001
0x0000004328eff0f8:   000002277cc49990 0000000000000040
0x0000004328eff108:   000002276e8baa40 0000000000000000
0x0000004328eff118:   000002277cc49990 0000004328eff301
0x0000004328eff128:   00007ffc6631be62 000002277cc49990
0x0000004328eff138:   00007ffc6631ed01 0000000000000992
0x0000004328eff148:   0000000087cb0ea8 000002276e8ba9c0
0x0000004328eff158:   00007ffc6634889b 0000000000000298
0x0000004328eff168:   0000000000000291 0000004328eff301
0x0000004328eff178:   00007ffc66357666 0000000080992790
0x0000004328eff188:   0000000100005a28 0000000000000000
0x0000004328eff198:   00007ffc66649e9f 0000004328eff240 

Instructions: (pc=0x00007ffc661d2346)
0x00007ffc661d2246:   48 89 5c 24 20 e8 f0 00 00 00 80 7f 30 00 48 63
0x00007ffc661d2256:   c8 48 89 4c 24 28 0f 28 44 24 20 74 17 0f 11 86
0x00007ffc661d2266:   98 03 00 00 48 8b 5c 24 40 48 8b 74 24 48 48 83
0x00007ffc661d2276:   c4 30 5f c3 48 8b 07 48 8d 54 24 20 48 8b cf 66
0x00007ffc661d2286:   0f 7f 44 24 20 ff 50 38 48 8b 5c 24 40 48 8b 74
0x00007ffc661d2296:   24 48 48 83 c4 30 5f c3 cc cc 40 53 48 83 ec 30
0x00007ffc661d22a6:   0f 10 82 98 03 00 00 48 8b da 0f 10 c8 66 0f 73
0x00007ffc661d22b6:   d9 08 66 48 0f 7e c8 48 85 c0 74 28 48 8b 01 48
0x00007ffc661d22c6:   8d 54 24 20 0f 29 44 24 20 ff 50 40 33 c0 48 89
0x00007ffc661d22d6:   44 24 20 48 89 44 24 28 0f 10 44 24 20 0f 11 83
0x00007ffc661d22e6:   98 03 00 00 48 83 c4 30 5b c3 48 8b 49 38 48 8b
0x00007ffc661d22f6:   01 48 ff 60 28 cc cc cc cc cc 80 3d d2 5e 89 00
0x00007ffc661d2306:   00 48 8b c1 74 1b 8b 51 08 8b 0d 03 cb 84 00 48
0x00007ffc661d2316:   d3 e2 48 8b c8 48 03 15 ee ca 84 00 e9 19 00 00
0x00007ffc661d2326:   00 48 8b 51 08 48 8b c8 e9 0d 00 00 00 cc cc cc
0x00007ffc661d2336:   cc cc cc cc cc cc cc cc cc cc 4c 8b ca 48 8b d1
0x00007ffc661d2346:   45 8b 41 08 45 85 c0 7e 0e 41 f6 c0 01 75 59 41
0x00007ffc661d2356:   c1 f8 03 41 8b c0 c3 79 4f 80 3d 73 5e 89 00 00
0x00007ffc661d2366:   b8 0c 00 00 00 b9 10 00 00 00 0f 45 c8 8b 05 1b
0x00007ffc661d2376:   14 83 00 ff c8 4c 63 c8 48 63 c1 41 8b c8 83 e1
0x00007ffc661d2386:   3f 48 63 14 10 41 8b c0 48 c1 f8 10 0f b6 c0 48
0x00007ffc661d2396:   d3 e2 49 8d 0c 11 49 f7 d1 48 03 c1 49 c1 e9 03
0x00007ffc661d23a6:   48 c1 e8 03 41 23 c1 c3 49 8b 01 49 8b c9 48 ff
0x00007ffc661d23b6:   a0 10 01 00 00 cc cc cc cc cc 48 8b c2 c3 cc cc
0x00007ffc661d23c6:   cc cc cc cc cc cc cc cc cc cc 48 83 ec 38 48 8b
0x00007ffc661d23d6:   41 38 80 78 08 00 74 00 0f 10 02 48 8b 49 38 48
0x00007ffc661d23e6:   8d 54 24 20 0f 29 44 24 20 e8 3c f0 ff ff 48 83
0x00007ffc661d23f6:   c4 38 c3 cc cc cc cc cc cc cc 48 83 ec 38 0f 10
0x00007ffc661d2406:   02 48 8b 01 48 8d 54 24 20 0f 29 44 24 20 ff 50
0x00007ffc661d2416:   38 48 83 c4 38 c3 cc cc cc cc 48 89 5c 24 08 55
0x00007ffc661d2426:   56 57 41 54 41 55 41 56 41 57 48 8d 6c 24 e0 48
0x00007ffc661d2436:   81 ec 20 01 00 00 48 8b 05 4d 51 86 00 48 33 c4 


Stack slot to memory mapping:
stack at sp + 0 slots: 0x00007ffc6634a34c jvm.dll
stack at sp + 1 slots: 0x0000000087b24d01 is pointing into object: java.lang.Class 
{0x0000000087b24c90} - klass: 'java/lang/Class'
stack at sp + 2 slots: 0x000002277cc49990 points into unknown readable memory: 0x00007ffc6688d828 | 28 d8 88 66 fc 7f 00 00
stack at sp + 3 slots: 0x000002277cc49990 points into unknown readable memory: 0x00007ffc6688d828 | 28 d8 88 66 fc 7f 00 00
stack at sp + 4 slots: 0x0000000087cb0f55 is pointing into object: [Ljava.lang.Object; 
{0x0000000087cae900} - klass: 'java/lang/Object'[]
 - length: 5120
stack at sp + 5 slots: 0x000002276e8ba9c0 points into unknown readable memory: 0x0000000000000298 | 98 02 00 00 00 00 00 00
stack at sp + 6 slots: 0x0000000080993ff8 is an oop: [B 
{0x0000000080993ff8} - klass: {type array byte}
 - length: 31
stack at sp + 7 slots: 0x000000057cc49b00 is an unknown value


---------------  P R O C E S S  ---------------

Threads class SMR info:
_java_thread_list=0x0000022711b31d10, length=37, elements={
0x000002276e8a1000, 0x000002277a5a2000, 0x000002277a5a3000, 0x000002277a5c8000,
0x000002277a5cb000, 0x000002277a5cc000, 0x000002277a611800, 0x000002277a612800,
0x000002277a626800, 0x000002277a796000, 0x000002277bec9800, 0x000002277be37000,
0x000002277c259800, 0x000002277bc67800, 0x000002277bfbd000, 0x000002277b8e6800,
0x000002277bb35000, 0x000002277bb36800, 0x000002277ab3e800, 0x000002277c6a2800,
0x000002277b929000, 0x000002277b924000, 0x000002277b926800, 0x000002277b6ad000,
0x000002277b924800, 0x000002277b929800, 0x000002277b92a800, 0x000002277b925800,
0x000002277b927000, 0x000002277b928000, 0x000002277cf19800, 0x000002277cead000,
0x000002277cf1a000, 0x000002277cf14800, 0x000002277cf16000, 0x000002277cf17000,
0x000002277cf15800
}

Java Threads: ( => current thread )
  0x000002276e8a1000 JavaThread "main" [_thread_blocked, id=11496, stack(0x0000004327c00000,0x0000004327d00000)]
  0x000002277a5a2000 JavaThread "Reference Handler" daemon [_thread_blocked, id=3124, stack(0x0000004328300000,0x0000004328400000)]
  0x000002277a5a3000 JavaThread "Finalizer" daemon [_thread_blocked, id=3176, stack(0x0000004328400000,0x0000004328500000)]
  0x000002277a5c8000 JavaThread "Signal Dispatcher" daemon [_thread_blocked, id=3452, stack(0x0000004328500000,0x0000004328600000)]
  0x000002277a5cb000 JavaThread "Attach Listener" daemon [_thread_blocked, id=3496, stack(0x0000004328600000,0x0000004328700000)]
  0x000002277a5cc000 JavaThread "Service Thread" daemon [_thread_blocked, id=3528, stack(0x0000004328700000,0x0000004328800000)]
  0x000002277a611800 JavaThread "C2 CompilerThread0" daemon [_thread_in_native, id=17004, stack(0x0000004328800000,0x0000004328900000)]
  0x000002277a612800 JavaThread "C1 CompilerThread0" daemon [_thread_blocked, id=4596, stack(0x0000004328900000,0x0000004328a00000)]
  0x000002277a626800 JavaThread "Sweeper thread" daemon [_thread_blocked, id=16712, stack(0x0000004328a00000,0x0000004328b00000)]
  0x000002277a796000 JavaThread "Common-Cleaner" daemon [_thread_blocked, id=11184, stack(0x0000004328b00000,0x0000004328c00000)]
  0x000002277bec9800 JavaThread "Daemon health stats" [_thread_blocked, id=11500, stack(0x0000004329300000,0x0000004329400000)]
  0x000002277be37000 JavaThread "Incoming local TCP Connector on port 61106" [_thread_in_native, id=17216, stack(0x0000004328d00000,0x0000004328e00000)]
  0x000002277c259800 JavaThread "Daemon periodic checks" [_thread_blocked, id=17224, stack(0x0000004329400000,0x0000004329500000)]
  0x000002277bc67800 JavaThread "Daemon" [_thread_blocked, id=17248, stack(0x0000004329500000,0x0000004329600000)]
  0x000002277bfbd000 JavaThread "Handler for socket connection from /127.0.0.1:61106 to /127.0.0.1:61107" [_thread_in_native, id=17236, stack(0x0000004329600000,0x0000004329700000)]
  0x000002277b8e6800 JavaThread "Cancel handler" [_thread_blocked, id=17228, stack(0x0000004329700000,0x0000004329800000)]
  0x000002277bb35000 JavaThread "Daemon worker" [_thread_blocked, id=17212, stack(0x0000004329800000,0x0000004329900000)]
  0x000002277bb36800 JavaThread "Asynchronous log dispatcher for DefaultDaemonConnection: socket connection from /127.0.0.1:61106 to /127.0.0.1:61107" [_thread_blocked, id=2936, stack(0x0000004329900000,0x0000004329a00000)]
  0x000002277ab3e800 JavaThread "Stdin handler" [_thread_blocked, id=2376, stack(0x0000004329a00000,0x0000004329b00000)]
  0x000002277c6a2800 JavaThread "Daemon client event forwarder" [_thread_blocked, id=3472, stack(0x0000004329b00000,0x0000004329c00000)]
  0x000002277b929000 JavaThread "Cache worker for journal cache (C:\Users\drzam\.gradle\caches\journal-1)" [_thread_blocked, id=17252, stack(0x0000004329c00000,0x0000004329d00000)]
  0x000002277b924000 JavaThread "File lock request listener" [_thread_in_native, id=16288, stack(0x0000004329d00000,0x0000004329e00000)]
  0x000002277b926800 JavaThread "Cache worker for file hash cache (C:\Users\drzam\.gradle\caches\7.4\fileHashes)" [_thread_blocked, id=2964, stack(0x0000004329e00000,0x0000004329f00000)]
  0x000002277b6ad000 JavaThread "C2 CompilerThread1" daemon [_thread_blocked, id=15316, stack(0x000000432a200000,0x000000432a300000)]
  0x000002277b924800 JavaThread "File watcher server" daemon [_thread_in_native, id=15540, stack(0x000000432a300000,0x000000432a400000)]
  0x000002277b929800 JavaThread "File watcher consumer" daemon [_thread_blocked, id=11748, stack(0x000000432a400000,0x000000432a500000)]
  0x000002277b92a800 JavaThread "Cache worker for checksums cache (C:\Users\drzam\AndroidStudioProjects\MojePomiary2\.gradle\7.4\checksums)" [_thread_blocked, id=15880, stack(0x000000432a500000,0x000000432a600000)]
  0x000002277b925800 JavaThread "Cache worker for cache directory md-rule (C:\Users\drzam\.gradle\caches\7.4\md-rule)" [_thread_blocked, id=11192, stack(0x000000432a600000,0x000000432a700000)]
  0x000002277b927000 JavaThread "Cache worker for file hash cache (C:\Users\drzam\AndroidStudioProjects\MojePomiary2\.gradle\7.4\fileHashes)" [_thread_blocked, id=11716, stack(0x000000432a700000,0x000000432a800000)]
  0x000002277b928000 JavaThread "Cache worker for cache directory md-supplier (C:\Users\drzam\.gradle\caches\7.4\md-supplier)" [_thread_blocked, id=4576, stack(0x000000432a800000,0x000000432a900000)]
  0x000002277cf19800 JavaThread "Cache worker for execution history cache (C:\Users\drzam\.gradle\caches\7.4\executionHistory)" [_thread_blocked, id=15784, stack(0x000000432a900000,0x000000432aa00000)]
  0x000002277cead000 JavaThread "C2 CompilerThread2" daemon [_thread_in_native, id=16948, stack(0x000000432aa00000,0x000000432ab00000)]
  0x000002277cf1a000 JavaThread "jar transforms" [_thread_blocked, id=16024, stack(0x000000432ab00000,0x000000432ac00000)]
  0x000002277cf14800 JavaThread "Cache worker for file content cache (C:\Users\drzam\.gradle\caches\7.4\fileContent)" [_thread_blocked, id=16016, stack(0x000000432ac00000,0x000000432ad00000)]
  0x000002277cf16000 JavaThread "jar transforms Thread 2" [_thread_blocked, id=9312, stack(0x000000432ad00000,0x000000432ae00000)]
  0x000002277cf17000 JavaThread "Cache worker for dependencies-accessors (C:\Users\drzam\AndroidStudioProjects\MojePomiary2\.gradle\7.4\dependencies-accessors)" [_thread_blocked, id=15156, stack(0x000000432ae00000,0x000000432af00000)]
  0x000002277cf15800 JavaThread "jar transforms Thread 3" [_thread_blocked, id=2408, stack(0x000000432af00000,0x000000432b000000)]

Other Threads:
  0x0000022779d6e000 VMThread "VM Thread" [stack: 0x0000004328200000,0x0000004328300000] [id=17172]
  0x000002277a7a5000 WatcherThread [stack: 0x0000004328c00000,0x0000004328d00000] [id=15968]
  0x000002276e8b9800 GCTaskThread "GC Thread#0" [stack: 0x0000004327d00000,0x0000004327e00000] [id=8340]
=>0x000002277b03f000 GCTaskThread "GC Thread#1" [stack: 0x0000004328e00000,0x0000004328f00000] [id=17232]
  0x000002277b03f800 GCTaskThread "GC Thread#2" [stack: 0x0000004328f00000,0x0000004329000000] [id=13776]
  0x000002277b2f1800 GCTaskThread "GC Thread#3" [stack: 0x0000004329000000,0x0000004329100000] [id=4708]
  0x000002277b2f2000 GCTaskThread "GC Thread#4" [stack: 0x0000004329100000,0x0000004329200000] [id=7024]
  0x000002277b534800 GCTaskThread "GC Thread#5" [stack: 0x0000004329200000,0x0000004329300000] [id=4696]
  0x000002277cdcc800 GCTaskThread "GC Thread#6" [stack: 0x0000004329f00000,0x000000432a000000] [id=16284]
  0x000002277ab26800 GCTaskThread "GC Thread#7" [stack: 0x000000432a000000,0x000000432a100000] [id=16300]
  0x000002276e8ed000 ConcurrentGCThread "G1 Main Marker" [stack: 0x0000004327e00000,0x0000004327f00000] [id=16824]
  0x000002276e8ef000 ConcurrentGCThread "G1 Conc#0" [stack: 0x0000004327f00000,0x0000004328000000] [id=17108]
  0x000002277b0fb800 ConcurrentGCThread "G1 Conc#1" [stack: 0x000000432a100000,0x000000432a200000] [id=16292]
  0x000002276e97e000 ConcurrentGCThread "G1 Refine#0" [stack: 0x0000004328000000,0x0000004328100000] [id=9848]
  0x0000022779bf2800 ConcurrentGCThread "G1 Young RemSet Sampling" [stack: 0x0000004328100000,0x0000004328200000] [id=16792]

Threads with active compile tasks:
C2 CompilerThread0  14089 3909       4       java.lang.invoke.MethodType::makeImpl (108 bytes)
C2 CompilerThread1  14089 3934       4       java.util.StringJoiner::toString (181 bytes)
C2 CompilerThread2  14089 3877       4       groovy.lang.MetaClassImpl$1MOPIter::methodNameAction (325 bytes)

VM state:at safepoint (normal execution)

VM Mutex/Monitor currently owned by a thread:  ([mutex/lock_event])
[0x000002276e89d2f0] Threads_lock - owner thread: 0x0000022779d6e000
[0x000002276e89d770] Heap_lock - owner thread: 0x000002277bb35000

Heap address: 0x0000000080000000, size: 2048 MB, Compressed Oops mode: 32-bit
Narrow klass base: 0x0000000000000000, Narrow klass shift: 3
Compressed class space size: 1073741824 Address: 0x0000000100000000

Heap:
 garbage-first heap   total 258048K, used 145183K [0x0000000080000000, 0x0000000100000000)
  region size 1024K, 129 young (132096K), 13 survivors (13312K)
 Metaspace       used 44834K, capacity 46007K, committed 46160K, reserved 1089536K
  class space    used 5648K, capacity 6038K, committed 6144K, reserved 1048576K
Heap Regions: E=young(eden), S=young(survivor), O=old, HS=humongous(starts), HC=humongous(continues), CS=collection set, F=free, A=archive, TAMS=top-at-mark-start (previous, next)
|   0|0x0000000080000000, 0x0000000080100000, 0x0000000080100000|100%| O|  |TAMS 0x0000000080100000, 0x0000000080000000| Untracked 
|   1|0x0000000080100000, 0x0000000080200000, 0x0000000080200000|100%| O|  |TAMS 0x0000000080200000, 0x0000000080100000| Untracked 
|   2|0x0000000080200000, 0x0000000080300000, 0x0000000080300000|100%| O|  |TAMS 0x0000000080300000, 0x0000000080200000| Untracked 
|   3|0x0000000080300000, 0x0000000080400000, 0x0000000080400000|100%|HS|  |TAMS 0x0000000080400000, 0x0000000080300000| Complete 
|   4|0x0000000080400000, 0x0000000080500000, 0x0000000080500000|100%|HC|  |TAMS 0x0000000080500000, 0x0000000080400000| Complete 
|   5|0x0000000080500000, 0x0000000080600000, 0x0000000080600000|100%|HC|  |TAMS 0x0000000080600000, 0x0000000080500000| Complete 
|   6|0x0000000080600000, 0x0000000080700000, 0x0000000080700000|100%| O|  |TAMS 0x0000000080700000, 0x0000000080600000| Untracked 
|   7|0x0000000080700000, 0x0000000080800000, 0x0000000080800000|100%| O|  |TAMS 0x0000000080800000, 0x0000000080700000| Untracked 
|   8|0x0000000080800000, 0x0000000080900000, 0x0000000080900000|100%| O|  |TAMS 0x0000000080900000, 0x0000000080800000| Untracked 
|   9|0x0000000080900000, 0x0000000080a00000, 0x0000000080a00000|100%| O|  |TAMS 0x0000000080a00000, 0x0000000080900000| Untracked 
|  10|0x0000000080a00000, 0x0000000080b00000, 0x0000000080b00000|100%| O|  |TAMS 0x0000000080b00000, 0x0000000080a00000| Untracked 
|  11|0x0000000080b00000, 0x0000000080c00000, 0x0000000080c00000|100%| O|  |TAMS 0x0000000080c00000, 0x0000000080b00000| Untracked 
|  12|0x0000000080c00000, 0x0000000080d00000, 0x0000000080d00000|100%| O|  |TAMS 0x0000000080d00000, 0x0000000080c00000| Untracked 
|  13|0x0000000080d00000, 0x0000000080e00000, 0x0000000080e00000|100%| O|  |TAMS 0x0000000080e00000, 0x0000000080d00000| Untracked 
|  14|0x0000000080e00000, 0x0000000080f00000, 0x0000000080f00000|100%| O|  |TAMS 0x0000000080f00000, 0x0000000080e00000| Untracked 
|  15|0x0000000080f00000, 0x0000000081000000, 0x0000000081000000|100%| O|  |TAMS 0x0000000081000000, 0x0000000080f00000| Untracked 
|  16|0x0000000081000000, 0x0000000081082600, 0x0000000081100000| 50%| O|  |TAMS 0x0000000081082600, 0x0000000081000000| Untracked 
|  17|0x0000000081100000, 0x0000000081200000, 0x0000000081200000|100%|HS|  |TAMS 0x0000000081100000, 0x0000000081100000| Complete 
|  18|0x0000000081200000, 0x0000000081300000, 0x0000000081300000|100%|HS|  |TAMS 0x0000000081200000, 0x0000000081200000| Complete 
|  19|0x0000000081300000, 0x0000000081400000, 0x0000000081400000|100%|HC|  |TAMS 0x0000000081300000, 0x0000000081300000| Complete 
|  20|0x0000000081400000, 0x0000000081500000, 0x0000000081500000|100%|HS|  |TAMS 0x0000000081400000, 0x0000000081400000| Complete 
|  21|0x0000000081500000, 0x0000000081500000, 0x0000000081600000|  0%| F|  |TAMS 0x0000000081500000, 0x0000000081500000| Untracked 
|  22|0x0000000081600000, 0x0000000081600000, 0x0000000081700000|  0%| F|  |TAMS 0x0000000081600000, 0x0000000081600000| Untracked 
|  23|0x0000000081700000, 0x0000000081700000, 0x0000000081800000|  0%| F|  |TAMS 0x0000000081700000, 0x0000000081700000| Untracked 
|  24|0x0000000081800000, 0x0000000081800000, 0x0000000081900000|  0%| F|  |TAMS 0x0000000081800000, 0x0000000081800000| Untracked 
|  25|0x0000000081900000, 0x0000000081900000, 0x0000000081a00000|  0%| F|  |TAMS 0x0000000081900000, 0x0000000081900000| Untracked 
|  26|0x0000000081a00000, 0x0000000081a00000, 0x0000000081b00000|  0%| F|  |TAMS 0x0000000081a00000, 0x0000000081a00000| Untracked 
|  27|0x0000000081b00000, 0x0000000081b00000, 0x0000000081c00000|  0%| F|  |TAMS 0x0000000081b00000, 0x0000000081b00000| Untracked 
|  28|0x0000000081c00000, 0x0000000081c00000, 0x0000000081d00000|  0%| F|  |TAMS 0x0000000081c00000, 0x0000000081c00000| Untracked 
|  29|0x0000000081d00000, 0x0000000081d00000, 0x0000000081e00000|  0%| F|  |TAMS 0x0000000081d00000, 0x0000000081d00000| Untracked 
|  30|0x0000000081e00000, 0x0000000081e00000, 0x0000000081f00000|  0%| F|  |TAMS 0x0000000081e00000, 0x0000000081e00000| Untracked 
|  31|0x0000000081f00000, 0x0000000081f00000, 0x0000000082000000|  0%| F|  |TAMS 0x0000000081f00000, 0x0000000081f00000| Untracked 
|  32|0x0000000082000000, 0x0000000082000000, 0x0000000082100000|  0%| F|  |TAMS 0x0000000082000000, 0x0000000082000000| Untracked 
|  33|0x0000000082100000, 0x0000000082100000, 0x0000000082200000|  0%| F|  |TAMS 0x0000000082100000, 0x0000000082100000| Untracked 
|  34|0x0000000082200000, 0x0000000082200000, 0x0000000082300000|  0%| F|  |TAMS 0x0000000082200000, 0x0000000082200000| Untracked 
|  35|0x0000000082300000, 0x0000000082300000, 0x0000000082400000|  0%| F|  |TAMS 0x0000000082300000, 0x0000000082300000| Untracked 
|  36|0x0000000082400000, 0x0000000082400000, 0x0000000082500000|  0%| F|  |TAMS 0x0000000082400000, 0x0000000082400000| Untracked 
|  37|0x0000000082500000, 0x0000000082500000, 0x0000000082600000|  0%| F|  |TAMS 0x0000000082500000, 0x0000000082500000| Untracked 
|  38|0x0000000082600000, 0x0000000082600000, 0x0000000082700000|  0%| F|  |TAMS 0x0000000082600000, 0x0000000082600000| Untracked 
|  39|0x0000000082700000, 0x0000000082700000, 0x0000000082800000|  0%| F|  |TAMS 0x0000000082700000, 0x0000000082700000| Untracked 
|  40|0x0000000082800000, 0x0000000082800000, 0x0000000082900000|  0%| F|  |TAMS 0x0000000082800000, 0x0000000082800000| Untracked 
|  41|0x0000000082900000, 0x0000000082900000, 0x0000000082a00000|  0%| F|  |TAMS 0x0000000082900000, 0x0000000082900000| Untracked 
|  42|0x0000000082a00000, 0x0000000082a00000, 0x0000000082b00000|  0%| F|  |TAMS 0x0000000082a00000, 0x0000000082a00000| Untracked 
|  43|0x0000000082b00000, 0x0000000082b00000, 0x0000000082c00000|  0%| F|  |TAMS 0x0000000082b00000, 0x0000000082b00000| Untracked 
|  44|0x0000000082c00000, 0x0000000082c00000, 0x0000000082d00000|  0%| F|  |TAMS 0x0000000082c00000, 0x0000000082c00000| Untracked 
|  45|0x0000000082d00000, 0x0000000082d00000, 0x0000000082e00000|  0%| F|  |TAMS 0x0000000082d00000, 0x0000000082d00000| Untracked 
|  46|0x0000000082e00000, 0x0000000082e00000, 0x0000000082f00000|  0%| F|  |TAMS 0x0000000082e00000, 0x0000000082e00000| Untracked 
|  47|0x0000000082f00000, 0x0000000082f00000, 0x0000000083000000|  0%| F|  |TAMS 0x0000000082f00000, 0x0000000082f00000| Untracked 
|  48|0x0000000083000000, 0x0000000083000000, 0x0000000083100000|  0%| F|  |TAMS 0x0000000083000000, 0x0000000083000000| Untracked 
|  49|0x0000000083100000, 0x0000000083100000, 0x0000000083200000|  0%| F|  |TAMS 0x0000000083100000, 0x0000000083100000| Untracked 
|  50|0x0000000083200000, 0x0000000083200000, 0x0000000083300000|  0%| F|  |TAMS 0x0000000083200000, 0x0000000083200000| Untracked 
|  51|0x0000000083300000, 0x0000000083300000, 0x0000000083400000|  0%| F|  |TAMS 0x0000000083300000, 0x0000000083300000| Untracked 
|  52|0x0000000083400000, 0x0000000083400000, 0x0000000083500000|  0%| F|  |TAMS 0x0000000083400000, 0x0000000083400000| Untracked 
|  53|0x0000000083500000, 0x0000000083500000, 0x0000000083600000|  0%| F|  |TAMS 0x0000000083500000, 0x0000000083500000| Untracked 
|  54|0x0000000083600000, 0x0000000083600000, 0x0000000083700000|  0%| F|  |TAMS 0x0000000083600000, 0x0000000083600000| Untracked 
|  55|0x0000000083700000, 0x0000000083700000, 0x0000000083800000|  0%| F|  |TAMS 0x0000000083700000, 0x0000000083700000| Untracked 
|  56|0x0000000083800000, 0x0000000083800000, 0x0000000083900000|  0%| F|  |TAMS 0x0000000083800000, 0x0000000083800000| Untracked 
|  57|0x0000000083900000, 0x0000000083900000, 0x0000000083a00000|  0%| F|  |TAMS 0x0000000083900000, 0x0000000083900000| Untracked 
|  58|0x0000000083a00000, 0x0000000083a00000, 0x0000000083b00000|  0%| F|  |TAMS 0x0000000083a00000, 0x0000000083a00000| Untracked 
|  59|0x0000000083b00000, 0x0000000083b00000, 0x0000000083c00000|  0%| F|  |TAMS 0x0000000083b00000, 0x0000000083b00000| Untracked 
|  60|0x0000000083c00000, 0x0000000083c00000, 0x0000000083d00000|  0%| F|  |TAMS 0x0000000083c00000, 0x0000000083c00000| Untracked 
|  61|0x0000000083d00000, 0x0000000083d00000, 0x0000000083e00000|  0%| F|  |TAMS 0x0000000083d00000, 0x0000000083d00000| Untracked 
|  62|0x0000000083e00000, 0x0000000083e00000, 0x0000000083f00000|  0%| F|  |TAMS 0x0000000083e00000, 0x0000000083e00000| Untracked 
|  63|0x0000000083f00000, 0x0000000083f00000, 0x0000000084000000|  0%| F|  |TAMS 0x0000000083f00000, 0x0000000083f00000| Untracked 
|  64|0x0000000084000000, 0x0000000084000000, 0x0000000084100000|  0%| F|  |TAMS 0x0000000084000000, 0x0000000084000000| Untracked 
|  65|0x0000000084100000, 0x0000000084100000, 0x0000000084200000|  0%| F|  |TAMS 0x0000000084100000, 0x0000000084100000| Untracked 
|  66|0x0000000084200000, 0x0000000084200000, 0x0000000084300000|  0%| F|  |TAMS 0x0000000084200000, 0x0000000084200000| Untracked 
|  67|0x0000000084300000, 0x0000000084300000, 0x0000000084400000|  0%| F|  |TAMS 0x0000000084300000, 0x0000000084300000| Untracked 
|  68|0x0000000084400000, 0x0000000084400000, 0x0000000084500000|  0%| F|  |TAMS 0x0000000084400000, 0x0000000084400000| Untracked 
|  69|0x0000000084500000, 0x0000000084500000, 0x0000000084600000|  0%| F|  |TAMS 0x0000000084500000, 0x0000000084500000| Untracked 
|  70|0x0000000084600000, 0x0000000084600000, 0x0000000084700000|  0%| F|  |TAMS 0x0000000084600000, 0x0000000084600000| Untracked 
|  71|0x0000000084700000, 0x0000000084700000, 0x0000000084800000|  0%| F|  |TAMS 0x0000000084700000, 0x0000000084700000| Untracked 
|  72|0x0000000084800000, 0x0000000084800000, 0x0000000084900000|  0%| F|  |TAMS 0x0000000084800000, 0x0000000084800000| Untracked 
|  73|0x0000000084900000, 0x0000000084900000, 0x0000000084a00000|  0%| F|  |TAMS 0x0000000084900000, 0x0000000084900000| Untracked 
|  74|0x0000000084a00000, 0x0000000084a00000, 0x0000000084b00000|  0%| F|  |TAMS 0x0000000084a00000, 0x0000000084a00000| Untracked 
|  75|0x0000000084b00000, 0x0000000084b00000, 0x0000000084c00000|  0%| F|  |TAMS 0x0000000084b00000, 0x0000000084b00000| Untracked 
|  76|0x0000000084c00000, 0x0000000084c00000, 0x0000000084d00000|  0%| F|  |TAMS 0x0000000084c00000, 0x0000000084c00000| Untracked 
|  77|0x0000000084d00000, 0x0000000084d00000, 0x0000000084e00000|  0%| F|  |TAMS 0x0000000084d00000, 0x0000000084d00000| Untracked 
|  78|0x0000000084e00000, 0x0000000084e00000, 0x0000000084f00000|  0%| F|  |TAMS 0x0000000084e00000, 0x0000000084e00000| Untracked 
|  79|0x0000000084f00000, 0x0000000084f00000, 0x0000000085000000|  0%| F|  |TAMS 0x0000000084f00000, 0x0000000084f00000| Untracked 
|  80|0x0000000085000000, 0x0000000085000000, 0x0000000085100000|  0%| F|  |TAMS 0x0000000085000000, 0x0000000085000000| Untracked 
|  81|0x0000000085100000, 0x0000000085100000, 0x0000000085200000|  0%| F|  |TAMS 0x0000000085100000, 0x0000000085100000| Untracked 
|  82|0x0000000085200000, 0x0000000085200000, 0x0000000085300000|  0%| F|  |TAMS 0x0000000085200000, 0x0000000085200000| Untracked 
|  83|0x0000000085300000, 0x0000000085300000, 0x0000000085400000|  0%| F|  |TAMS 0x0000000085300000, 0x0000000085300000| Untracked 
|  84|0x0000000085400000, 0x0000000085400000, 0x0000000085500000|  0%| F|  |TAMS 0x0000000085400000, 0x0000000085400000| Untracked 
|  85|0x0000000085500000, 0x0000000085500000, 0x0000000085600000|  0%| F|  |TAMS 0x0000000085500000, 0x0000000085500000| Untracked 
|  86|0x0000000085600000, 0x0000000085600000, 0x0000000085700000|  0%| F|  |TAMS 0x0000000085600000, 0x0000000085600000| Untracked 
|  87|0x0000000085700000, 0x0000000085700000, 0x0000000085800000|  0%| F|  |TAMS 0x0000000085700000, 0x0000000085700000| Untracked 
|  88|0x0000000085800000, 0x0000000085800000, 0x0000000085900000|  0%| F|  |TAMS 0x0000000085800000, 0x0000000085800000| Untracked 
|  89|0x0000000085900000, 0x0000000085900000, 0x0000000085a00000|  0%| F|  |TAMS 0x0000000085900000, 0x0000000085900000| Untracked 
|  90|0x0000000085a00000, 0x0000000085a00000, 0x0000000085b00000|  0%| F|  |TAMS 0x0000000085a00000, 0x0000000085a00000| Untracked 
|  91|0x0000000085b00000, 0x0000000085b00000, 0x0000000085c00000|  0%| F|  |TAMS 0x0000000085b00000, 0x0000000085b00000| Untracked 
|  92|0x0000000085c00000, 0x0000000085c00000, 0x0000000085d00000|  0%| F|  |TAMS 0x0000000085c00000, 0x0000000085c00000| Untracked 
|  93|0x0000000085d00000, 0x0000000085d00000, 0x0000000085e00000|  0%| F|  |TAMS 0x0000000085d00000, 0x0000000085d00000| Untracked 
|  94|0x0000000085e00000, 0x0000000085e00000, 0x0000000085f00000|  0%| F|  |TAMS 0x0000000085e00000, 0x0000000085e00000| Untracked 
|  95|0x0000000085f00000, 0x0000000085f00000, 0x0000000086000000|  0%| F|  |TAMS 0x0000000085f00000, 0x0000000085f00000| Untracked 
|  96|0x0000000086000000, 0x0000000086000000, 0x0000000086100000|  0%| F|  |TAMS 0x0000000086000000, 0x0000000086000000| Untracked 
|  97|0x0000000086100000, 0x0000000086100000, 0x0000000086200000|  0%| F|  |TAMS 0x0000000086100000, 0x0000000086100000| Untracked 
|  98|0x0000000086200000, 0x0000000086200000, 0x0000000086300000|  0%| F|  |TAMS 0x0000000086200000, 0x0000000086200000| Untracked 
|  99|0x0000000086300000, 0x0000000086300000, 0x0000000086400000|  0%| F|  |TAMS 0x0000000086300000, 0x0000000086300000| Untracked 
| 100|0x0000000086400000, 0x0000000086400000, 0x0000000086500000|  0%| F|  |TAMS 0x0000000086400000, 0x0000000086400000| Untracked 
| 101|0x0000000086500000, 0x0000000086500000, 0x0000000086600000|  0%| F|  |TAMS 0x0000000086500000, 0x0000000086500000| Untracked 
| 102|0x0000000086600000, 0x0000000086600000, 0x0000000086700000|  0%| F|  |TAMS 0x0000000086600000, 0x0000000086600000| Untracked 
| 103|0x0000000086700000, 0x0000000086700000, 0x0000000086800000|  0%| F|  |TAMS 0x0000000086700000, 0x0000000086700000| Untracked 
| 104|0x0000000086800000, 0x0000000086800000, 0x0000000086900000|  0%| F|  |TAMS 0x0000000086800000, 0x0000000086800000| Untracked 
| 105|0x0000000086900000, 0x0000000086900000, 0x0000000086a00000|  0%| F|  |TAMS 0x0000000086900000, 0x0000000086900000| Untracked 
| 106|0x0000000086a00000, 0x0000000086a00000, 0x0000000086b00000|  0%| F|  |TAMS 0x0000000086a00000, 0x0000000086a00000| Untracked 
| 107|0x0000000086b00000, 0x0000000086b00000, 0x0000000086c00000|  0%| F|  |TAMS 0x0000000086b00000, 0x0000000086b00000| Untracked 
| 108|0x0000000086c00000, 0x0000000086c00000, 0x0000000086d00000|  0%| F|  |TAMS 0x0000000086c00000, 0x0000000086c00000| Untracked 
| 109|0x0000000086d00000, 0x0000000086d00000, 0x0000000086e00000|  0%| F|  |TAMS 0x0000000086d00000, 0x0000000086d00000| Untracked 
| 110|0x0000000086e00000, 0x0000000086e00000, 0x0000000086f00000|  0%| F|  |TAMS 0x0000000086e00000, 0x0000000086e00000| Untracked 
| 111|0x0000000086f00000, 0x0000000086f00000, 0x0000000087000000|  0%| F|  |TAMS 0x0000000086f00000, 0x0000000086f00000| Untracked 
| 112|0x0000000087000000, 0x0000000087000000, 0x0000000087100000|  0%| F|  |TAMS 0x0000000087000000, 0x0000000087000000| Untracked 
| 113|0x0000000087100000, 0x0000000087100000, 0x0000000087200000|  0%| F|  |TAMS 0x0000000087100000, 0x0000000087100000| Untracked 
| 114|0x0000000087200000, 0x0000000087200000, 0x0000000087300000|  0%| F|  |TAMS 0x0000000087200000, 0x0000000087200000| Untracked 
| 115|0x0000000087300000, 0x0000000087300000, 0x0000000087400000|  0%| F|  |TAMS 0x0000000087300000, 0x0000000087300000| Untracked 
| 116|0x0000000087400000, 0x0000000087400000, 0x0000000087500000|  0%| F|  |TAMS 0x0000000087400000, 0x0000000087400000| Untracked 
| 117|0x0000000087500000, 0x00000000875544c8, 0x0000000087600000| 32%| S|  |TAMS 0x0000000087500000, 0x0000000087500000| Complete 
| 118|0x0000000087600000, 0x0000000087700000, 0x0000000087700000|100%| S|  |TAMS 0x0000000087600000, 0x0000000087600000| Complete 
| 119|0x0000000087700000, 0x0000000087800000, 0x0000000087800000|100%| S|  |TAMS 0x0000000087700000, 0x0000000087700000| Complete 
| 120|0x0000000087800000, 0x0000000087900000, 0x0000000087900000|100%| S|  |TAMS 0x0000000087800000, 0x0000000087800000| Complete 
| 121|0x0000000087900000, 0x0000000087a00000, 0x0000000087a00000|100%| S|  |TAMS 0x0000000087900000, 0x0000000087900000| Complete 
| 122|0x0000000087a00000, 0x0000000087b00000, 0x0000000087b00000|100%| S|  |TAMS 0x0000000087a00000, 0x0000000087a00000| Complete 
| 123|0x0000000087b00000, 0x0000000087c00000, 0x0000000087c00000|100%| S|  |TAMS 0x0000000087b00000, 0x0000000087b00000| Complete 
| 124|0x0000000087c00000, 0x0000000087d00000, 0x0000000087d00000|100%| S|  |TAMS 0x0000000087c00000, 0x0000000087c00000| Complete 
| 125|0x0000000087d00000, 0x0000000087e00000, 0x0000000087e00000|100%| S|  |TAMS 0x0000000087d00000, 0x0000000087d00000| Complete 
| 126|0x0000000087e00000, 0x0000000087f00000, 0x0000000087f00000|100%| S|  |TAMS 0x0000000087e00000, 0x0000000087e00000| Complete 
| 127|0x0000000087f00000, 0x0000000088000000, 0x0000000088000000|100%| S|  |TAMS 0x0000000087f00000, 0x0000000087f00000| Complete 
| 128|0x0000000088000000, 0x0000000088100000, 0x0000000088100000|100%| S|  |TAMS 0x0000000088000000, 0x0000000088000000| Complete 
| 129|0x0000000088100000, 0x0000000088200000, 0x0000000088200000|100%| S|  |TAMS 0x0000000088100000, 0x0000000088100000| Complete 
| 130|0x0000000088200000, 0x0000000088300000, 0x0000000088300000|100%| E|CS|TAMS 0x0000000088200000, 0x0000000088200000| Complete 
| 131|0x0000000088300000, 0x0000000088400000, 0x0000000088400000|100%| E|CS|TAMS 0x0000000088300000, 0x0000000088300000| Complete 
| 132|0x0000000088400000, 0x0000000088500000, 0x0000000088500000|100%| E|CS|TAMS 0x0000000088400000, 0x0000000088400000| Complete 
| 133|0x0000000088500000, 0x0000000088600000, 0x0000000088600000|100%| E|CS|TAMS 0x0000000088500000, 0x0000000088500000| Complete 
| 134|0x0000000088600000, 0x0000000088700000, 0x0000000088700000|100%| E|CS|TAMS 0x0000000088600000, 0x0000000088600000| Complete 
| 135|0x0000000088700000, 0x0000000088800000, 0x0000000088800000|100%| E|CS|TAMS 0x0000000088700000, 0x0000000088700000| Complete 
| 136|0x0000000088800000, 0x0000000088900000, 0x0000000088900000|100%| E|CS|TAMS 0x0000000088800000, 0x0000000088800000| Complete 
| 137|0x0000000088900000, 0x0000000088a00000, 0x0000000088a00000|100%| E|CS|TAMS 0x0000000088900000, 0x0000000088900000| Complete 
| 138|0x0000000088a00000, 0x0000000088b00000, 0x0000000088b00000|100%| E|CS|TAMS 0x0000000088a00000, 0x0000000088a00000| Complete 
| 139|0x0000000088b00000, 0x0000000088c00000, 0x0000000088c00000|100%| E|CS|TAMS 0x0000000088b00000, 0x0000000088b00000| Complete 
| 140|0x0000000088c00000, 0x0000000088d00000, 0x0000000088d00000|100%| E|CS|TAMS 0x0000000088c00000, 0x0000000088c00000| Complete 
| 141|0x0000000088d00000, 0x0000000088e00000, 0x0000000088e00000|100%| E|CS|TAMS 0x0000000088d00000, 0x0000000088d00000| Complete 
| 142|0x0000000088e00000, 0x0000000088f00000, 0x0000000088f00000|100%| E|CS|TAMS 0x0000000088e00000, 0x0000000088e00000| Complete 
| 143|0x0000000088f00000, 0x0000000089000000, 0x0000000089000000|100%| E|CS|TAMS 0x0000000088f00000, 0x0000000088f00000| Complete 
| 144|0x0000000089000000, 0x0000000089100000, 0x0000000089100000|100%| E|CS|TAMS 0x0000000089000000, 0x0000000089000000| Complete 
| 145|0x0000000089100000, 0x0000000089200000, 0x0000000089200000|100%| E|CS|TAMS 0x0000000089100000, 0x0000000089100000| Complete 
| 146|0x0000000089200000, 0x0000000089300000, 0x0000000089300000|100%| E|CS|TAMS 0x0000000089200000, 0x0000000089200000| Complete 
| 147|0x0000000089300000, 0x0000000089400000, 0x0000000089400000|100%| E|CS|TAMS 0x0000000089300000, 0x0000000089300000| Complete 
| 148|0x0000000089400000, 0x0000000089500000, 0x0000000089500000|100%| E|CS|TAMS 0x0000000089400000, 0x0000000089400000| Complete 
| 149|0x0000000089500000, 0x0000000089600000, 0x0000000089600000|100%| E|CS|TAMS 0x0000000089500000, 0x0000000089500000| Complete 
| 150|0x0000000089600000, 0x0000000089700000, 0x0000000089700000|100%| E|CS|TAMS 0x0000000089600000, 0x0000000089600000| Complete 
| 151|0x0000000089700000, 0x0000000089800000, 0x0000000089800000|100%| E|CS|TAMS 0x0000000089700000, 0x0000000089700000| Complete 
| 152|0x0000000089800000, 0x0000000089900000, 0x0000000089900000|100%| E|CS|TAMS 0x0000000089800000, 0x0000000089800000| Complete 
| 153|0x0000000089900000, 0x0000000089a00000, 0x0000000089a00000|100%| E|CS|TAMS 0x0000000089900000, 0x0000000089900000| Complete 
| 154|0x0000000089a00000, 0x0000000089b00000, 0x0000000089b00000|100%| E|CS|TAMS 0x0000000089a00000, 0x0000000089a00000| Complete 
| 155|0x0000000089b00000, 0x0000000089c00000, 0x0000000089c00000|100%| E|CS|TAMS 0x0000000089b00000, 0x0000000089b00000| Complete 
| 156|0x0000000089c00000, 0x0000000089d00000, 0x0000000089d00000|100%| E|CS|TAMS 0x0000000089c00000, 0x0000000089c00000| Complete 
| 157|0x0000000089d00000, 0x0000000089e00000, 0x0000000089e00000|100%| E|CS|TAMS 0x0000000089d00000, 0x0000000089d00000| Complete 
| 158|0x0000000089e00000, 0x0000000089f00000, 0x0000000089f00000|100%| E|CS|TAMS 0x0000000089e00000, 0x0000000089e00000| Complete 
| 159|0x0000000089f00000, 0x000000008a000000, 0x000000008a000000|100%| E|CS|TAMS 0x0000000089f00000, 0x0000000089f00000| Complete 
| 160|0x000000008a000000, 0x000000008a100000, 0x000000008a100000|100%| E|CS|TAMS 0x000000008a000000, 0x000000008a000000| Complete 
| 161|0x000000008a100000, 0x000000008a200000, 0x000000008a200000|100%| E|CS|TAMS 0x000000008a100000, 0x000000008a100000| Complete 
| 162|0x000000008a200000, 0x000000008a300000, 0x000000008a300000|100%| E|CS|TAMS 0x000000008a200000, 0x000000008a200000| Complete 
| 163|0x000000008a300000, 0x000000008a400000, 0x000000008a400000|100%| E|CS|TAMS 0x000000008a300000, 0x000000008a300000| Complete 
| 164|0x000000008a400000, 0x000000008a500000, 0x000000008a500000|100%| E|CS|TAMS 0x000000008a400000, 0x000000008a400000| Complete 
| 165|0x000000008a500000, 0x000000008a600000, 0x000000008a600000|100%| E|CS|TAMS 0x000000008a500000, 0x000000008a500000| Complete 
| 166|0x000000008a600000, 0x000000008a700000, 0x000000008a700000|100%| E|CS|TAMS 0x000000008a600000, 0x000000008a600000| Complete 
| 167|0x000000008a700000, 0x000000008a800000, 0x000000008a800000|100%| E|CS|TAMS 0x000000008a700000, 0x000000008a700000| Complete 
| 168|0x000000008a800000, 0x000000008a900000, 0x000000008a900000|100%| E|CS|TAMS 0x000000008a800000, 0x000000008a800000| Complete 
| 169|0x000000008a900000, 0x000000008aa00000, 0x000000008aa00000|100%| E|CS|TAMS 0x000000008a900000, 0x000000008a900000| Complete 
| 170|0x000000008aa00000, 0x000000008ab00000, 0x000000008ab00000|100%| E|CS|TAMS 0x000000008aa00000, 0x000000008aa00000| Complete 
| 171|0x000000008ab00000, 0x000000008ac00000, 0x000000008ac00000|100%| E|CS|TAMS 0x000000008ab00000, 0x000000008ab00000| Complete 
| 172|0x000000008ac00000, 0x000000008ad00000, 0x000000008ad00000|100%| E|CS|TAMS 0x000000008ac00000, 0x000000008ac00000| Complete 
| 173|0x000000008ad00000, 0x000000008ae00000, 0x000000008ae00000|100%| E|CS|TAMS 0x000000008ad00000, 0x000000008ad00000| Complete 
| 174|0x000000008ae00000, 0x000000008af00000, 0x000000008af00000|100%| E|CS|TAMS 0x000000008ae00000, 0x000000008ae00000| Complete 
| 175|0x000000008af00000, 0x000000008b000000, 0x000000008b000000|100%| E|CS|TAMS 0x000000008af00000, 0x000000008af00000| Complete 
| 176|0x000000008b000000, 0x000000008b100000, 0x000000008b100000|100%| E|CS|TAMS 0x000000008b000000, 0x000000008b000000| Complete 
| 177|0x000000008b100000, 0x000000008b200000, 0x000000008b200000|100%| E|CS|TAMS 0x000000008b100000, 0x000000008b100000| Complete 
| 178|0x000000008b200000, 0x000000008b300000, 0x000000008b300000|100%| E|CS|TAMS 0x000000008b200000, 0x000000008b200000| Complete 
| 179|0x000000008b300000, 0x000000008b400000, 0x000000008b400000|100%| E|CS|TAMS 0x000000008b300000, 0x000000008b300000| Complete 
| 180|0x000000008b400000, 0x000000008b500000, 0x000000008b500000|100%| E|CS|TAMS 0x000000008b400000, 0x000000008b400000| Complete 
| 181|0x000000008b500000, 0x000000008b600000, 0x000000008b600000|100%| E|CS|TAMS 0x000000008b500000, 0x000000008b500000| Complete 
| 182|0x000000008b600000, 0x000000008b700000, 0x000000008b700000|100%| E|CS|TAMS 0x000000008b600000, 0x000000008b600000| Complete 
| 183|0x000000008b700000, 0x000000008b800000, 0x000000008b800000|100%| E|CS|TAMS 0x000000008b700000, 0x000000008b700000| Complete 
| 184|0x000000008b800000, 0x000000008b900000, 0x000000008b900000|100%| E|CS|TAMS 0x000000008b800000, 0x000000008b800000| Complete 
| 185|0x000000008b900000, 0x000000008ba00000, 0x000000008ba00000|100%| E|CS|TAMS 0x000000008b900000, 0x000000008b900000| Complete 
| 186|0x000000008ba00000, 0x000000008bb00000, 0x000000008bb00000|100%| E|CS|TAMS 0x000000008ba00000, 0x000000008ba00000| Complete 
| 187|0x000000008bb00000, 0x000000008bc00000, 0x000000008bc00000|100%| E|CS|TAMS 0x000000008bb00000, 0x000000008bb00000| Complete 
| 188|0x000000008bc00000, 0x000000008bd00000, 0x000000008bd00000|100%| E|CS|TAMS 0x000000008bc00000, 0x000000008bc00000| Complete 
| 189|0x000000008bd00000, 0x000000008be00000, 0x000000008be00000|100%| E|CS|TAMS 0x000000008bd00000, 0x000000008bd00000| Complete 
| 190|0x000000008be00000, 0x000000008bf00000, 0x000000008bf00000|100%| E|CS|TAMS 0x000000008be00000, 0x000000008be00000| Complete 
| 191|0x000000008bf00000, 0x000000008c000000, 0x000000008c000000|100%| E|CS|TAMS 0x000000008bf00000, 0x000000008bf00000| Complete 
| 192|0x000000008c000000, 0x000000008c100000, 0x000000008c100000|100%| E|CS|TAMS 0x000000008c000000, 0x000000008c000000| Complete 
| 193|0x000000008c100000, 0x000000008c200000, 0x000000008c200000|100%| E|CS|TAMS 0x000000008c100000, 0x000000008c100000| Complete 
| 194|0x000000008c200000, 0x000000008c300000, 0x000000008c300000|100%| E|CS|TAMS 0x000000008c200000, 0x000000008c200000| Complete 
| 195|0x000000008c300000, 0x000000008c400000, 0x000000008c400000|100%| E|CS|TAMS 0x000000008c300000, 0x000000008c300000| Complete 
| 196|0x000000008c400000, 0x000000008c445870, 0x000000008c500000| 27%| E|CS|TAMS 0x000000008c400000, 0x000000008c400000| Complete 
| 197|0x000000008c500000, 0x000000008c600000, 0x000000008c600000|100%| E|CS|TAMS 0x000000008c500000, 0x000000008c500000| Complete 
| 198|0x000000008c600000, 0x000000008c700000, 0x000000008c700000|100%| E|CS|TAMS 0x000000008c600000, 0x000000008c600000| Complete 
| 199|0x000000008c700000, 0x000000008c800000, 0x000000008c800000|100%| E|CS|TAMS 0x000000008c700000, 0x000000008c700000| Complete 
| 200|0x000000008c800000, 0x000000008c900000, 0x000000008c900000|100%| E|CS|TAMS 0x000000008c800000, 0x000000008c800000| Complete 
| 201|0x000000008c900000, 0x000000008ca00000, 0x000000008ca00000|100%| E|CS|TAMS 0x000000008c900000, 0x000000008c900000| Complete 
| 202|0x000000008ca00000, 0x000000008cb00000, 0x000000008cb00000|100%| E|CS|TAMS 0x000000008ca00000, 0x000000008ca00000| Complete 
| 203|0x000000008cb00000, 0x000000008cc00000, 0x000000008cc00000|100%| E|CS|TAMS 0x000000008cb00000, 0x000000008cb00000| Complete 
| 204|0x000000008cc00000, 0x000000008cd00000, 0x000000008cd00000|100%| E|CS|TAMS 0x000000008cc00000, 0x000000008cc00000| Complete 
| 205|0x000000008cd00000, 0x000000008ce00000, 0x000000008ce00000|100%| E|CS|TAMS 0x000000008cd00000, 0x000000008cd00000| Complete 
| 206|0x000000008ce00000, 0x000000008cf00000, 0x000000008cf00000|100%| E|CS|TAMS 0x000000008ce00000, 0x000000008ce00000| Complete 
| 207|0x000000008cf00000, 0x000000008d000000, 0x000000008d000000|100%| E|CS|TAMS 0x000000008cf00000, 0x000000008cf00000| Complete 
| 208|0x000000008d000000, 0x000000008d100000, 0x000000008d100000|100%| E|CS|TAMS 0x000000008d000000, 0x000000008d000000| Complete 
| 209|0x000000008d100000, 0x000000008d200000, 0x000000008d200000|100%| E|CS|TAMS 0x000000008d100000, 0x000000008d100000| Complete 
| 210|0x000000008d200000, 0x000000008d300000, 0x000000008d300000|100%| E|CS|TAMS 0x000000008d200000, 0x000000008d200000| Complete 
| 211|0x000000008d300000, 0x000000008d400000, 0x000000008d400000|100%| E|CS|TAMS 0x000000008d300000, 0x000000008d300000| Complete 
| 212|0x000000008d400000, 0x000000008d500000, 0x000000008d500000|100%| E|CS|TAMS 0x000000008d400000, 0x000000008d400000| Complete 
| 213|0x000000008d500000, 0x000000008d600000, 0x000000008d600000|100%| E|CS|TAMS 0x000000008d500000, 0x000000008d500000| Complete 
| 214|0x000000008d600000, 0x000000008d700000, 0x000000008d700000|100%| E|CS|TAMS 0x000000008d600000, 0x000000008d600000| Complete 
| 215|0x000000008d700000, 0x000000008d800000, 0x000000008d800000|100%| E|CS|TAMS 0x000000008d700000, 0x000000008d700000| Complete 
| 216|0x000000008d800000, 0x000000008d900000, 0x000000008d900000|100%| E|CS|TAMS 0x000000008d800000, 0x000000008d800000| Complete 
| 217|0x000000008d900000, 0x000000008da00000, 0x000000008da00000|100%| E|CS|TAMS 0x000000008d900000, 0x000000008d900000| Complete 
| 218|0x000000008da00000, 0x000000008db00000, 0x000000008db00000|100%| E|CS|TAMS 0x000000008da00000, 0x000000008da00000| Complete 
| 219|0x000000008db00000, 0x000000008dc00000, 0x000000008dc00000|100%| E|CS|TAMS 0x000000008db00000, 0x000000008db00000| Complete 
| 220|0x000000008dc00000, 0x000000008dd00000, 0x000000008dd00000|100%| E|CS|TAMS 0x000000008dc00000, 0x000000008dc00000| Complete 
| 221|0x000000008dd00000, 0x000000008de00000, 0x000000008de00000|100%| E|CS|TAMS 0x000000008dd00000, 0x000000008dd00000| Complete 
| 222|0x000000008de00000, 0x000000008df00000, 0x000000008df00000|100%| E|CS|TAMS 0x000000008de00000, 0x000000008de00000| Complete 
| 223|0x000000008df00000, 0x000000008e000000, 0x000000008e000000|100%| E|CS|TAMS 0x000000008df00000, 0x000000008df00000| Complete 
| 224|0x000000008e000000, 0x000000008e100000, 0x000000008e100000|100%| E|CS|TAMS 0x000000008e000000, 0x000000008e000000| Complete 
| 225|0x000000008e100000, 0x000000008e200000, 0x000000008e200000|100%| E|CS|TAMS 0x000000008e100000, 0x000000008e100000| Complete 
| 226|0x000000008e200000, 0x000000008e300000, 0x000000008e300000|100%| E|CS|TAMS 0x000000008e200000, 0x000000008e200000| Complete 
| 227|0x000000008e300000, 0x000000008e400000, 0x000000008e400000|100%| E|CS|TAMS 0x000000008e300000, 0x000000008e300000| Complete 
| 228|0x000000008e400000, 0x000000008e500000, 0x000000008e500000|100%| E|CS|TAMS 0x000000008e400000, 0x000000008e400000| Complete 
| 229|0x000000008e500000, 0x000000008e600000, 0x000000008e600000|100%| E|CS|TAMS 0x000000008e500000, 0x000000008e500000| Complete 
| 230|0x000000008e600000, 0x000000008e700000, 0x000000008e700000|100%| E|CS|TAMS 0x000000008e600000, 0x000000008e600000| Complete 
| 231|0x000000008e700000, 0x000000008e800000, 0x000000008e800000|100%| E|CS|TAMS 0x000000008e700000, 0x000000008e700000| Complete 
| 232|0x000000008e800000, 0x000000008e900000, 0x000000008e900000|100%| E|CS|TAMS 0x000000008e800000, 0x000000008e800000| Complete 
| 233|0x000000008e900000, 0x000000008ea00000, 0x000000008ea00000|100%| E|CS|TAMS 0x000000008e900000, 0x000000008e900000| Complete 
| 234|0x000000008ea00000, 0x000000008eb00000, 0x000000008eb00000|100%| E|CS|TAMS 0x000000008ea00000, 0x000000008ea00000| Complete 
| 235|0x000000008eb00000, 0x000000008ec00000, 0x000000008ec00000|100%| E|CS|TAMS 0x000000008eb00000, 0x000000008eb00000| Complete 
| 236|0x000000008ec00000, 0x000000008ed00000, 0x000000008ed00000|100%| E|CS|TAMS 0x000000008ec00000, 0x000000008ec00000| Complete 
| 237|0x000000008ed00000, 0x000000008ee00000, 0x000000008ee00000|100%| E|CS|TAMS 0x000000008ed00000, 0x000000008ed00000| Complete 
| 238|0x000000008ee00000, 0x000000008ef00000, 0x000000008ef00000|100%| E|CS|TAMS 0x000000008ee00000, 0x000000008ee00000| Complete 
| 239|0x000000008ef00000, 0x000000008f000000, 0x000000008f000000|100%| E|CS|TAMS 0x000000008ef00000, 0x000000008ef00000| Complete 
| 240|0x000000008f000000, 0x000000008f100000, 0x000000008f100000|100%| E|CS|TAMS 0x000000008f000000, 0x000000008f000000| Complete 
| 241|0x000000008f100000, 0x000000008f200000, 0x000000008f200000|100%| E|CS|TAMS 0x000000008f100000, 0x000000008f100000| Complete 
| 242|0x000000008f200000, 0x000000008f300000, 0x000000008f300000|100%| E|CS|TAMS 0x000000008f200000, 0x000000008f200000| Complete 
| 243|0x000000008f300000, 0x000000008f400000, 0x000000008f400000|100%| E|CS|TAMS 0x000000008f300000, 0x000000008f300000| Complete 
| 244|0x000000008f400000, 0x000000008f500000, 0x000000008f500000|100%| E|CS|TAMS 0x000000008f400000, 0x000000008f400000| Complete 
| 245|0x000000008f500000, 0x000000008f600000, 0x000000008f600000|100%| E|CS|TAMS 0x000000008f500000, 0x000000008f500000| Complete 
| 246|0x000000008f600000, 0x000000008f700000, 0x000000008f700000|100%| E|CS|TAMS 0x000000008f600000, 0x000000008f600000| Complete 
| 247|0x000000008f700000, 0x000000008f800000, 0x000000008f800000|100%| E|CS|TAMS 0x000000008f700000, 0x000000008f700000| Complete 
| 248|0x000000008f800000, 0x000000008f900000, 0x000000008f900000|100%| E|CS|TAMS 0x000000008f800000, 0x000000008f800000| Complete 
| 249|0x000000008f900000, 0x000000008fa00000, 0x000000008fa00000|100%| E|CS|TAMS 0x000000008f900000, 0x000000008f900000| Complete 
| 250|0x000000008fa00000, 0x000000008fb00000, 0x000000008fb00000|100%| E|CS|TAMS 0x000000008fa00000, 0x000000008fa00000| Complete 
| 251|0x000000008fb00000, 0x000000008fc00000, 0x000000008fc00000|100%| E|CS|TAMS 0x000000008fb00000, 0x000000008fb00000| Complete 

Card table byte_map: [0x0000022772af0000,0x0000022772ef0000] _byte_map_base: 0x00000227726f0000

Marking Bits (Prev, Next): (CMBitMap*) 0x000002276e8e3fd8, (CMBitMap*) 0x000002276e8e4010
 Prev Bits: [0x00000227732f0000, 0x00000227752f0000)
 Next Bits: [0x00000227752f0000, 0x00000227772f0000)

Polling page: 0x000002276ca30000

Metaspace:

Usage:
  Non-class:     39.03 MB capacity,    38.27 MB ( 98%) used,   675.77 KB (  2%) free+waste,   106.31 KB ( <1%) overhead. 
      Class:      5.90 MB capacity,     5.52 MB ( 94%) used,   339.32 KB (  6%) free+waste,    50.63 KB ( <1%) overhead. 
       Both:     44.93 MB capacity,    43.78 MB ( 97%) used,  1015.09 KB (  2%) free+waste,   156.94 KB ( <1%) overhead. 

Virtual space:
  Non-class space:       40.00 MB reserved,      39.08 MB ( 98%) committed 
      Class space:        1.00 GB reserved,       6.00 MB ( <1%) committed 
             Both:        1.04 GB reserved,      45.08 MB (  4%) committed 

Chunk freelists:
   Non-Class:  47.00 KB
       Class:  10.00 KB
        Both:  57.00 KB

MaxMetaspaceSize: 17179869184.00 GB
CompressedClassSpaceSize: 1.00 GB
Initial GC threshold: 20.80 MB
Current GC threshold: 58.88 MB
CDS: off

CodeHeap 'non-profiled nmethods': size=120000Kb used=2267Kb max_used=2267Kb free=117733Kb
 bounds [0x0000022707ad0000, 0x0000022707d40000, 0x000002270f000000]
CodeHeap 'profiled nmethods': size=120000Kb used=8565Kb max_used=8565Kb free=111434Kb
 bounds [0x00000227005a0000, 0x0000022700e00000, 0x0000022707ad0000]
CodeHeap 'non-nmethods': size=5760Kb used=2276Kb max_used=2344Kb free=3483Kb
 bounds [0x0000022700000000, 0x0000022700270000, 0x00000227005a0000]
 total_blobs=4723 nmethods=3952 adapters=683
 compilation: enabled
              stopped_count=0, restarted_count=0
 full_count=0

Compilation events (20 events):
Event: 13.991 Thread 0x000002277a612800 3962       3       org.codehaus.groovy.reflection.ClassInfo::access$300 (6 bytes)
Event: 13.991 Thread 0x000002277a612800 nmethod 3962 0x0000022700df0f10 code [0x0000022700df10c0, 0x0000022700df11c8]
Event: 13.991 Thread 0x000002277a612800 3963       3       org.codehaus.groovy.reflection.CachedClass$4::initValue (5 bytes)
Event: 13.991 Thread 0x000002277a612800 nmethod 3963 0x0000022700df1290 code [0x0000022700df1440, 0x0000022700df1588]
Event: 13.991 Thread 0x000002277a612800 3964       3       org.codehaus.groovy.reflection.CachedClass$4::initValue (63 bytes)
Event: 13.992 Thread 0x000002277a612800 nmethod 3964 0x0000022700df1610 code [0x0000022700df1880, 0x0000022700df21a8]
Event: 13.995 Thread 0x000002277a612800 3965       3       groovyjarjarasm.asm.ByteVector::putUTF8 (144 bytes)
Event: 13.996 Thread 0x000002277a612800 nmethod 3965 0x0000022700df2490 code [0x0000022700df2720, 0x0000022700df3248]
Event: 13.996 Thread 0x000002277a612800 3966       3       groovyjarjarasm.asm.Frame::execute (2318 bytes)
Event: 14.003 Thread 0x000002277a612800 nmethod 3966 0x0000022700df3790 code [0x0000022700df4500, 0x0000022700dfac38]
Event: 14.003 Thread 0x000002277a612800 3968       3       groovyjarjarasm.asm.Symbol::<init> (38 bytes)
Event: 14.003 Thread 0x000002277a612800 nmethod 3968 0x0000022700dfc910 code [0x0000022700dfcac0, 0x0000022700dfcd58]
Event: 14.003 Thread 0x000002277a612800 3971       1       org.gradle.internal.instantiation.generator.DefaultInstantiationScheme::instantiator (5 bytes)
Event: 14.003 Thread 0x000002277a612800 nmethod 3971 0x0000022707d06310 code [0x0000022707d064c0, 0x0000022707d06578]
Event: 14.003 Thread 0x000002277a612800 3972       3       com.google.common.collect.ImmutableList$Builder::getReadyToExpandTo (66 bytes)
Event: 14.004 Thread 0x000002277a612800 nmethod 3972 0x0000022700dfce90 code [0x0000022700dfd080, 0x0000022700dfd4a8]
Event: 14.004 Thread 0x000002277a612800 3970       1       org.gradle.internal.instantiation.generator.AbstractClassGenerator$GeneratedClassImpl::getConstructors (5 bytes)
Event: 14.004 Thread 0x000002277a612800 nmethod 3970 0x0000022707d06610 code [0x0000022707d067c0, 0x0000022707d06878]
Event: 14.004 Thread 0x000002277a612800 3969       1       jdk.internal.reflect.ClassFileAssembler::getStack (5 bytes)
Event: 14.004 Thread 0x000002277a612800 nmethod 3969 0x0000022707d06910 code [0x0000022707d06ac0, 0x0000022707d06b78]

GC Heap History (9 events):
Event: 4.001 GC heap before
{Heap before GC invocations=0 (full 0):
 garbage-first heap   total 258048K, used 29696K [0x0000000080000000, 0x0000000100000000)
  region size 1024K, 24 young (24576K), 0 survivors (0K)
 Metaspace       used 10200K, capacity 10459K, committed 10624K, reserved 1058816K
  class space    used 1047K, capacity 1106K, committed 1152K, reserved 1048576K
}
Event: 4.106 GC heap after
{Heap after GC invocations=1 (full 0):
 garbage-first heap   total 258048K, used 9503K [0x0000000080000000, 0x0000000100000000)
  region size 1024K, 3 young (3072K), 3 survivors (3072K)
 Metaspace       used 10200K, capacity 10459K, committed 10624K, reserved 1058816K
  class space    used 1047K, capacity 1106K, committed 1152K, reserved 1048576K
}
Event: 8.991 GC heap before
{Heap before GC invocations=1 (full 0):
 garbage-first heap   total 258048K, used 114975K [0x0000000080000000, 0x0000000100000000)
  region size 1024K, 106 young (108544K), 3 survivors (3072K)
 Metaspace       used 20827K, capacity 21255K, committed 21296K, reserved 1069056K
  class space    used 2531K, capacity 2686K, committed 2688K, reserved 1048576K
}
Event: 9.013 GC heap after
{Heap after GC invocations=2 (full 0):
 garbage-first heap   total 258048K, used 17262K [0x0000000080000000, 0x0000000100000000)
  region size 1024K, 11 young (11264K), 11 survivors (11264K)
 Metaspace       used 20827K, capacity 21255K, committed 21296K, reserved 1069056K
  class space    used 2531K, capacity 2686K, committed 2688K, reserved 1048576K
}
Event: 10.765 GC heap before
{Heap before GC invocations=3 (full 0):
 garbage-first heap   total 258048K, used 83822K [0x0000000080000000, 0x0000000100000000)
  region size 1024K, 76 young (77824K), 11 survivors (11264K)
 Metaspace       used 27350K, capacity 27995K, committed 28080K, reserved 1073152K
  class space    used 3546K, capacity 3772K, committed 3840K, reserved 1048576K
}
Event: 10.774 GC heap after
{Heap after GC invocations=4 (full 0):
 garbage-first heap   total 258048K, used 19393K [0x0000000080000000, 0x0000000100000000)
  region size 1024K, 3 young (3072K), 3 survivors (3072K)
 Metaspace       used 27350K, capacity 27995K, committed 28080K, reserved 1073152K
  class space    used 3546K, capacity 3772K, committed 3840K, reserved 1048576K
}
Event: 11.855 GC heap before
{Heap before GC invocations=4 (full 0):
 garbage-first heap   total 258048K, used 69569K [0x0000000080000000, 0x0000000100000000)
  region size 1024K, 53 young (54272K), 3 survivors (3072K)
 Metaspace       used 34998K, capacity 35750K, committed 35920K, reserved 1081344K
  class space    used 4494K, capacity 4786K, committed 4864K, reserved 1048576K
}
Event: 11.863 GC heap after
{Heap after GC invocations=5 (full 0):
 garbage-first heap   total 258048K, used 22303K [0x0000000080000000, 0x0000000100000000)
  region size 1024K, 6 young (6144K), 6 survivors (6144K)
 Metaspace       used 34998K, capacity 35750K, committed 35920K, reserved 1081344K
  class space    used 4494K, capacity 4786K, committed 4864K, reserved 1048576K
}
Event: 14.012 GC heap before
{Heap before GC invocations=6 (full 0):
 garbage-first heap   total 258048K, used 144159K [0x0000000080000000, 0x0000000100000000)
  region size 1024K, 122 young (124928K), 6 survivors (6144K)
 Metaspace       used 44834K, capacity 46007K, committed 46160K, reserved 1089536K
  class space    used 5648K, capacity 6038K, committed 6144K, reserved 1048576K
}

Deoptimization events (20 events):
Event: 13.640 Thread 0x000002277bb35000 Uncommon trap: trap_request=0xffffff4d fr.pc=0x0000022707c15788 relative=0x00000000000000e8
Event: 13.641 Thread 0x000002277bb35000 Uncommon trap: reason=unstable_if action=reinterpret pc=0x0000022707c15788 method=org.objectweb.asm.ByteVector.putShort(I)Lorg/objectweb/asm/ByteVector; @ 13 c2
Event: 13.641 Thread 0x000002277bb35000 DEOPT PACKING pc=0x0000022707c15788 sp=0x00000043298f9130
Event: 13.641 Thread 0x000002277bb35000 DEOPT UNPACKING pc=0x000002270004a1af sp=0x00000043298f90c8 mode 2
Event: 13.683 Thread 0x000002277bb35000 Uncommon trap: trap_request=0xffffff4d fr.pc=0x0000022707c31f98 relative=0x0000000000001b18
Event: 13.683 Thread 0x000002277bb35000 Uncommon trap: reason=unstable_if action=reinterpret pc=0x0000022707c31f98 method=java.util.concurrent.ConcurrentHashMap.computeIfAbsent(Ljava/lang/Object;Ljava/util/function/Function;)Ljava/lang/Object; @ 123 c2
Event: 13.683 Thread 0x000002277bb35000 DEOPT PACKING pc=0x0000022707c31f98 sp=0x00000043298fa580
Event: 13.683 Thread 0x000002277bb35000 DEOPT UNPACKING pc=0x000002270004a1af sp=0x00000043298fa520 mode 2
Event: 13.990 Thread 0x000002277bb35000 Uncommon trap: trap_request=0xffffffc6 fr.pc=0x0000022707bf9c18 relative=0x0000000000000238
Event: 13.990 Thread 0x000002277bb35000 Uncommon trap: reason=bimorphic_or_optimized_type_check action=maybe_recompile pc=0x0000022707bf9c18 method=com.google.common.base.CharMatcher.indexIn(Ljava/lang/CharSequence;I)I @ 31 c2
Event: 13.990 Thread 0x000002277bb35000 DEOPT PACKING pc=0x0000022707bf9c18 sp=0x00000043298f8130
Event: 13.990 Thread 0x000002277bb35000 DEOPT UNPACKING pc=0x000002270004a1af sp=0x00000043298f80d8 mode 2
Event: 13.997 Thread 0x000002277bb35000 Uncommon trap: trap_request=0xffffffc6 fr.pc=0x0000022707bf9c18 relative=0x0000000000000238
Event: 13.997 Thread 0x000002277bb35000 Uncommon trap: reason=bimorphic_or_optimized_type_check action=maybe_recompile pc=0x0000022707bf9c18 method=com.google.common.base.CharMatcher.indexIn(Ljava/lang/CharSequence;I)I @ 31 c2
Event: 13.997 Thread 0x000002277bb35000 DEOPT PACKING pc=0x0000022707bf9c18 sp=0x00000043298f8130
Event: 13.997 Thread 0x000002277bb35000 DEOPT UNPACKING pc=0x000002270004a1af sp=0x00000043298f80d8 mode 2
Event: 14.008 Thread 0x000002277bb35000 Uncommon trap: trap_request=0xffffffc6 fr.pc=0x0000022707bf9c18 relative=0x0000000000000238
Event: 14.008 Thread 0x000002277bb35000 Uncommon trap: reason=bimorphic_or_optimized_type_check action=maybe_recompile pc=0x0000022707bf9c18 method=com.google.common.base.CharMatcher.indexIn(Ljava/lang/CharSequence;I)I @ 31 c2
Event: 14.008 Thread 0x000002277bb35000 DEOPT PACKING pc=0x0000022707bf9c18 sp=0x00000043298f9a80
Event: 14.008 Thread 0x000002277bb35000 DEOPT UNPACKING pc=0x000002270004a1af sp=0x00000043298f9a28 mode 2

Classes redefined (0 events):
No events

Internal exceptions (20 events):
Event: 13.443 Thread 0x000002277c6a2800 Exception <a 'java/lang/NoSuchMethodError'{0x000000008fb0ef18}: <clinit>> (0x000000008fb0ef18) thrown at [./src/hotspot/share/prims/jni.cpp, line 1366]
Event: 13.444 Thread 0x000002277c6a2800 Exception <a 'java/lang/NoSuchMethodError'{0x000000008fb10608}: <clinit>> (0x000000008fb10608) thrown at [./src/hotspot/share/prims/jni.cpp, line 1366]
Event: 13.447 Thread 0x000002277c6a2800 Exception <a 'java/lang/NoSuchMethodError'{0x000000008fb1f640}: <clinit>> (0x000000008fb1f640) thrown at [./src/hotspot/share/prims/jni.cpp, line 1366]
Event: 13.448 Thread 0x000002277c6a2800 Exception <a 'java/lang/NoSuchMethodError'{0x000000008a301d88}: <clinit>> (0x000000008a301d88) thrown at [./src/hotspot/share/prims/jni.cpp, line 1366]
Event: 13.451 Thread 0x000002277c6a2800 Exception <a 'java/lang/NoSuchMethodError'{0x000000008a3117d8}: <clinit>> (0x000000008a3117d8) thrown at [./src/hotspot/share/prims/jni.cpp, line 1366]
Event: 13.613 Thread 0x000002277bb35000 Implicit null exception at 0x0000022707bba8f4 to 0x0000022707bbab04
Event: 13.818 Thread 0x000002277bb35000 Exception <a 'java/lang/ClassNotFoundException'{0x0000000088f659e0}: build_a3nfmgg1s4uo56efljckpgi4hBeanInfo> (0x0000000088f659e0) thrown at [./src/hotspot/share/classfile/systemDictionary.cpp, line 231]
Event: 13.818 Thread 0x000002277bb35000 Exception <a 'java/lang/ClassNotFoundException'{0x0000000088f7cd98}: org/gradle/api/internal/project/ProjectScriptBeanInfo> (0x0000000088f7cd98) thrown at [./src/hotspot/share/classfile/systemDictionary.cpp, line 231]
Event: 13.819 Thread 0x000002277bb35000 Exception <a 'java/lang/ClassNotFoundException'{0x0000000088f94888}: org/gradle/api/internal/project/ProjectScriptCustomizer> (0x0000000088f94888) thrown at [./src/hotspot/share/classfile/systemDictionary.cpp, line 231]
Event: 13.821 Thread 0x000002277bb35000 Exception <a 'java/lang/ClassNotFoundException'{0x0000000088fb0758}: build_a3nfmgg1s4uo56efljckpgi4hCustomizer> (0x0000000088fb0758) thrown at [./src/hotspot/share/classfile/systemDictionary.cpp, line 231]
Event: 13.834 Thread 0x000002277bb35000 Exception <a 'java/lang/ClassNotFoundException'{0x0000000088e4de90}: org/gradle/api/internal/initialization/DefaultScriptHandlerBeanInfo> (0x0000000088e4de90) thrown at [./src/hotspot/share/classfile/systemDictionary.cpp, line 231]
Event: 13.835 Thread 0x000002277bb35000 Exception <a 'java/lang/ClassNotFoundException'{0x0000000088e782e0}: org/gradle/api/internal/initialization/DefaultScriptHandlerCustomizer> (0x0000000088e782e0) thrown at [./src/hotspot/share/classfile/systemDictionary.cpp, line 231]
Event: 13.961 Thread 0x000002277bb35000 Exception <a 'java/lang/ClassNotFoundException'{0x0000000088556d48}: org/gradle/api/internal/artifacts/dsl/dependencies/DefaultDependencyHandler_DecoratedBeanInfo> (0x0000000088556d48) thrown at [./src/hotspot/share/classfile/systemDictionary.cpp, line 231]
Event: 13.963 Thread 0x000002277bb35000 Exception <a 'java/lang/ClassNotFoundException'{0x0000000088595c90}: org/gradle/api/internal/artifacts/dsl/dependencies/DefaultDependencyHandlerBeanInfo> (0x0000000088595c90) thrown at [./src/hotspot/share/classfile/systemDictionary.cpp, line 231]
Event: 13.964 Thread 0x000002277bb35000 Exception <a 'java/lang/ClassNotFoundException'{0x00000000885d4af8}: org/gradle/api/internal/artifacts/dsl/dependencies/DefaultDependencyHandlerCustomizer> (0x00000000885d4af8) thrown at [./src/hotspot/share/classfile/systemDictionary.cpp, line 231]
Event: 13.967 Thread 0x000002277bb35000 Exception <a 'java/lang/ClassNotFoundException'{0x000000008843e6f8}: org/gradle/api/internal/artifacts/dsl/dependencies/DefaultDependencyHandler_DecoratedCustomizer> (0x000000008843e6f8) thrown at [./src/hotspot/share/classfile/systemDictionary.cpp, line 231]
Event: 13.985 Thread 0x000002277bb35000 Exception <a 'java/lang/ClassNotFoundException'{0x00000000883538d8}: org/gradle/plugin/use/internal/PluginRequestCollector$PluginDependenciesSpecImplBeanInfo> (0x00000000883538d8) thrown at [./src/hotspot/share/classfile/systemDictionary.cpp, line 231]
Event: 13.987 Thread 0x000002277bb35000 Exception <a 'java/lang/ClassNotFoundException'{0x0000000088382fe8}: org/gradle/plugin/use/internal/PluginRequestCollector$PluginDependenciesSpecImplCustomizer> (0x0000000088382fe8) thrown at [./src/hotspot/share/classfile/systemDictionary.cpp, line 231]
Event: 13.993 Thread 0x000002277bb35000 Exception <a 'java/lang/ClassNotFoundException'{0x00000000883e47f0}: org/gradle/plugin/use/internal/PluginRequestCollector$PluginDependencySpecImplBeanInfo> (0x00000000883e47f0) thrown at [./src/hotspot/share/classfile/systemDictionary.cpp, line 231]
Event: 13.994 Thread 0x000002277bb35000 Exception <a 'java/lang/ClassNotFoundException'{0x0000000088213388}: org/gradle/plugin/use/internal/PluginRequestCollector$PluginDependencySpecImplCustomizer> (0x0000000088213388) thrown at [./src/hotspot/share/classfile/systemDictionary.cpp, line 231]

Events (20 events):
Event: 14.006 loading class org/gradle/plugin/use/resolve/internal/NoopPluginResolver done
Event: 14.007 loading class org/gradle/plugin/use/resolve/internal/PluginResolution
Event: 14.007 loading class org/gradle/plugin/use/resolve/internal/PluginResolution done
Event: 14.008 loading class org/gradle/plugin/use/resolve/internal/CorePluginResolver
Event: 14.008 loading class org/gradle/plugin/use/resolve/internal/CorePluginResolver done
Event: 14.009 loading class org/gradle/plugin/use/resolve/internal/PluginResolverContributor
Event: 14.009 loading class org/gradle/plugin/use/resolve/internal/PluginResolverContributor done
Event: 14.009 loading class org/gradle/plugin/use/resolve/internal/ArtifactRepositoriesPluginResolver
Event: 14.009 loading class org/gradle/plugin/use/resolve/internal/ArtifactRepositoriesPluginResolver done
Event: 14.010 loading class org/gradle/plugin/use/resolve/internal/AlreadyOnClasspathPluginResolver
Event: 14.010 loading class org/gradle/plugin/use/resolve/internal/AlreadyOnClasspathPluginResolver done
Event: 14.011 loading class org/gradle/plugin/use/resolve/internal/PluginResolver
Event: 14.011 loading class org/gradle/plugin/use/resolve/internal/PluginResolver done
Event: 14.011 loading class org/gradle/plugin/use/internal/DefaultPluginRequestApplicator$Result
Event: 14.011 loading class org/gradle/plugin/use/internal/DefaultPluginRequestApplicator$Result done
Event: 14.012 loading class org/gradle/plugin/management/internal/PluginRequestInternal
Event: 14.012 loading class org/gradle/plugin/management/internal/PluginRequestInternal done
Event: 14.012 loading class org/gradle/plugin/use/internal/DefaultPluginRequestApplicator
Event: 14.012 loading class org/gradle/plugin/use/internal/DefaultPluginRequestApplicator done
Event: 14.012 Executing VM operation: G1CollectForAllocation


Dynamic libraries:
0x00007ff63ed00000 - 0x00007ff63ed0a000 	C:\Program Files\Android\Android Studio\jre\bin\java.exe
0x00007ffccb460000 - 0x00007ffccb669000 	C:\Windows\SYSTEM32\ntdll.dll
0x00007ffcca060000 - 0x00007ffcca11e000 	C:\Windows\System32\KERNEL32.DLL
0x00007ffcc8930000 - 0x00007ffcc8cab000 	C:\Windows\System32\KERNELBASE.dll
0x00007ffcc8da0000 - 0x00007ffcc8eb1000 	C:\Windows\System32\ucrtbase.dll
0x00007ffcaffb0000 - 0x00007ffcaffc9000 	C:\Program Files\Android\Android Studio\jre\bin\jli.dll
0x00007ffcca4c0000 - 0x00007ffcca66d000 	C:\Windows\System32\USER32.dll
0x00007ffcc8d70000 - 0x00007ffcc8d96000 	C:\Windows\System32\win32u.dll
0x00007ffcc9da0000 - 0x00007ffcc9dc9000 	C:\Windows\System32\GDI32.dll
0x00007ffcc8f40000 - 0x00007ffcc9058000 	C:\Windows\System32\gdi32full.dll
0x00007ffcc90d0000 - 0x00007ffcc916d000 	C:\Windows\System32\msvcp_win.dll
0x00007ffc67f90000 - 0x00007ffc67fa7000 	C:\Program Files\Android\Android Studio\jre\bin\VCRUNTIME140.dll
0x00007ffcb43c0000 - 0x00007ffcb4665000 	C:\Windows\WinSxS\amd64_microsoft.windows.common-controls_6595b64144ccf1df_6.0.22000.120_none_9d947278b86cc467\COMCTL32.dll
0x00007ffcc97b0000 - 0x00007ffcc9853000 	C:\Windows\System32\msvcrt.dll
0x00007ffccaff0000 - 0x00007ffccb022000 	C:\Windows\System32\IMM32.DLL
0x00007ffc678c0000 - 0x00007ffc6795d000 	C:\Program Files\Android\Android Studio\jre\bin\msvcp140.dll
0x00007ffc66040000 - 0x00007ffc66b42000 	C:\Program Files\Android\Android Studio\jre\bin\server\jvm.dll
0x00007ffccb030000 - 0x00007ffccb0de000 	C:\Windows\System32\ADVAPI32.dll
0x00007ffccb0e0000 - 0x00007ffccb17e000 	C:\Windows\System32\sechost.dll
0x00007ffccb180000 - 0x00007ffccb2a0000 	C:\Windows\System32\RPCRT4.dll
0x00007ffcc9ef0000 - 0x00007ffcc9ef8000 	C:\Windows\System32\PSAPI.DLL
0x00007ffc786e0000 - 0x00007ffc786e9000 	C:\Windows\SYSTEM32\WSOCK32.dll
0x00007ffccb2d0000 - 0x00007ffccb33f000 	C:\Windows\System32\WS2_32.dll
0x00007ffcc0780000 - 0x00007ffcc078a000 	C:\Windows\SYSTEM32\VERSION.dll
0x00007ffcbe1d0000 - 0x00007ffcbe203000 	C:\Windows\SYSTEM32\WINMM.dll
0x00007ffcc7970000 - 0x00007ffcc7988000 	C:\Windows\SYSTEM32\kernel.appcore.dll
0x00007ffc786c0000 - 0x00007ffc786d1000 	C:\Program Files\Android\Android Studio\jre\bin\verify.dll
0x00007ffcc2c90000 - 0x00007ffcc2eb1000 	C:\Windows\SYSTEM32\DBGHELP.DLL
0x00007ffcbfb70000 - 0x00007ffcbfba1000 	C:\Windows\SYSTEM32\dbgcore.DLL
0x00007ffcc8ec0000 - 0x00007ffcc8f3f000 	C:\Windows\System32\bcryptPrimitives.dll
0x00007ffc73c40000 - 0x00007ffc73c69000 	C:\Program Files\Android\Android Studio\jre\bin\java.dll
0x00007ffc6a160000 - 0x00007ffc6a16b000 	C:\Program Files\Android\Android Studio\jre\bin\jimage.dll
0x00007ffc69f60000 - 0x00007ffc69f78000 	C:\Program Files\Android\Android Studio\jre\bin\zip.dll
0x00007ffcca830000 - 0x00007ffccafe7000 	C:\Windows\System32\SHELL32.dll
0x00007ffcc69e0000 - 0x00007ffcc7245000 	C:\Windows\SYSTEM32\windows.storage.dll
0x00007ffcc92e0000 - 0x00007ffcc9658000 	C:\Windows\System32\combase.dll
0x00007ffcc6870000 - 0x00007ffcc69d6000 	C:\Windows\SYSTEM32\wintypes.dll
0x00007ffcc9f70000 - 0x00007ffcca05a000 	C:\Windows\System32\SHCORE.dll
0x00007ffcc9d40000 - 0x00007ffcc9d9d000 	C:\Windows\System32\shlwapi.dll
0x00007ffcc8860000 - 0x00007ffcc8881000 	C:\Windows\SYSTEM32\profapi.dll
0x00007ffc69d70000 - 0x00007ffc69d8a000 	C:\Program Files\Android\Android Studio\jre\bin\net.dll
0x00007ffcc3e30000 - 0x00007ffcc3f44000 	C:\Windows\SYSTEM32\WINHTTP.dll
0x00007ffcc7e00000 - 0x00007ffcc7e67000 	C:\Windows\system32\mswsock.dll
0x00007ffc65df0000 - 0x00007ffc65e04000 	C:\Program Files\Android\Android Studio\jre\bin\nio.dll
0x00007ffc67fb0000 - 0x00007ffc67fd7000 	C:\Users\drzam\.gradle\native\e1d6ef7f7dcc3fd88c89a11ec53ec762bb8ba0a96d01ffa2cd45eb1d1d8dd5c5\windows-amd64\native-platform.dll
0x00007ffc67610000 - 0x00007ffc67754000 	C:\Users\drzam\.gradle\native\0d407fdbe67a94daf76414ababcb853783967236a71b16ec16e742cd7a986fd3\windows-amd64\native-platform-file-events.dll
0x00007ffc6a150000 - 0x00007ffc6a15a000 	C:\Program Files\Android\Android Studio\jre\bin\management.dll
0x00007ffc69f50000 - 0x00007ffc69f5d000 	C:\Program Files\Android\Android Studio\jre\bin\management_ext.dll
0x00007ffcc81d0000 - 0x00007ffcc81e8000 	C:\Windows\SYSTEM32\CRYPTSP.dll
0x00007ffcc78d0000 - 0x00007ffcc7905000 	C:\Windows\system32\rsaenh.dll
0x00007ffcc7ea0000 - 0x00007ffcc7ec9000 	C:\Windows\SYSTEM32\USERENV.dll
0x00007ffcc8310000 - 0x00007ffcc8337000 	C:\Windows\SYSTEM32\bcrypt.dll
0x00007ffcc7ff0000 - 0x00007ffcc7ffc000 	C:\Windows\SYSTEM32\CRYPTBASE.dll
0x00007ffcc74a0000 - 0x00007ffcc74cd000 	C:\Windows\SYSTEM32\IPHLPAPI.DLL
0x00007ffcca4b0000 - 0x00007ffcca4b9000 	C:\Windows\System32\NSI.dll
0x00007ffcc3fb0000 - 0x00007ffcc3fc9000 	C:\Windows\SYSTEM32\dhcpcsvc6.DLL
0x00007ffcc4900000 - 0x00007ffcc491e000 	C:\Windows\SYSTEM32\dhcpcsvc.DLL
0x00007ffcc74d0000 - 0x00007ffcc75b8000 	C:\Windows\SYSTEM32\DNSAPI.dll

dbghelp: loaded successfully - version: 4.0.5 - missing functions: none
symbol engine: initialized successfully - sym options: 0x614 - pdb path: .;C:\Program Files\Android\Android Studio\jre\bin;C:\Windows\SYSTEM32;C:\Windows\WinSxS\amd64_microsoft.windows.common-controls_6595b64144ccf1df_6.0.22000.120_none_9d947278b86cc467;C:\Program Files\Android\Android Studio\jre\bin\server;C:\Users\drzam\.gradle\native\e1d6ef7f7dcc3fd88c89a11ec53ec762bb8ba0a96d01ffa2cd45eb1d1d8dd5c5\windows-amd64;C:\Users\drzam\.gradle\native\0d407fdbe67a94daf76414ababcb853783967236a71b16ec16e742cd7a986fd3\windows-amd64

VM Arguments:
jvm_args: --add-opens=java.base/java.util=ALL-UNNAMED --add-opens=java.base/java.lang=ALL-UNNAMED --add-opens=java.base/java.lang.invoke=ALL-UNNAMED --add-opens=java.base/java.util=ALL-UNNAMED --add-opens=java.prefs/java.util.prefs=ALL-UNNAMED --add-opens=java.prefs/java.util.prefs=ALL-UNNAMED --add-opens=java.base/java.nio.charset=ALL-UNNAMED --add-opens=java.base/java.net=ALL-UNNAMED --add-opens=java.base/java.util.concurrent.atomic=ALL-UNNAMED -Xmx2048m -Dfile.encoding=UTF-8 -Duser.country=PL -Duser.language=pl -Duser.variant 
java_command: org.gradle.launcher.daemon.bootstrap.GradleDaemon 7.4
java_class_path (initial): C:\Users\drzam\.gradle\wrapper\dists\gradle-7.4-bin\c0gwcg53nkjbqw7r0h0umtfvt\gradle-7.4\lib\gradle-launcher-7.4.jar
Launcher Type: SUN_STANDARD

[Global flags]
     intx CICompilerCount                          = 4                                         {product} {ergonomic}
     uint ConcGCThreads                            = 2                                         {product} {ergonomic}
     uint G1ConcRefinementThreads                  = 8                                         {product} {ergonomic}
   size_t G1HeapRegionSize                         = 1048576                                   {product} {ergonomic}
    uintx GCDrainStackTargetSize                   = 64                                        {product} {ergonomic}
   size_t InitialHeapSize                          = 264241152                                 {product} {ergonomic}
   size_t MarkStackSize                            = 4194304                                   {product} {ergonomic}
   size_t MaxHeapSize                              = 2147483648                                {product} {command line}
   size_t MaxNewSize                               = 1287651328                                {product} {ergonomic}
   size_t MinHeapDeltaBytes                        = 1048576                                   {product} {ergonomic}
    uintx NonNMethodCodeHeapSize                   = 5836300                                {pd product} {ergonomic}
    uintx NonProfiledCodeHeapSize                  = 122910970                              {pd product} {ergonomic}
    uintx ProfiledCodeHeapSize                     = 122910970                              {pd product} {ergonomic}
    uintx ReservedCodeCacheSize                    = 251658240                              {pd product} {ergonomic}
     bool SegmentedCodeCache                       = true                                      {product} {ergonomic}
     bool UseCompressedClassPointers               = true                                 {lp64_product} {ergonomic}
     bool UseCompressedOops                        = true                                 {lp64_product} {ergonomic}
     bool UseG1GC                                  = true                                      {product} {ergonomic}
     bool UseLargePagesIndividualAllocation        = false                                  {pd product} {ergonomic}

Logging:
Log output configuration:
 #0: stdout all=warning uptime,level,tags
 #1: stderr all=off uptime,level,tags

Environment Variables:
PATH=C:\Program Files (x86)\VMware\VMware Player\bin\;C:\ProgramData\Oracle\Java\javapath;C:\Program Files\Common Files\Oracle\Java\javapath;C:\Windows\system32;C:\Windows;C:\Windows\System32\Wbem;C:\Windows\System32\WindowsPowerShell\v1.0\;C:\Windows\System32\OpenSSH\;D:\Programy\Inkscape\bin;C:\Program Files\dotnet\;D:\Programy\xampp1\php;C:\ProgramData\ComposerSetup\bin;C:\Program Files\nodejs\;C:\Program Files (x86)\Microsoft SQL Server\150\DTS\Binn\;C:\Program Files\Azure Data Studio\bin;C:\Users\drzam\AppData\Local\Microsoft\WindowsApps;D:\Programy\Microsoft VS Code\bin;D:\Programy\Git\bin\git.exe;D:\Programy\Git\cmd;C:\Users\drzam\AppData\Roaming\Composer\vendor\bin;C:\Users\drzam\AppData\Roaming\npm;D:\Programy\xampp\php;C:\adb;C:\Users\drzam\AppData\Local\Microsoft\WindowsApps;D:\Programy\Microsoft VS Code\bin;D:\Programy\Git\bin\git.exe;D:\Programy\Git\cmd;C:\Users\drzam\AppData\Roaming\Composer\vendor\bin;C:\Users\drzam\AppData\Roaming\npm;C:\Program Files\Azure Data Studio\bin;D:\Programy\xampp\php;
USERNAME=drzam
OS=Windows_NT
PROCESSOR_IDENTIFIER=Intel64 Family 6 Model 60 Stepping 3, GenuineIntel



---------------  S Y S T E M  ---------------

OS: Windows 11 , 64 bit Build 22000 (10.0.22000.1335)
OS uptime: 0 days 0:02 hours
Hyper-V role detected

CPU:total 8 (initial active 8) (4 cores per cpu, 2 threads per core) family 6 model 60 stepping 3 microcode 0x28, cmov, cx8, fxsr, mmx, sse, sse2, sse3, ssse3, sse4.1, sse4.2, popcnt, avx, avx2, aes, clmul, erms, lzcnt, ht, tsc, tscinvbit, bmi1, bmi2, fma

Memory: 4k page, system-wide physical 16053M (6763M free)
TotalPageFile size 24245M (AvailPageFile size 11879M)
current process WorkingSet (physical memory assigned to process): 340M, peak: 341M
current process commit charge ("private bytes"): 474M, peak: 474M

vm_info: OpenJDK 64-Bit Server VM (11.0.13+0-b1751.21-8125866) for windows-amd64 JRE (11.0.13+0-b1751.21-8125866), built on Feb  2 2022 03:00:22 by "builder" with MS VC++ 14.0 (VS2015)

END.
